{"D:\\Pivot\\Projet-file-rouge\\src\\controllers\\AuthController.js": {"path":"D:\\Pivot\\Projet-file-rouge\\src\\controllers\\AuthController.js","statementMap":{"0":{"start":{"line":5,"column":15},"end":{"line":5,"column":34}},"1":{"start":{"line":6,"column":12},"end":{"line":6,"column":35}},"2":{"start":{"line":7,"column":29},"end":{"line":7,"column":57}},"3":{"start":{"line":8,"column":13},"end":{"line":8,"column":38}},"4":{"start":{"line":9,"column":35},"end":{"line":9,"column":66}},"5":{"start":{"line":11,"column":22},"end":{"line":11,"column":24}},"6":{"start":{"line":17,"column":8},"end":{"line":55,"column":9}},"7":{"start":{"line":19,"column":27},"end":{"line":19,"column":48}},"8":{"start":{"line":20,"column":12},"end":{"line":23,"column":13}},"9":{"start":{"line":22,"column":16},"end":{"line":22,"column":64}},"10":{"start":{"line":25,"column":50},"end":{"line":25,"column":58}},"11":{"start":{"line":28,"column":33},"end":{"line":28,"column":62}},"12":{"start":{"line":29,"column":12},"end":{"line":31,"column":13}},"13":{"start":{"line":30,"column":16},"end":{"line":30,"column":67}},"14":{"start":{"line":34,"column":34},"end":{"line":34,"column":76}},"15":{"start":{"line":37,"column":28},"end":{"line":37,"column":81}},"16":{"start":{"line":40,"column":26},"end":{"line":48,"column":13}},"17":{"start":{"line":51,"column":12},"end":{"line":51,"column":86}},"18":{"start":{"line":54,"column":12},"end":{"line":54,"column":24}},"19":{"start":{"line":60,"column":8},"end":{"line":101,"column":9}},"20":{"start":{"line":62,"column":27},"end":{"line":62,"column":48}},"21":{"start":{"line":63,"column":12},"end":{"line":65,"column":13}},"22":{"start":{"line":64,"column":16},"end":{"line":64,"column":64}},"23":{"start":{"line":67,"column":40},"end":{"line":67,"column":48}},"24":{"start":{"line":70,"column":25},"end":{"line":70,"column":66}},"25":{"start":{"line":73,"column":12},"end":{"line":75,"column":13}},"26":{"start":{"line":74,"column":16},"end":{"line":74,"column":72}},"27":{"start":{"line":78,"column":34},"end":{"line":78,"column":84}},"28":{"start":{"line":79,"column":12},"end":{"line":81,"column":13}},"29":{"start":{"line":80,"column":16},"end":{"line":80,"column":72}},"30":{"start":{"line":84,"column":26},"end":{"line":92,"column":13}},"31":{"start":{"line":95,"column":51},"end":{"line":95,"column":55}},"32":{"start":{"line":97,"column":12},"end":{"line":97,"column":83}},"33":{"start":{"line":100,"column":12},"end":{"line":100,"column":24}},"34":{"start":{"line":106,"column":8},"end":{"line":120,"column":9}},"35":{"start":{"line":108,"column":25},"end":{"line":108,"column":57}},"36":{"start":{"line":111,"column":12},"end":{"line":113,"column":13}},"37":{"start":{"line":112,"column":16},"end":{"line":112,"column":61}},"38":{"start":{"line":116,"column":12},"end":{"line":116,"column":46}},"39":{"start":{"line":119,"column":12},"end":{"line":119,"column":24}},"40":{"start":{"line":124,"column":0},"end":{"line":124,"column":32}}},"fnMap":{"0":{"name":"(anonymous_0)","decl":{"start":{"line":16,"column":4},"end":{"line":16,"column":5}},"loc":{"start":{"line":16,"column":42},"end":{"line":56,"column":5}},"line":16},"1":{"name":"(anonymous_1)","decl":{"start":{"line":59,"column":4},"end":{"line":59,"column":5}},"loc":{"start":{"line":59,"column":39},"end":{"line":102,"column":5}},"line":59},"2":{"name":"(anonymous_2)","decl":{"start":{"line":105,"column":4},"end":{"line":105,"column":5}},"loc":{"start":{"line":105,"column":39},"end":{"line":121,"column":5}},"line":105}},"branchMap":{"0":{"loc":{"start":{"line":20,"column":12},"end":{"line":23,"column":13}},"type":"if","locations":[{"start":{"line":20,"column":12},"end":{"line":23,"column":13}},{"start":{},"end":{}}],"line":20},"1":{"loc":{"start":{"line":29,"column":12},"end":{"line":31,"column":13}},"type":"if","locations":[{"start":{"line":29,"column":12},"end":{"line":31,"column":13}},{"start":{},"end":{}}],"line":29},"2":{"loc":{"start":{"line":63,"column":12},"end":{"line":65,"column":13}},"type":"if","locations":[{"start":{"line":63,"column":12},"end":{"line":65,"column":13}},{"start":{},"end":{}}],"line":63},"3":{"loc":{"start":{"line":73,"column":12},"end":{"line":75,"column":13}},"type":"if","locations":[{"start":{"line":73,"column":12},"end":{"line":75,"column":13}},{"start":{},"end":{}}],"line":73},"4":{"loc":{"start":{"line":79,"column":12},"end":{"line":81,"column":13}},"type":"if","locations":[{"start":{"line":79,"column":12},"end":{"line":81,"column":13}},{"start":{},"end":{}}],"line":79},"5":{"loc":{"start":{"line":111,"column":12},"end":{"line":113,"column":13}},"type":"if","locations":[{"start":{"line":111,"column":12},"end":{"line":113,"column":13}},{"start":{},"end":{}}],"line":111}},"s":{"0":1,"1":1,"2":1,"3":1,"4":1,"5":1,"6":11,"7":11,"8":11,"9":3,"10":8,"11":8,"12":8,"13":1,"14":7,"15":7,"16":7,"17":7,"18":0,"19":4,"20":4,"21":4,"22":1,"23":3,"24":3,"25":3,"26":1,"27":2,"28":2,"29":1,"30":1,"31":1,"32":1,"33":0,"34":0,"35":0,"36":0,"37":0,"38":0,"39":0,"40":1},"f":{"0":11,"1":4,"2":0},"b":{"0":[3,8],"1":[1,7],"2":[1,3],"3":[1,2],"4":[1,1],"5":[0,0]},"inputSourceMap":null,"_coverageSchema":"1a1c01bbd47fc00a2c39e90264f33305004495a9","hash":"b5c233c2e643ef5b87cbbbe73154114cdc65820c"}
,"D:\\Pivot\\Projet-file-rouge\\src\\controllers\\AuthController1.js": {"path":"D:\\Pivot\\Projet-file-rouge\\src\\controllers\\AuthController1.js","statementMap":{"0":{"start":{"line":13,"column":15},"end":{"line":13,"column":34}},"1":{"start":{"line":14,"column":12},"end":{"line":14,"column":35}},"2":{"start":{"line":15,"column":29},"end":{"line":15,"column":57}},"3":{"start":{"line":16,"column":13},"end":{"line":16,"column":38}},"4":{"start":{"line":21,"column":22},"end":{"line":21,"column":24}},"5":{"start":{"line":27,"column":8},"end":{"line":87,"column":9}},"6":{"start":{"line":30,"column":27},"end":{"line":30,"column":48}},"7":{"start":{"line":31,"column":12},"end":{"line":40,"column":13}},"8":{"start":{"line":32,"column":16},"end":{"line":39,"column":19}},"9":{"start":{"line":42,"column":50},"end":{"line":42,"column":58}},"10":{"start":{"line":46,"column":33},"end":{"line":46,"column":62}},"11":{"start":{"line":47,"column":12},"end":{"line":55,"column":13}},"12":{"start":{"line":48,"column":16},"end":{"line":54,"column":19}},"13":{"start":{"line":59,"column":34},"end":{"line":59,"column":76}},"14":{"start":{"line":62,"column":28},"end":{"line":62,"column":81}},"15":{"start":{"line":66,"column":26},"end":{"line":74,"column":13}},"16":{"start":{"line":76,"column":12},"end":{"line":82,"column":15}},"17":{"start":{"line":86,"column":12},"end":{"line":86,"column":24}},"18":{"start":{"line":92,"column":8},"end":{"line":162,"column":9}},"19":{"start":{"line":93,"column":27},"end":{"line":93,"column":48}},"20":{"start":{"line":94,"column":12},"end":{"line":103,"column":13}},"21":{"start":{"line":95,"column":16},"end":{"line":102,"column":19}},"22":{"start":{"line":105,"column":40},"end":{"line":105,"column":48}},"23":{"start":{"line":108,"column":25},"end":{"line":108,"column":66}},"24":{"start":{"line":114,"column":12},"end":{"line":122,"column":13}},"25":{"start":{"line":115,"column":16},"end":{"line":121,"column":19}},"26":{"start":{"line":126,"column":34},"end":{"line":126,"column":84}},"27":{"start":{"line":127,"column":12},"end":{"line":135,"column":13}},"28":{"start":{"line":128,"column":16},"end":{"line":134,"column":19}},"29":{"start":{"line":138,"column":26},"end":{"line":146,"column":13}},"30":{"start":{"line":150,"column":51},"end":{"line":150,"column":55}},"31":{"start":{"line":152,"column":12},"end":{"line":158,"column":15}},"32":{"start":{"line":161,"column":12},"end":{"line":161,"column":24}},"33":{"start":{"line":169,"column":8},"end":{"line":186,"column":9}},"34":{"start":{"line":171,"column":25},"end":{"line":171,"column":57}},"35":{"start":{"line":172,"column":12},"end":{"line":177,"column":13}},"36":{"start":{"line":173,"column":16},"end":{"line":176,"column":19}},"37":{"start":{"line":179,"column":12},"end":{"line":182,"column":15}},"38":{"start":{"line":185,"column":12},"end":{"line":185,"column":24}},"39":{"start":{"line":190,"column":0},"end":{"line":190,"column":32}}},"fnMap":{"0":{"name":"(anonymous_0)","decl":{"start":{"line":26,"column":4},"end":{"line":26,"column":5}},"loc":{"start":{"line":26,"column":42},"end":{"line":88,"column":5}},"line":26},"1":{"name":"(anonymous_1)","decl":{"start":{"line":91,"column":4},"end":{"line":91,"column":5}},"loc":{"start":{"line":91,"column":39},"end":{"line":163,"column":5}},"line":91},"2":{"name":"(anonymous_2)","decl":{"start":{"line":168,"column":4},"end":{"line":168,"column":5}},"loc":{"start":{"line":168,"column":39},"end":{"line":187,"column":5}},"line":168}},"branchMap":{"0":{"loc":{"start":{"line":31,"column":12},"end":{"line":40,"column":13}},"type":"if","locations":[{"start":{"line":31,"column":12},"end":{"line":40,"column":13}},{"start":{},"end":{}}],"line":31},"1":{"loc":{"start":{"line":47,"column":12},"end":{"line":55,"column":13}},"type":"if","locations":[{"start":{"line":47,"column":12},"end":{"line":55,"column":13}},{"start":{},"end":{}}],"line":47},"2":{"loc":{"start":{"line":94,"column":12},"end":{"line":103,"column":13}},"type":"if","locations":[{"start":{"line":94,"column":12},"end":{"line":103,"column":13}},{"start":{},"end":{}}],"line":94},"3":{"loc":{"start":{"line":114,"column":12},"end":{"line":122,"column":13}},"type":"if","locations":[{"start":{"line":114,"column":12},"end":{"line":122,"column":13}},{"start":{},"end":{}}],"line":114},"4":{"loc":{"start":{"line":127,"column":12},"end":{"line":135,"column":13}},"type":"if","locations":[{"start":{"line":127,"column":12},"end":{"line":135,"column":13}},{"start":{},"end":{}}],"line":127},"5":{"loc":{"start":{"line":172,"column":12},"end":{"line":177,"column":13}},"type":"if","locations":[{"start":{"line":172,"column":12},"end":{"line":177,"column":13}},{"start":{},"end":{}}],"line":172}},"s":{"0":0,"1":0,"2":0,"3":0,"4":0,"5":0,"6":0,"7":0,"8":0,"9":0,"10":0,"11":0,"12":0,"13":0,"14":0,"15":0,"16":0,"17":0,"18":0,"19":0,"20":0,"21":0,"22":0,"23":0,"24":0,"25":0,"26":0,"27":0,"28":0,"29":0,"30":0,"31":0,"32":0,"33":0,"34":0,"35":0,"36":0,"37":0,"38":0,"39":0},"f":{"0":0,"1":0,"2":0},"b":{"0":[0,0],"1":[0,0],"2":[0,0],"3":[0,0],"4":[0,0],"5":[0,0]},"inputSourceMap":null}
,"D:\\Pivot\\Projet-file-rouge\\src\\controllers\\CommentController.js": {"path":"D:\\Pivot\\Projet-file-rouge\\src\\controllers\\CommentController.js","statementMap":{"0":{"start":{"line":13,"column":16},"end":{"line":13,"column":44}},"1":{"start":{"line":14,"column":15},"end":{"line":14,"column":42}},"2":{"start":{"line":15,"column":35},"end":{"line":15,"column":66}},"3":{"start":{"line":19,"column":4},"end":{"line":33,"column":5}},"4":{"start":{"line":20,"column":25},"end":{"line":20,"column":52}},"5":{"start":{"line":22,"column":23},"end":{"line":22,"column":54}},"6":{"start":{"line":23,"column":8},"end":{"line":25,"column":9}},"7":{"start":{"line":24,"column":12},"end":{"line":24,"column":60}},"8":{"start":{"line":27,"column":25},"end":{"line":27,"column":63}},"9":{"start":{"line":29,"column":8},"end":{"line":29,"column":42}},"10":{"start":{"line":32,"column":8},"end":{"line":32,"column":18}},"11":{"start":{"line":38,"column":4},"end":{"line":62,"column":5}},"12":{"start":{"line":39,"column":25},"end":{"line":39,"column":52}},"13":{"start":{"line":41,"column":23},"end":{"line":41,"column":54}},"14":{"start":{"line":42,"column":8},"end":{"line":44,"column":9}},"15":{"start":{"line":43,"column":12},"end":{"line":43,"column":60}},"16":{"start":{"line":47,"column":23},"end":{"line":47,"column":43}},"17":{"start":{"line":48,"column":26},"end":{"line":48,"column":61}},"18":{"start":{"line":51,"column":24},"end":{"line":56,"column":10}},"19":{"start":{"line":58,"column":8},"end":{"line":58,"column":65}},"20":{"start":{"line":61,"column":8},"end":{"line":61,"column":18}},"21":{"start":{"line":67,"column":4},"end":{"line":93,"column":5}},"22":{"start":{"line":68,"column":26},"end":{"line":68,"column":47}},"23":{"start":{"line":69,"column":25},"end":{"line":69,"column":52}},"24":{"start":{"line":72,"column":25},"end":{"line":72,"column":63}},"25":{"start":{"line":73,"column":24},"end":{"line":73,"column":62}},"26":{"start":{"line":73,"column":43},"end":{"line":73,"column":61}},"27":{"start":{"line":75,"column":8},"end":{"line":77,"column":9}},"28":{"start":{"line":76,"column":12},"end":{"line":76,"column":61}},"29":{"start":{"line":79,"column":24},"end":{"line":79,"column":49}},"30":{"start":{"line":80,"column":25},"end":{"line":80,"column":56}},"31":{"start":{"line":83,"column":8},"end":{"line":85,"column":9}},"32":{"start":{"line":84,"column":12},"end":{"line":84,"column":53}},"33":{"start":{"line":87,"column":8},"end":{"line":87,"column":40}},"34":{"start":{"line":89,"column":8},"end":{"line":89,"column":57}},"35":{"start":{"line":92,"column":8},"end":{"line":92,"column":18}},"36":{"start":{"line":96,"column":0},"end":{"line":96,"column":71}}},"fnMap":{"0":{"name":"getCommentsByRecipe","decl":{"start":{"line":18,"column":15},"end":{"line":18,"column":34}},"loc":{"start":{"line":18,"column":51},"end":{"line":34,"column":1}},"line":18},"1":{"name":"createComment","decl":{"start":{"line":37,"column":15},"end":{"line":37,"column":28}},"loc":{"start":{"line":37,"column":45},"end":{"line":63,"column":1}},"line":37},"2":{"name":"deleteComment","decl":{"start":{"line":66,"column":15},"end":{"line":66,"column":28}},"loc":{"start":{"line":66,"column":45},"end":{"line":94,"column":1}},"line":66},"3":{"name":"(anonymous_3)","decl":{"start":{"line":73,"column":38},"end":{"line":73,"column":39}},"loc":{"start":{"line":73,"column":43},"end":{"line":73,"column":61}},"line":73}},"branchMap":{"0":{"loc":{"start":{"line":23,"column":8},"end":{"line":25,"column":9}},"type":"if","locations":[{"start":{"line":23,"column":8},"end":{"line":25,"column":9}},{"start":{},"end":{}}],"line":23},"1":{"loc":{"start":{"line":23,"column":12},"end":{"line":23,"column":52}},"type":"binary-expr","locations":[{"start":{"line":23,"column":12},"end":{"line":23,"column":19}},{"start":{"line":23,"column":23},"end":{"line":23,"column":52}}],"line":23},"2":{"loc":{"start":{"line":42,"column":8},"end":{"line":44,"column":9}},"type":"if","locations":[{"start":{"line":42,"column":8},"end":{"line":44,"column":9}},{"start":{},"end":{}}],"line":42},"3":{"loc":{"start":{"line":42,"column":12},"end":{"line":42,"column":52}},"type":"binary-expr","locations":[{"start":{"line":42,"column":12},"end":{"line":42,"column":19}},{"start":{"line":42,"column":23},"end":{"line":42,"column":52}}],"line":42},"4":{"loc":{"start":{"line":47,"column":23},"end":{"line":47,"column":43}},"type":"binary-expr","locations":[{"start":{"line":47,"column":23},"end":{"line":47,"column":35}},{"start":{"line":47,"column":39},"end":{"line":47,"column":43}}],"line":47},"5":{"loc":{"start":{"line":48,"column":26},"end":{"line":48,"column":61}},"type":"cond-expr","locations":[{"start":{"line":48,"column":35},"end":{"line":48,"column":39}},{"start":{"line":48,"column":42},"end":{"line":48,"column":61}}],"line":48},"6":{"loc":{"start":{"line":75,"column":8},"end":{"line":77,"column":9}},"type":"if","locations":[{"start":{"line":75,"column":8},"end":{"line":77,"column":9}},{"start":{},"end":{}}],"line":75},"7":{"loc":{"start":{"line":83,"column":8},"end":{"line":85,"column":9}},"type":"if","locations":[{"start":{"line":83,"column":8},"end":{"line":85,"column":9}},{"start":{},"end":{}}],"line":83},"8":{"loc":{"start":{"line":83,"column":12},"end":{"line":83,"column":33}},"type":"binary-expr","locations":[{"start":{"line":83,"column":12},"end":{"line":83,"column":20}},{"start":{"line":83,"column":24},"end":{"line":83,"column":33}}],"line":83}},"s":{"0":1,"1":1,"2":1,"3":0,"4":0,"5":0,"6":0,"7":0,"8":0,"9":0,"10":0,"11":0,"12":0,"13":0,"14":0,"15":0,"16":0,"17":0,"18":0,"19":0,"20":0,"21":0,"22":0,"23":0,"24":0,"25":0,"26":0,"27":0,"28":0,"29":0,"30":0,"31":0,"32":0,"33":0,"34":0,"35":0,"36":1},"f":{"0":0,"1":0,"2":0,"3":0},"b":{"0":[0,0],"1":[0,0],"2":[0,0],"3":[0,0],"4":[0,0],"5":[0,0],"6":[0,0],"7":[0,0],"8":[0,0]},"inputSourceMap":null,"_coverageSchema":"1a1c01bbd47fc00a2c39e90264f33305004495a9","hash":"267edd1d6daa00e07f3f90769458c00a727bff16"}
,"D:\\Pivot\\Projet-file-rouge\\src\\controllers\\CommentController1.js": {"path":"D:\\Pivot\\Projet-file-rouge\\src\\controllers\\CommentController1.js","statementMap":{"0":{"start":{"line":12,"column":16},"end":{"line":12,"column":44}},"1":{"start":{"line":13,"column":15},"end":{"line":13,"column":42}},"2":{"start":{"line":19,"column":4},"end":{"line":32,"column":5}},"3":{"start":{"line":20,"column":25},"end":{"line":20,"column":52}},"4":{"start":{"line":22,"column":23},"end":{"line":22,"column":54}},"5":{"start":{"line":23,"column":8},"end":{"line":25,"column":9}},"6":{"start":{"line":24,"column":12},"end":{"line":24,"column":74}},"7":{"start":{"line":27,"column":25},"end":{"line":27,"column":63}},"8":{"start":{"line":28,"column":8},"end":{"line":28,"column":56}},"9":{"start":{"line":31,"column":8},"end":{"line":31,"column":18}},"10":{"start":{"line":39,"column":4},"end":{"line":64,"column":5}},"11":{"start":{"line":40,"column":25},"end":{"line":40,"column":52}},"12":{"start":{"line":42,"column":23},"end":{"line":42,"column":54}},"13":{"start":{"line":43,"column":8},"end":{"line":45,"column":9}},"14":{"start":{"line":44,"column":12},"end":{"line":44,"column":74}},"15":{"start":{"line":48,"column":23},"end":{"line":48,"column":43}},"16":{"start":{"line":49,"column":26},"end":{"line":49,"column":61}},"17":{"start":{"line":53,"column":24},"end":{"line":58,"column":10}},"18":{"start":{"line":60,"column":8},"end":{"line":60,"column":55}},"19":{"start":{"line":63,"column":8},"end":{"line":63,"column":18}},"20":{"start":{"line":71,"column":4},"end":{"line":99,"column":5}},"21":{"start":{"line":72,"column":26},"end":{"line":72,"column":47}},"22":{"start":{"line":73,"column":25},"end":{"line":73,"column":52}},"23":{"start":{"line":79,"column":25},"end":{"line":79,"column":63}},"24":{"start":{"line":80,"column":24},"end":{"line":80,"column":62}},"25":{"start":{"line":80,"column":43},"end":{"line":80,"column":61}},"26":{"start":{"line":82,"column":8},"end":{"line":84,"column":9}},"27":{"start":{"line":83,"column":12},"end":{"line":83,"column":75}},"28":{"start":{"line":86,"column":24},"end":{"line":86,"column":49}},"29":{"start":{"line":87,"column":25},"end":{"line":87,"column":56}},"30":{"start":{"line":90,"column":8},"end":{"line":92,"column":9}},"31":{"start":{"line":91,"column":12},"end":{"line":91,"column":67}},"32":{"start":{"line":94,"column":8},"end":{"line":94,"column":40}},"33":{"start":{"line":95,"column":8},"end":{"line":95,"column":38}},"34":{"start":{"line":98,"column":8},"end":{"line":98,"column":18}},"35":{"start":{"line":102,"column":0},"end":{"line":102,"column":71}}},"fnMap":{"0":{"name":"getCommentsByRecipe","decl":{"start":{"line":18,"column":15},"end":{"line":18,"column":34}},"loc":{"start":{"line":18,"column":51},"end":{"line":33,"column":1}},"line":18},"1":{"name":"createComment","decl":{"start":{"line":38,"column":15},"end":{"line":38,"column":28}},"loc":{"start":{"line":38,"column":45},"end":{"line":65,"column":1}},"line":38},"2":{"name":"deleteComment","decl":{"start":{"line":70,"column":15},"end":{"line":70,"column":28}},"loc":{"start":{"line":70,"column":45},"end":{"line":100,"column":1}},"line":70},"3":{"name":"(anonymous_3)","decl":{"start":{"line":80,"column":38},"end":{"line":80,"column":39}},"loc":{"start":{"line":80,"column":43},"end":{"line":80,"column":61}},"line":80}},"branchMap":{"0":{"loc":{"start":{"line":23,"column":8},"end":{"line":25,"column":9}},"type":"if","locations":[{"start":{"line":23,"column":8},"end":{"line":25,"column":9}},{"start":{},"end":{}}],"line":23},"1":{"loc":{"start":{"line":23,"column":12},"end":{"line":23,"column":52}},"type":"binary-expr","locations":[{"start":{"line":23,"column":12},"end":{"line":23,"column":19}},{"start":{"line":23,"column":23},"end":{"line":23,"column":52}}],"line":23},"2":{"loc":{"start":{"line":43,"column":8},"end":{"line":45,"column":9}},"type":"if","locations":[{"start":{"line":43,"column":8},"end":{"line":45,"column":9}},{"start":{},"end":{}}],"line":43},"3":{"loc":{"start":{"line":43,"column":12},"end":{"line":43,"column":52}},"type":"binary-expr","locations":[{"start":{"line":43,"column":12},"end":{"line":43,"column":19}},{"start":{"line":43,"column":23},"end":{"line":43,"column":52}}],"line":43},"4":{"loc":{"start":{"line":48,"column":23},"end":{"line":48,"column":43}},"type":"binary-expr","locations":[{"start":{"line":48,"column":23},"end":{"line":48,"column":35}},{"start":{"line":48,"column":39},"end":{"line":48,"column":43}}],"line":48},"5":{"loc":{"start":{"line":49,"column":26},"end":{"line":49,"column":61}},"type":"cond-expr","locations":[{"start":{"line":49,"column":35},"end":{"line":49,"column":39}},{"start":{"line":49,"column":42},"end":{"line":49,"column":61}}],"line":49},"6":{"loc":{"start":{"line":82,"column":8},"end":{"line":84,"column":9}},"type":"if","locations":[{"start":{"line":82,"column":8},"end":{"line":84,"column":9}},{"start":{},"end":{}}],"line":82},"7":{"loc":{"start":{"line":90,"column":8},"end":{"line":92,"column":9}},"type":"if","locations":[{"start":{"line":90,"column":8},"end":{"line":92,"column":9}},{"start":{},"end":{}}],"line":90},"8":{"loc":{"start":{"line":90,"column":12},"end":{"line":90,"column":33}},"type":"binary-expr","locations":[{"start":{"line":90,"column":12},"end":{"line":90,"column":20}},{"start":{"line":90,"column":24},"end":{"line":90,"column":33}}],"line":90}},"s":{"0":0,"1":0,"2":0,"3":0,"4":0,"5":0,"6":0,"7":0,"8":0,"9":0,"10":0,"11":0,"12":0,"13":0,"14":0,"15":0,"16":0,"17":0,"18":0,"19":0,"20":0,"21":0,"22":0,"23":0,"24":0,"25":0,"26":0,"27":0,"28":0,"29":0,"30":0,"31":0,"32":0,"33":0,"34":0,"35":0},"f":{"0":0,"1":0,"2":0,"3":0},"b":{"0":[0,0],"1":[0,0],"2":[0,0],"3":[0,0],"4":[0,0],"5":[0,0],"6":[0,0],"7":[0,0],"8":[0,0]},"inputSourceMap":null}
,"D:\\Pivot\\Projet-file-rouge\\src\\controllers\\RatingController.js": {"path":"D:\\Pivot\\Projet-file-rouge\\src\\controllers\\RatingController.js","statementMap":{"0":{"start":{"line":10,"column":15},"end":{"line":10,"column":42}},"1":{"start":{"line":11,"column":15},"end":{"line":11,"column":42}},"2":{"start":{"line":12,"column":35},"end":{"line":12,"column":66}},"3":{"start":{"line":16,"column":4},"end":{"line":53,"column":5}},"4":{"start":{"line":17,"column":25},"end":{"line":17,"column":52}},"5":{"start":{"line":18,"column":23},"end":{"line":18,"column":34}},"6":{"start":{"line":19,"column":22},"end":{"line":19,"column":44}},"7":{"start":{"line":21,"column":23},"end":{"line":21,"column":54}},"8":{"start":{"line":24,"column":8},"end":{"line":26,"column":9}},"9":{"start":{"line":25,"column":12},"end":{"line":25,"column":60}},"10":{"start":{"line":29,"column":8},"end":{"line":31,"column":9}},"11":{"start":{"line":30,"column":12},"end":{"line":30,"column":75}},"12":{"start":{"line":34,"column":23},"end":{"line":34,"column":69}},"13":{"start":{"line":36,"column":8},"end":{"line":45,"column":10}},"14":{"start":{"line":49,"column":8},"end":{"line":51,"column":9}},"15":{"start":{"line":50,"column":12},"end":{"line":50,"column":73}},"16":{"start":{"line":52,"column":8},"end":{"line":52,"column":18}},"17":{"start":{"line":56,"column":0},"end":{"line":56,"column":32}}},"fnMap":{"0":{"name":"rateRecipe","decl":{"start":{"line":15,"column":15},"end":{"line":15,"column":25}},"loc":{"start":{"line":15,"column":42},"end":{"line":54,"column":1}},"line":15}},"branchMap":{"0":{"loc":{"start":{"line":24,"column":8},"end":{"line":26,"column":9}},"type":"if","locations":[{"start":{"line":24,"column":8},"end":{"line":26,"column":9}},{"start":{},"end":{}}],"line":24},"1":{"loc":{"start":{"line":24,"column":12},"end":{"line":24,"column":52}},"type":"binary-expr","locations":[{"start":{"line":24,"column":12},"end":{"line":24,"column":19}},{"start":{"line":24,"column":23},"end":{"line":24,"column":52}}],"line":24},"2":{"loc":{"start":{"line":29,"column":8},"end":{"line":31,"column":9}},"type":"if","locations":[{"start":{"line":29,"column":8},"end":{"line":31,"column":9}},{"start":{},"end":{}}],"line":29},"3":{"loc":{"start":{"line":43,"column":12},"end":{"line":43,"column":62}},"type":"cond-expr","locations":[{"start":{"line":43,"column":27},"end":{"line":43,"column":43}},{"start":{"line":43,"column":46},"end":{"line":43,"column":62}}],"line":43},"4":{"loc":{"start":{"line":44,"column":12},"end":{"line":44,"column":36}},"type":"cond-expr","locations":[{"start":{"line":44,"column":27},"end":{"line":44,"column":30}},{"start":{"line":44,"column":33},"end":{"line":44,"column":36}}],"line":44},"5":{"loc":{"start":{"line":49,"column":8},"end":{"line":51,"column":9}},"type":"if","locations":[{"start":{"line":49,"column":8},"end":{"line":51,"column":9}},{"start":{},"end":{}}],"line":49}},"s":{"0":1,"1":1,"2":1,"3":0,"4":0,"5":0,"6":0,"7":0,"8":0,"9":0,"10":0,"11":0,"12":0,"13":0,"14":0,"15":0,"16":0,"17":1},"f":{"0":0},"b":{"0":[0,0],"1":[0,0],"2":[0,0],"3":[0,0],"4":[0,0],"5":[0,0]},"inputSourceMap":null,"_coverageSchema":"1a1c01bbd47fc00a2c39e90264f33305004495a9","hash":"c46ffa18e74fd224d284106880a7a11469524589"}
,"D:\\Pivot\\Projet-file-rouge\\src\\controllers\\RatingController1.js": {"path":"D:\\Pivot\\Projet-file-rouge\\src\\controllers\\RatingController1.js","statementMap":{"0":{"start":{"line":1,"column":0},"end":{"line":1,"column":7}},"1":{"start":{"line":7,"column":0},"end":{"line":7,"column":13}},"2":{"start":{"line":9,"column":15},"end":{"line":9,"column":42}},"3":{"start":{"line":10,"column":15},"end":{"line":10,"column":42}},"4":{"start":{"line":15,"column":4},"end":{"line":47,"column":5}},"5":{"start":{"line":16,"column":25},"end":{"line":16,"column":52}},"6":{"start":{"line":17,"column":23},"end":{"line":17,"column":34}},"7":{"start":{"line":18,"column":22},"end":{"line":18,"column":44}},"8":{"start":{"line":20,"column":23},"end":{"line":20,"column":54}},"9":{"start":{"line":21,"column":8},"end":{"line":23,"column":9}},"10":{"start":{"line":22,"column":12},"end":{"line":22,"column":74}},"11":{"start":{"line":26,"column":8},"end":{"line":28,"column":9}},"12":{"start":{"line":27,"column":12},"end":{"line":27,"column":89}},"13":{"start":{"line":30,"column":23},"end":{"line":30,"column":69}},"14":{"start":{"line":32,"column":8},"end":{"line":36,"column":11}},"15":{"start":{"line":43,"column":8},"end":{"line":45,"column":9}},"16":{"start":{"line":44,"column":12},"end":{"line":44,"column":87}},"17":{"start":{"line":46,"column":8},"end":{"line":46,"column":18}},"18":{"start":{"line":50,"column":0},"end":{"line":50,"column":32}}},"fnMap":{"0":{"name":"rateRecipe","decl":{"start":{"line":14,"column":15},"end":{"line":14,"column":25}},"loc":{"start":{"line":14,"column":42},"end":{"line":48,"column":1}},"line":14}},"branchMap":{"0":{"loc":{"start":{"line":21,"column":8},"end":{"line":23,"column":9}},"type":"if","locations":[{"start":{"line":21,"column":8},"end":{"line":23,"column":9}},{"start":{},"end":{}}],"line":21},"1":{"loc":{"start":{"line":21,"column":12},"end":{"line":21,"column":52}},"type":"binary-expr","locations":[{"start":{"line":21,"column":12},"end":{"line":21,"column":19}},{"start":{"line":21,"column":23},"end":{"line":21,"column":52}}],"line":21},"2":{"loc":{"start":{"line":26,"column":8},"end":{"line":28,"column":9}},"type":"if","locations":[{"start":{"line":26,"column":8},"end":{"line":28,"column":9}},{"start":{},"end":{}}],"line":26},"3":{"loc":{"start":{"line":32,"column":26},"end":{"line":32,"column":50}},"type":"cond-expr","locations":[{"start":{"line":32,"column":41},"end":{"line":32,"column":44}},{"start":{"line":32,"column":47},"end":{"line":32,"column":50}}],"line":32},"4":{"loc":{"start":{"line":43,"column":8},"end":{"line":45,"column":9}},"type":"if","locations":[{"start":{"line":43,"column":8},"end":{"line":45,"column":9}},{"start":{},"end":{}}],"line":43}},"s":{"0":0,"1":0,"2":0,"3":0,"4":0,"5":0,"6":0,"7":0,"8":0,"9":0,"10":0,"11":0,"12":0,"13":0,"14":0,"15":0,"16":0,"17":0,"18":0},"f":{"0":0},"b":{"0":[0,0],"1":[0,0],"2":[0,0],"3":[0,0],"4":[0,0]},"inputSourceMap":null}
,"D:\\Pivot\\Projet-file-rouge\\src\\controllers\\RecipeController.js": {"path":"D:\\Pivot\\Projet-file-rouge\\src\\controllers\\RecipeController.js","statementMap":{"0":{"start":{"line":14,"column":15},"end":{"line":14,"column":42}},"1":{"start":{"line":15,"column":35},"end":{"line":15,"column":66}},"2":{"start":{"line":19,"column":4},"end":{"line":42,"column":5}},"3":{"start":{"line":20,"column":24},"end":{"line":20,"column":50}},"4":{"start":{"line":23,"column":24},"end":{"line":29,"column":9}},"5":{"start":{"line":32,"column":29},"end":{"line":34,"column":9}},"6":{"start":{"line":33,"column":54},"end":{"line":33,"column":64}},"7":{"start":{"line":36,"column":24},"end":{"line":36,"column":69}},"8":{"start":{"line":38,"column":8},"end":{"line":38,"column":41}},"9":{"start":{"line":41,"column":8},"end":{"line":41,"column":18}},"10":{"start":{"line":47,"column":4},"end":{"line":58,"column":5}},"11":{"start":{"line":48,"column":23},"end":{"line":48,"column":48}},"12":{"start":{"line":50,"column":8},"end":{"line":52,"column":9}},"13":{"start":{"line":51,"column":12},"end":{"line":51,"column":69}},"14":{"start":{"line":54,"column":8},"end":{"line":54,"column":40}},"15":{"start":{"line":57,"column":8},"end":{"line":57,"column":18}},"16":{"start":{"line":63,"column":4},"end":{"line":81,"column":5}},"17":{"start":{"line":64,"column":23},"end":{"line":64,"column":59}},"18":{"start":{"line":66,"column":8},"end":{"line":68,"column":9}},"19":{"start":{"line":67,"column":12},"end":{"line":67,"column":60}},"20":{"start":{"line":70,"column":24},"end":{"line":70,"column":50}},"21":{"start":{"line":73,"column":8},"end":{"line":75,"column":9}},"22":{"start":{"line":74,"column":12},"end":{"line":74,"column":60}},"23":{"start":{"line":77,"column":8},"end":{"line":77,"column":40}},"24":{"start":{"line":80,"column":8},"end":{"line":80,"column":18}},"25":{"start":{"line":86,"column":4},"end":{"line":113,"column":5}},"26":{"start":{"line":95,"column":12},"end":{"line":95,"column":20}},"27":{"start":{"line":98,"column":23},"end":{"line":107,"column":10}},"28":{"start":{"line":109,"column":8},"end":{"line":109,"column":77}},"29":{"start":{"line":112,"column":8},"end":{"line":112,"column":18}},"30":{"start":{"line":118,"column":4},"end":{"line":157,"column":5}},"31":{"start":{"line":119,"column":23},"end":{"line":119,"column":59}},"32":{"start":{"line":121,"column":8},"end":{"line":123,"column":9}},"33":{"start":{"line":122,"column":12},"end":{"line":122,"column":60}},"34":{"start":{"line":125,"column":24},"end":{"line":125,"column":49}},"35":{"start":{"line":126,"column":25},"end":{"line":126,"column":55}},"36":{"start":{"line":129,"column":8},"end":{"line":131,"column":9}},"37":{"start":{"line":130,"column":12},"end":{"line":130,"column":53}},"38":{"start":{"line":141,"column":12},"end":{"line":141,"column":20}},"39":{"start":{"line":143,"column":24},"end":{"line":151,"column":10}},"40":{"start":{"line":153,"column":8},"end":{"line":153,"column":41}},"41":{"start":{"line":156,"column":8},"end":{"line":156,"column":18}},"42":{"start":{"line":162,"column":4},"end":{"line":183,"column":5}},"43":{"start":{"line":163,"column":23},"end":{"line":163,"column":59}},"44":{"start":{"line":165,"column":8},"end":{"line":167,"column":9}},"45":{"start":{"line":166,"column":12},"end":{"line":166,"column":60}},"46":{"start":{"line":169,"column":24},"end":{"line":169,"column":49}},"47":{"start":{"line":170,"column":25},"end":{"line":170,"column":55}},"48":{"start":{"line":173,"column":8},"end":{"line":175,"column":9}},"49":{"start":{"line":174,"column":12},"end":{"line":174,"column":53}},"50":{"start":{"line":177,"column":8},"end":{"line":177,"column":43}},"51":{"start":{"line":179,"column":8},"end":{"line":179,"column":62}},"52":{"start":{"line":182,"column":8},"end":{"line":182,"column":18}},"53":{"start":{"line":186,"column":0},"end":{"line":193,"column":2}}},"fnMap":{"0":{"name":"getAllRecipes","decl":{"start":{"line":18,"column":15},"end":{"line":18,"column":28}},"loc":{"start":{"line":18,"column":45},"end":{"line":43,"column":1}},"line":18},"1":{"name":"(anonymous_1)","decl":{"start":{"line":33,"column":43},"end":{"line":33,"column":44}},"loc":{"start":{"line":33,"column":54},"end":{"line":33,"column":64}},"line":33},"2":{"name":"getRandomRecipe","decl":{"start":{"line":46,"column":15},"end":{"line":46,"column":30}},"loc":{"start":{"line":46,"column":47},"end":{"line":59,"column":1}},"line":46},"3":{"name":"getRecipeById","decl":{"start":{"line":62,"column":15},"end":{"line":62,"column":28}},"loc":{"start":{"line":62,"column":45},"end":{"line":82,"column":1}},"line":62},"4":{"name":"createRecipe","decl":{"start":{"line":85,"column":15},"end":{"line":85,"column":27}},"loc":{"start":{"line":85,"column":44},"end":{"line":114,"column":1}},"line":85},"5":{"name":"updateRecipe","decl":{"start":{"line":117,"column":15},"end":{"line":117,"column":27}},"loc":{"start":{"line":117,"column":44},"end":{"line":158,"column":1}},"line":117},"6":{"name":"deleteRecipe","decl":{"start":{"line":161,"column":15},"end":{"line":161,"column":27}},"loc":{"start":{"line":161,"column":44},"end":{"line":184,"column":1}},"line":161}},"branchMap":{"0":{"loc":{"start":{"line":24,"column":20},"end":{"line":24,"column":60}},"type":"cond-expr","locations":[{"start":{"line":24,"column":30},"end":{"line":24,"column":46}},{"start":{"line":24,"column":49},"end":{"line":24,"column":60}}],"line":24},"1":{"loc":{"start":{"line":25,"column":25},"end":{"line":25,"column":54}},"type":"binary-expr","locations":[{"start":{"line":25,"column":25},"end":{"line":25,"column":46}},{"start":{"line":25,"column":50},"end":{"line":25,"column":54}}],"line":25},"2":{"loc":{"start":{"line":26,"column":27},"end":{"line":26,"column":91}},"type":"cond-expr","locations":[{"start":{"line":26,"column":53},"end":{"line":26,"column":84}},{"start":{"line":26,"column":87},"end":{"line":26,"column":91}}],"line":26},"3":{"loc":{"start":{"line":27,"column":22},"end":{"line":27,"column":76}},"type":"cond-expr","locations":[{"start":{"line":27,"column":43},"end":{"line":27,"column":69}},{"start":{"line":27,"column":72},"end":{"line":27,"column":76}}],"line":27},"4":{"loc":{"start":{"line":28,"column":20},"end":{"line":28,"column":44}},"type":"binary-expr","locations":[{"start":{"line":28,"column":20},"end":{"line":28,"column":36}},{"start":{"line":28,"column":40},"end":{"line":28,"column":44}}],"line":28},"5":{"loc":{"start":{"line":50,"column":8},"end":{"line":52,"column":9}},"type":"if","locations":[{"start":{"line":50,"column":8},"end":{"line":52,"column":9}},{"start":{},"end":{}}],"line":50},"6":{"loc":{"start":{"line":66,"column":8},"end":{"line":68,"column":9}},"type":"if","locations":[{"start":{"line":66,"column":8},"end":{"line":68,"column":9}},{"start":{},"end":{}}],"line":66},"7":{"loc":{"start":{"line":73,"column":8},"end":{"line":75,"column":9}},"type":"if","locations":[{"start":{"line":73,"column":8},"end":{"line":75,"column":9}},{"start":{},"end":{}}],"line":73},"8":{"loc":{"start":{"line":73,"column":12},"end":{"line":73,"column":53}},"type":"binary-expr","locations":[{"start":{"line":73,"column":12},"end":{"line":73,"column":20}},{"start":{"line":73,"column":24},"end":{"line":73,"column":53}}],"line":73},"9":{"loc":{"start":{"line":121,"column":8},"end":{"line":123,"column":9}},"type":"if","locations":[{"start":{"line":121,"column":8},"end":{"line":123,"column":9}},{"start":{},"end":{}}],"line":121},"10":{"loc":{"start":{"line":129,"column":8},"end":{"line":131,"column":9}},"type":"if","locations":[{"start":{"line":129,"column":8},"end":{"line":131,"column":9}},{"start":{},"end":{}}],"line":129},"11":{"loc":{"start":{"line":129,"column":12},"end":{"line":129,"column":33}},"type":"binary-expr","locations":[{"start":{"line":129,"column":12},"end":{"line":129,"column":20}},{"start":{"line":129,"column":24},"end":{"line":129,"column":33}}],"line":129},"12":{"loc":{"start":{"line":165,"column":8},"end":{"line":167,"column":9}},"type":"if","locations":[{"start":{"line":165,"column":8},"end":{"line":167,"column":9}},{"start":{},"end":{}}],"line":165},"13":{"loc":{"start":{"line":173,"column":8},"end":{"line":175,"column":9}},"type":"if","locations":[{"start":{"line":173,"column":8},"end":{"line":175,"column":9}},{"start":{},"end":{}}],"line":173},"14":{"loc":{"start":{"line":173,"column":12},"end":{"line":173,"column":33}},"type":"binary-expr","locations":[{"start":{"line":173,"column":12},"end":{"line":173,"column":20}},{"start":{"line":173,"column":24},"end":{"line":173,"column":33}}],"line":173}},"s":{"0":1,"1":1,"2":0,"3":0,"4":0,"5":0,"6":0,"7":0,"8":0,"9":0,"10":0,"11":0,"12":0,"13":0,"14":0,"15":0,"16":0,"17":0,"18":0,"19":0,"20":0,"21":0,"22":0,"23":0,"24":0,"25":0,"26":0,"27":0,"28":0,"29":0,"30":0,"31":0,"32":0,"33":0,"34":0,"35":0,"36":0,"37":0,"38":0,"39":0,"40":0,"41":0,"42":0,"43":0,"44":0,"45":0,"46":0,"47":0,"48":0,"49":0,"50":0,"51":0,"52":0,"53":1},"f":{"0":0,"1":0,"2":0,"3":0,"4":0,"5":0,"6":0},"b":{"0":[0,0],"1":[0,0],"2":[0,0],"3":[0,0],"4":[0,0],"5":[0,0],"6":[0,0],"7":[0,0],"8":[0,0],"9":[0,0],"10":[0,0],"11":[0,0],"12":[0,0],"13":[0,0],"14":[0,0]},"inputSourceMap":null,"_coverageSchema":"1a1c01bbd47fc00a2c39e90264f33305004495a9","hash":"0f69f182c07b4f4db4e589b225a793cb17b8fbae"}
,"D:\\Pivot\\Projet-file-rouge\\src\\controllers\\RecipeController1.js": {"path":"D:\\Pivot\\Projet-file-rouge\\src\\controllers\\RecipeController1.js","statementMap":{"0":{"start":{"line":12,"column":15},"end":{"line":12,"column":42}},"1":{"start":{"line":18,"column":4},"end":{"line":44,"column":5}},"2":{"start":{"line":19,"column":24},"end":{"line":19,"column":50}},"3":{"start":{"line":21,"column":24},"end":{"line":30,"column":9}},"4":{"start":{"line":34,"column":29},"end":{"line":36,"column":9}},"5":{"start":{"line":35,"column":54},"end":{"line":35,"column":64}},"6":{"start":{"line":38,"column":24},"end":{"line":38,"column":69}},"7":{"start":{"line":39,"column":8},"end":{"line":39,"column":36}},"8":{"start":{"line":41,"column":8},"end":{"line":41,"column":18}},"9":{"start":{"line":50,"column":4},"end":{"line":58,"column":5}},"10":{"start":{"line":51,"column":23},"end":{"line":51,"column":48}},"11":{"start":{"line":52,"column":8},"end":{"line":54,"column":9}},"12":{"start":{"line":53,"column":12},"end":{"line":53,"column":83}},"13":{"start":{"line":55,"column":8},"end":{"line":55,"column":35}},"14":{"start":{"line":57,"column":8},"end":{"line":57,"column":18}},"15":{"start":{"line":65,"column":4},"end":{"line":81,"column":5}},"16":{"start":{"line":66,"column":23},"end":{"line":66,"column":59}},"17":{"start":{"line":67,"column":8},"end":{"line":69,"column":9}},"18":{"start":{"line":68,"column":12},"end":{"line":68,"column":74}},"19":{"start":{"line":72,"column":24},"end":{"line":72,"column":50}},"20":{"start":{"line":73,"column":8},"end":{"line":76,"column":9}},"21":{"start":{"line":74,"column":12},"end":{"line":74,"column":74}},"22":{"start":{"line":78,"column":8},"end":{"line":78,"column":35}},"23":{"start":{"line":80,"column":8},"end":{"line":80,"column":18}},"24":{"start":{"line":88,"column":4},"end":{"line":107,"column":5}},"25":{"start":{"line":89,"column":98},"end":{"line":89,"column":106}},"26":{"start":{"line":91,"column":23},"end":{"line":102,"column":10}},"27":{"start":{"line":104,"column":8},"end":{"line":104,"column":47}},"28":{"start":{"line":106,"column":8},"end":{"line":106,"column":18}},"29":{"start":{"line":114,"column":4},"end":{"line":145,"column":5}},"30":{"start":{"line":115,"column":23},"end":{"line":115,"column":59}},"31":{"start":{"line":117,"column":8},"end":{"line":119,"column":9}},"32":{"start":{"line":118,"column":12},"end":{"line":118,"column":74}},"33":{"start":{"line":122,"column":24},"end":{"line":122,"column":49}},"34":{"start":{"line":123,"column":25},"end":{"line":123,"column":55}},"35":{"start":{"line":125,"column":8},"end":{"line":128,"column":9}},"36":{"start":{"line":126,"column":12},"end":{"line":126,"column":67}},"37":{"start":{"line":130,"column":98},"end":{"line":130,"column":106}},"38":{"start":{"line":132,"column":24},"end":{"line":140,"column":10}},"39":{"start":{"line":142,"column":8},"end":{"line":142,"column":36}},"40":{"start":{"line":144,"column":8},"end":{"line":144,"column":18}},"41":{"start":{"line":151,"column":4},"end":{"line":170,"column":5}},"42":{"start":{"line":152,"column":23},"end":{"line":152,"column":59}},"43":{"start":{"line":154,"column":8},"end":{"line":156,"column":9}},"44":{"start":{"line":155,"column":12},"end":{"line":155,"column":74}},"45":{"start":{"line":158,"column":24},"end":{"line":158,"column":49}},"46":{"start":{"line":159,"column":25},"end":{"line":159,"column":55}},"47":{"start":{"line":161,"column":8},"end":{"line":163,"column":9}},"48":{"start":{"line":162,"column":12},"end":{"line":162,"column":67}},"49":{"start":{"line":165,"column":8},"end":{"line":165,"column":43}},"50":{"start":{"line":166,"column":8},"end":{"line":166,"column":31}},"51":{"start":{"line":169,"column":8},"end":{"line":169,"column":18}},"52":{"start":{"line":173,"column":0},"end":{"line":173,"column":109}}},"fnMap":{"0":{"name":"getAllRecipes","decl":{"start":{"line":17,"column":15},"end":{"line":17,"column":28}},"loc":{"start":{"line":17,"column":45},"end":{"line":45,"column":1}},"line":17},"1":{"name":"(anonymous_1)","decl":{"start":{"line":35,"column":43},"end":{"line":35,"column":44}},"loc":{"start":{"line":35,"column":54},"end":{"line":35,"column":64}},"line":35},"2":{"name":"getRandomRecipe","decl":{"start":{"line":49,"column":15},"end":{"line":49,"column":30}},"loc":{"start":{"line":49,"column":47},"end":{"line":59,"column":1}},"line":49},"3":{"name":"getRecipeById","decl":{"start":{"line":64,"column":15},"end":{"line":64,"column":28}},"loc":{"start":{"line":64,"column":45},"end":{"line":82,"column":1}},"line":64},"4":{"name":"createRecipe","decl":{"start":{"line":87,"column":15},"end":{"line":87,"column":27}},"loc":{"start":{"line":87,"column":44},"end":{"line":108,"column":1}},"line":87},"5":{"name":"updateRecipe","decl":{"start":{"line":113,"column":15},"end":{"line":113,"column":27}},"loc":{"start":{"line":113,"column":44},"end":{"line":146,"column":1}},"line":113},"6":{"name":"deleteRecipe","decl":{"start":{"line":150,"column":15},"end":{"line":150,"column":27}},"loc":{"start":{"line":150,"column":44},"end":{"line":171,"column":1}},"line":150}},"branchMap":{"0":{"loc":{"start":{"line":24,"column":20},"end":{"line":24,"column":60}},"type":"cond-expr","locations":[{"start":{"line":24,"column":30},"end":{"line":24,"column":46}},{"start":{"line":24,"column":49},"end":{"line":24,"column":60}}],"line":24},"1":{"loc":{"start":{"line":26,"column":25},"end":{"line":26,"column":54}},"type":"binary-expr","locations":[{"start":{"line":26,"column":25},"end":{"line":26,"column":46}},{"start":{"line":26,"column":50},"end":{"line":26,"column":54}}],"line":26},"2":{"loc":{"start":{"line":27,"column":27},"end":{"line":27,"column":91}},"type":"cond-expr","locations":[{"start":{"line":27,"column":53},"end":{"line":27,"column":84}},{"start":{"line":27,"column":87},"end":{"line":27,"column":91}}],"line":27},"3":{"loc":{"start":{"line":28,"column":22},"end":{"line":28,"column":76}},"type":"cond-expr","locations":[{"start":{"line":28,"column":43},"end":{"line":28,"column":69}},{"start":{"line":28,"column":72},"end":{"line":28,"column":76}}],"line":28},"4":{"loc":{"start":{"line":29,"column":20},"end":{"line":29,"column":44}},"type":"binary-expr","locations":[{"start":{"line":29,"column":20},"end":{"line":29,"column":36}},{"start":{"line":29,"column":40},"end":{"line":29,"column":44}}],"line":29},"5":{"loc":{"start":{"line":52,"column":8},"end":{"line":54,"column":9}},"type":"if","locations":[{"start":{"line":52,"column":8},"end":{"line":54,"column":9}},{"start":{},"end":{}}],"line":52},"6":{"loc":{"start":{"line":67,"column":8},"end":{"line":69,"column":9}},"type":"if","locations":[{"start":{"line":67,"column":8},"end":{"line":69,"column":9}},{"start":{},"end":{}}],"line":67},"7":{"loc":{"start":{"line":73,"column":8},"end":{"line":76,"column":9}},"type":"if","locations":[{"start":{"line":73,"column":8},"end":{"line":76,"column":9}},{"start":{},"end":{}}],"line":73},"8":{"loc":{"start":{"line":73,"column":12},"end":{"line":73,"column":53}},"type":"binary-expr","locations":[{"start":{"line":73,"column":12},"end":{"line":73,"column":20}},{"start":{"line":73,"column":24},"end":{"line":73,"column":53}}],"line":73},"9":{"loc":{"start":{"line":117,"column":8},"end":{"line":119,"column":9}},"type":"if","locations":[{"start":{"line":117,"column":8},"end":{"line":119,"column":9}},{"start":{},"end":{}}],"line":117},"10":{"loc":{"start":{"line":125,"column":8},"end":{"line":128,"column":9}},"type":"if","locations":[{"start":{"line":125,"column":8},"end":{"line":128,"column":9}},{"start":{},"end":{}}],"line":125},"11":{"loc":{"start":{"line":125,"column":12},"end":{"line":125,"column":33}},"type":"binary-expr","locations":[{"start":{"line":125,"column":12},"end":{"line":125,"column":20}},{"start":{"line":125,"column":24},"end":{"line":125,"column":33}}],"line":125},"12":{"loc":{"start":{"line":154,"column":8},"end":{"line":156,"column":9}},"type":"if","locations":[{"start":{"line":154,"column":8},"end":{"line":156,"column":9}},{"start":{},"end":{}}],"line":154},"13":{"loc":{"start":{"line":161,"column":8},"end":{"line":163,"column":9}},"type":"if","locations":[{"start":{"line":161,"column":8},"end":{"line":163,"column":9}},{"start":{},"end":{}}],"line":161},"14":{"loc":{"start":{"line":161,"column":12},"end":{"line":161,"column":33}},"type":"binary-expr","locations":[{"start":{"line":161,"column":12},"end":{"line":161,"column":20}},{"start":{"line":161,"column":24},"end":{"line":161,"column":33}}],"line":161}},"s":{"0":0,"1":0,"2":0,"3":0,"4":0,"5":0,"6":0,"7":0,"8":0,"9":0,"10":0,"11":0,"12":0,"13":0,"14":0,"15":0,"16":0,"17":0,"18":0,"19":0,"20":0,"21":0,"22":0,"23":0,"24":0,"25":0,"26":0,"27":0,"28":0,"29":0,"30":0,"31":0,"32":0,"33":0,"34":0,"35":0,"36":0,"37":0,"38":0,"39":0,"40":0,"41":0,"42":0,"43":0,"44":0,"45":0,"46":0,"47":0,"48":0,"49":0,"50":0,"51":0,"52":0},"f":{"0":0,"1":0,"2":0,"3":0,"4":0,"5":0,"6":0},"b":{"0":[0,0],"1":[0,0],"2":[0,0],"3":[0,0],"4":[0,0],"5":[0,0],"6":[0,0],"7":[0,0],"8":[0,0],"9":[0,0],"10":[0,0],"11":[0,0],"12":[0,0],"13":[0,0],"14":[0,0]},"inputSourceMap":null}
,"D:\\Pivot\\Projet-file-rouge\\src\\middlewares\\errorHandler.js": {"path":"D:\\Pivot\\Projet-file-rouge\\src\\middlewares\\errorHandler.js","statementMap":{"0":{"start":{"line":16,"column":19},"end":{"line":16,"column":38}},"1":{"start":{"line":17,"column":22},"end":{"line":17,"column":53}},"2":{"start":{"line":25,"column":23},"end":{"line":25,"column":58}},"3":{"start":{"line":28,"column":4},"end":{"line":32,"column":7}},"4":{"start":{"line":37,"column":8},"end":{"line":39,"column":25}},"5":{"start":{"line":42,"column":21},"end":{"line":42,"column":56}},"6":{"start":{"line":45,"column":4},"end":{"line":47,"column":5}},"7":{"start":{"line":46,"column":8},"end":{"line":46,"column":35}},"8":{"start":{"line":49,"column":4},"end":{"line":49,"column":20}},"9":{"start":{"line":52,"column":0},"end":{"line":52,"column":34}}},"fnMap":{"0":{"name":"errorHandler","decl":{"start":{"line":22,"column":9},"end":{"line":22,"column":21}},"loc":{"start":{"line":22,"column":43},"end":{"line":50,"column":1}},"line":22}},"branchMap":{"0":{"loc":{"start":{"line":25,"column":23},"end":{"line":25,"column":58}},"type":"binary-expr","locations":[{"start":{"line":25,"column":23},"end":{"line":25,"column":37}},{"start":{"line":25,"column":41},"end":{"line":25,"column":51}},{"start":{"line":25,"column":55},"end":{"line":25,"column":58}}],"line":25},"1":{"loc":{"start":{"line":37,"column":8},"end":{"line":39,"column":25}},"type":"cond-expr","locations":[{"start":{"line":38,"column":14},"end":{"line":38,"column":49}},{"start":{"line":39,"column":14},"end":{"line":39,"column":25}}],"line":37},"2":{"loc":{"start":{"line":45,"column":4},"end":{"line":47,"column":5}},"type":"if","locations":[{"start":{"line":45,"column":4},"end":{"line":47,"column":5}},{"start":{},"end":{}}],"line":45},"3":{"loc":{"start":{"line":45,"column":8},"end":{"line":45,"column":59}},"type":"binary-expr","locations":[{"start":{"line":45,"column":8},"end":{"line":45,"column":46}},{"start":{"line":45,"column":50},"end":{"line":45,"column":59}}],"line":45}},"s":{"0":1,"1":1,"2":0,"3":0,"4":0,"5":0,"6":0,"7":0,"8":0,"9":1},"f":{"0":0},"b":{"0":[0,0,0],"1":[0,0],"2":[0,0],"3":[0,0]},"inputSourceMap":null,"_coverageSchema":"1a1c01bbd47fc00a2c39e90264f33305004495a9","hash":"d7bea2f04147dc80348586fa3cea4850ff1839b8"}
,"D:\\Pivot\\Projet-file-rouge\\src\\middlewares\\errorHandler1.js": {"path":"D:\\Pivot\\Projet-file-rouge\\src\\middlewares\\errorHandler1.js","statementMap":{"0":{"start":{"line":12,"column":19},"end":{"line":12,"column":38}},"1":{"start":{"line":17,"column":23},"end":{"line":17,"column":58}},"2":{"start":{"line":20,"column":4},"end":{"line":24,"column":7}},"3":{"start":{"line":27,"column":21},"end":{"line":35,"column":5}},"4":{"start":{"line":38,"column":4},"end":{"line":40,"column":5}},"5":{"start":{"line":39,"column":8},"end":{"line":39,"column":41}},"6":{"start":{"line":42,"column":4},"end":{"line":42,"column":42}},"7":{"start":{"line":45,"column":0},"end":{"line":45,"column":34}}},"fnMap":{"0":{"name":"errorHandler","decl":{"start":{"line":15,"column":9},"end":{"line":15,"column":21}},"loc":{"start":{"line":15,"column":43},"end":{"line":43,"column":1}},"line":15}},"branchMap":{"0":{"loc":{"start":{"line":17,"column":23},"end":{"line":17,"column":58}},"type":"binary-expr","locations":[{"start":{"line":17,"column":23},"end":{"line":17,"column":37}},{"start":{"line":17,"column":41},"end":{"line":17,"column":51}},{"start":{"line":17,"column":55},"end":{"line":17,"column":58}}],"line":17},"1":{"loc":{"start":{"line":30,"column":21},"end":{"line":32,"column":29}},"type":"cond-expr","locations":[{"start":{"line":31,"column":18},"end":{"line":31,"column":53}},{"start":{"line":32,"column":18},"end":{"line":32,"column":29}}],"line":30},"2":{"loc":{"start":{"line":33,"column":18},"end":{"line":33,"column":46}},"type":"binary-expr","locations":[{"start":{"line":33,"column":18},"end":{"line":33,"column":26}},{"start":{"line":33,"column":30},"end":{"line":33,"column":46}}],"line":33},"3":{"loc":{"start":{"line":38,"column":4},"end":{"line":40,"column":5}},"type":"if","locations":[{"start":{"line":38,"column":4},"end":{"line":40,"column":5}},{"start":{},"end":{}}],"line":38},"4":{"loc":{"start":{"line":38,"column":8},"end":{"line":38,"column":59}},"type":"binary-expr","locations":[{"start":{"line":38,"column":8},"end":{"line":38,"column":46}},{"start":{"line":38,"column":50},"end":{"line":38,"column":59}}],"line":38}},"s":{"0":0,"1":0,"2":0,"3":0,"4":0,"5":0,"6":0,"7":0},"f":{"0":0},"b":{"0":[0,0,0],"1":[0,0],"2":[0,0],"3":[0,0],"4":[0,0]},"inputSourceMap":null}
,"D:\\Pivot\\Projet-file-rouge\\src\\middlewares\\jwtAuth.js": {"path":"D:\\Pivot\\Projet-file-rouge\\src\\middlewares\\jwtAuth.js","statementMap":{"0":{"start":{"line":9,"column":12},"end":{"line":9,"column":35}},"1":{"start":{"line":15,"column":21},"end":{"line":48,"column":1}},"2":{"start":{"line":16,"column":23},"end":{"line":16,"column":48}},"3":{"start":{"line":18,"column":4},"end":{"line":26,"column":5}},"4":{"start":{"line":19,"column":8},"end":{"line":25,"column":11}},"5":{"start":{"line":29,"column":18},"end":{"line":29,"column":41}},"6":{"start":{"line":31,"column":4},"end":{"line":47,"column":5}},"7":{"start":{"line":33,"column":24},"end":{"line":33,"column":65}},"8":{"start":{"line":36,"column":8},"end":{"line":36,"column":27}},"9":{"start":{"line":37,"column":8},"end":{"line":37,"column":15}},"10":{"start":{"line":40,"column":8},"end":{"line":46,"column":11}},"11":{"start":{"line":52,"column":21},"end":{"line":63,"column":1}},"12":{"start":{"line":53,"column":4},"end":{"line":61,"column":5}},"13":{"start":{"line":54,"column":8},"end":{"line":60,"column":11}},"14":{"start":{"line":62,"column":4},"end":{"line":62,"column":11}},"15":{"start":{"line":65,"column":0},"end":{"line":65,"column":48}}},"fnMap":{"0":{"name":"(anonymous_0)","decl":{"start":{"line":15,"column":21},"end":{"line":15,"column":22}},"loc":{"start":{"line":15,"column":41},"end":{"line":48,"column":1}},"line":15},"1":{"name":"(anonymous_1)","decl":{"start":{"line":52,"column":21},"end":{"line":52,"column":22}},"loc":{"start":{"line":52,"column":41},"end":{"line":63,"column":1}},"line":52}},"branchMap":{"0":{"loc":{"start":{"line":18,"column":4},"end":{"line":26,"column":5}},"type":"if","locations":[{"start":{"line":18,"column":4},"end":{"line":26,"column":5}},{"start":{},"end":{}}],"line":18},"1":{"loc":{"start":{"line":18,"column":8},"end":{"line":18,"column":56}},"type":"binary-expr","locations":[{"start":{"line":18,"column":8},"end":{"line":18,"column":19}},{"start":{"line":18,"column":23},"end":{"line":18,"column":56}}],"line":18},"2":{"loc":{"start":{"line":53,"column":4},"end":{"line":61,"column":5}},"type":"if","locations":[{"start":{"line":53,"column":4},"end":{"line":61,"column":5}},{"start":{},"end":{}}],"line":53}},"s":{"0":1,"1":1,"2":0,"3":0,"4":0,"5":0,"6":0,"7":0,"8":0,"9":0,"10":0,"11":1,"12":0,"13":0,"14":0,"15":1},"f":{"0":0,"1":0},"b":{"0":[0,0],"1":[0,0],"2":[0,0]},"inputSourceMap":null,"_coverageSchema":"1a1c01bbd47fc00a2c39e90264f33305004495a9","hash":"6b7c26dbed44e0658e451784d35c075369817f9a"}
,"D:\\Pivot\\Projet-file-rouge\\src\\middlewares\\logger.js": {"path":"D:\\Pivot\\Projet-file-rouge\\src\\middlewares\\logger.js","statementMap":{"0":{"start":{"line":14,"column":16},"end":{"line":14,"column":34}},"1":{"start":{"line":15,"column":13},"end":{"line":15,"column":28}},"2":{"start":{"line":18,"column":18},"end":{"line":26,"column":1}},"3":{"start":{"line":23,"column":24},"end":{"line":23,"column":82}},"4":{"start":{"line":24,"column":8},"end":{"line":24,"column":85}},"5":{"start":{"line":28,"column":15},"end":{"line":50,"column":2}},"6":{"start":{"line":53,"column":0},"end":{"line":60,"column":1}},"7":{"start":{"line":54,"column":4},"end":{"line":59,"column":8}},"8":{"start":{"line":67,"column":18},"end":{"line":67,"column":28}},"9":{"start":{"line":71,"column":4},"end":{"line":78,"column":7}},"10":{"start":{"line":72,"column":25},"end":{"line":72,"column":43}},"11":{"start":{"line":73,"column":8},"end":{"line":77,"column":11}},"12":{"start":{"line":80,"column":4},"end":{"line":80,"column":11}},"13":{"start":{"line":83,"column":0},"end":{"line":83,"column":40}}},"fnMap":{"0":{"name":"(anonymous_0)","decl":{"start":{"line":21,"column":26},"end":{"line":21,"column":27}},"loc":{"start":{"line":21,"column":77},"end":{"line":25,"column":5}},"line":21},"1":{"name":"httpLogger","decl":{"start":{"line":66,"column":9},"end":{"line":66,"column":19}},"loc":{"start":{"line":66,"column":36},"end":{"line":81,"column":1}},"line":66},"2":{"name":"(anonymous_2)","decl":{"start":{"line":71,"column":21},"end":{"line":71,"column":22}},"loc":{"start":{"line":71,"column":27},"end":{"line":78,"column":5}},"line":71}},"branchMap":{"0":{"loc":{"start":{"line":23,"column":24},"end":{"line":23,"column":82}},"type":"cond-expr","locations":[{"start":{"line":23,"column":51},"end":{"line":23,"column":77}},{"start":{"line":23,"column":80},"end":{"line":23,"column":82}}],"line":23},"1":{"loc":{"start":{"line":24,"column":56},"end":{"line":24,"column":72}},"type":"binary-expr","locations":[{"start":{"line":24,"column":56},"end":{"line":24,"column":61}},{"start":{"line":24,"column":65},"end":{"line":24,"column":72}}],"line":24},"2":{"loc":{"start":{"line":30,"column":11},"end":{"line":30,"column":67}},"type":"cond-expr","locations":[{"start":{"line":30,"column":51},"end":{"line":30,"column":57}},{"start":{"line":30,"column":60},"end":{"line":30,"column":67}}],"line":30},"3":{"loc":{"start":{"line":53,"column":0},"end":{"line":60,"column":1}},"type":"if","locations":[{"start":{"line":53,"column":0},"end":{"line":60,"column":1}},{"start":{},"end":{}}],"line":53}},"s":{"0":2,"1":2,"2":2,"3":38,"4":38,"5":2,"6":2,"7":2,"8":15,"9":15,"10":15,"11":15,"12":15,"13":2},"f":{"0":38,"1":15,"2":15},"b":{"0":[30,8],"1":[38,38],"2":[0,2],"3":[2,0]},"inputSourceMap":null,"_coverageSchema":"1a1c01bbd47fc00a2c39e90264f33305004495a9","hash":"a097a78a6a126e5595765fff61ee3c1196503c07"}
,"D:\\Pivot\\Projet-file-rouge\\src\\middlewares\\security.js": {"path":"D:\\Pivot\\Projet-file-rouge\\src\\middlewares\\security.js","statementMap":{"0":{"start":{"line":13,"column":15},"end":{"line":13,"column":32}},"1":{"start":{"line":14,"column":13},"end":{"line":14,"column":28}},"2":{"start":{"line":15,"column":18},"end":{"line":15,"column":47}},"3":{"start":{"line":24,"column":25},"end":{"line":24,"column":33}},"4":{"start":{"line":33,"column":23},"end":{"line":35,"column":56}},"5":{"start":{"line":37,"column":20},"end":{"line":48,"column":1}},"6":{"start":{"line":40,"column":8},"end":{"line":44,"column":9}},"7":{"start":{"line":41,"column":12},"end":{"line":41,"column":33}},"8":{"start":{"line":43,"column":12},"end":{"line":43,"column":80}},"9":{"start":{"line":50,"column":23},"end":{"line":50,"column":40}},"10":{"start":{"line":60,"column":23},"end":{"line":60,"column":51}},"11":{"start":{"line":60,"column":45},"end":{"line":60,"column":51}},"12":{"start":{"line":62,"column":22},"end":{"line":76,"column":6}},"13":{"start":{"line":82,"column":20},"end":{"line":96,"column":6}},"14":{"start":{"line":100,"column":0},"end":{"line":100,"column":82}}},"fnMap":{"0":{"name":"(anonymous_0)","decl":{"start":{"line":38,"column":12},"end":{"line":38,"column":13}},"loc":{"start":{"line":38,"column":34},"end":{"line":45,"column":5}},"line":38},"1":{"name":"(anonymous_1)","decl":{"start":{"line":60,"column":23},"end":{"line":60,"column":24}},"loc":{"start":{"line":60,"column":45},"end":{"line":60,"column":51}},"line":60}},"branchMap":{"0":{"loc":{"start":{"line":33,"column":23},"end":{"line":35,"column":56}},"type":"cond-expr","locations":[{"start":{"line":34,"column":6},"end":{"line":34,"column":44}},{"start":{"line":35,"column":6},"end":{"line":35,"column":56}}],"line":33},"1":{"loc":{"start":{"line":40,"column":8},"end":{"line":44,"column":9}},"type":"if","locations":[{"start":{"line":40,"column":8},"end":{"line":44,"column":9}},{"start":{"line":42,"column":15},"end":{"line":44,"column":9}}],"line":40},"2":{"loc":{"start":{"line":40,"column":12},"end":{"line":40,"column":54}},"type":"binary-expr","locations":[{"start":{"line":40,"column":12},"end":{"line":40,"column":19}},{"start":{"line":40,"column":23},"end":{"line":40,"column":54}}],"line":40},"3":{"loc":{"start":{"line":62,"column":22},"end":{"line":76,"column":6}},"type":"cond-expr","locations":[{"start":{"line":63,"column":6},"end":{"line":63,"column":20}},{"start":{"line":64,"column":6},"end":{"line":76,"column":6}}],"line":62},"4":{"loc":{"start":{"line":82,"column":20},"end":{"line":96,"column":6}},"type":"cond-expr","locations":[{"start":{"line":83,"column":6},"end":{"line":83,"column":20}},{"start":{"line":84,"column":6},"end":{"line":96,"column":6}}],"line":82}},"s":{"0":1,"1":1,"2":1,"3":1,"4":1,"5":1,"6":15,"7":15,"8":0,"9":1,"10":1,"11":30,"12":1,"13":1,"14":1},"f":{"0":15,"1":30},"b":{"0":[1,0],"1":[15,0],"2":[15,0],"3":[1,0],"4":[1,0]},"inputSourceMap":null,"_coverageSchema":"1a1c01bbd47fc00a2c39e90264f33305004495a9","hash":"fb7a410b253f795dfa60e7b0ea9ebb5bf1be38fc"}
,"D:\\Pivot\\Projet-file-rouge\\src\\models\\Category.js": {"path":"D:\\Pivot\\Projet-file-rouge\\src\\models\\Category.js","statementMap":{"0":{"start":{"line":10,"column":17},"end":{"line":10,"column":50}},"1":{"start":{"line":16,"column":23},"end":{"line":18,"column":9}},"2":{"start":{"line":19,"column":8},"end":{"line":19,"column":20}},"3":{"start":{"line":28,"column":23},"end":{"line":33,"column":9}},"4":{"start":{"line":34,"column":8},"end":{"line":34,"column":31}},"5":{"start":{"line":43,"column":21},"end":{"line":48,"column":34}},"6":{"start":{"line":50,"column":25},"end":{"line":53,"column":9}},"7":{"start":{"line":55,"column":8},"end":{"line":55,"column":50}},"8":{"start":{"line":62,"column":21},"end":{"line":67,"column":34}},"9":{"start":{"line":69,"column":8},"end":{"line":74,"column":10}},"10":{"start":{"line":75,"column":8},"end":{"line":75,"column":37}},"11":{"start":{"line":83,"column":25},"end":{"line":86,"column":9}},"12":{"start":{"line":88,"column":8},"end":{"line":88,"column":39}},"13":{"start":{"line":93,"column":0},"end":{"line":93,"column":26}}},"fnMap":{"0":{"name":"(anonymous_0)","decl":{"start":{"line":15,"column":4},"end":{"line":15,"column":5}},"loc":{"start":{"line":15,"column":27},"end":{"line":23,"column":5}},"line":15},"1":{"name":"(anonymous_1)","decl":{"start":{"line":27,"column":4},"end":{"line":27,"column":5}},"loc":{"start":{"line":27,"column":30},"end":{"line":37,"column":5}},"line":27},"2":{"name":"(anonymous_2)","decl":{"start":{"line":42,"column":4},"end":{"line":42,"column":5}},"loc":{"start":{"line":42,"column":34},"end":{"line":56,"column":5}},"line":42},"3":{"name":"(anonymous_3)","decl":{"start":{"line":61,"column":4},"end":{"line":61,"column":5}},"loc":{"start":{"line":61,"column":38},"end":{"line":76,"column":5}},"line":61},"4":{"name":"(anonymous_4)","decl":{"start":{"line":82,"column":4},"end":{"line":82,"column":5}},"loc":{"start":{"line":82,"column":28},"end":{"line":90,"column":5}},"line":82}},"branchMap":{"0":{"loc":{"start":{"line":34,"column":15},"end":{"line":34,"column":30}},"type":"binary-expr","locations":[{"start":{"line":34,"column":15},"end":{"line":34,"column":22}},{"start":{"line":34,"column":26},"end":{"line":34,"column":30}}],"line":34}},"s":{"0":0,"1":0,"2":0,"3":0,"4":0,"5":0,"6":0,"7":0,"8":0,"9":0,"10":0,"11":0,"12":0,"13":0},"f":{"0":0,"1":0,"2":0,"3":0,"4":0},"b":{"0":[0,0]},"inputSourceMap":null}
,"D:\\Pivot\\Projet-file-rouge\\src\\models\\Rating.js": {"path":"D:\\Pivot\\Projet-file-rouge\\src\\models\\Rating.js","statementMap":{"0":{"start":{"line":19,"column":17},"end":{"line":19,"column":50}},"1":{"start":{"line":34,"column":23},"end":{"line":40,"column":9}},"2":{"start":{"line":41,"column":8},"end":{"line":41,"column":31}},"3":{"start":{"line":46,"column":23},"end":{"line":51,"column":9}},"4":{"start":{"line":52,"column":8},"end":{"line":52,"column":20}},"5":{"start":{"line":63,"column":23},"end":{"line":63,"column":42}},"6":{"start":{"line":64,"column":21},"end":{"line":64,"column":38}},"7":{"start":{"line":66,"column":25},"end":{"line":66,"column":75}},"8":{"start":{"line":68,"column":8},"end":{"line":90,"column":9}},"9":{"start":{"line":76,"column":12},"end":{"line":82,"column":14}},"10":{"start":{"line":84,"column":12},"end":{"line":89,"column":14}},"11":{"start":{"line":93,"column":8},"end":{"line":101,"column":10}},"12":{"start":{"line":104,"column":8},"end":{"line":104,"column":51}},"13":{"start":{"line":108,"column":28},"end":{"line":108,"column":33}},"14":{"start":{"line":109,"column":8},"end":{"line":117,"column":9}},"15":{"start":{"line":110,"column":27},"end":{"line":110,"column":58}},"16":{"start":{"line":111,"column":12},"end":{"line":116,"column":13}},"17":{"start":{"line":112,"column":16},"end":{"line":112,"column":56}},"18":{"start":{"line":115,"column":16},"end":{"line":115,"column":37}},"19":{"start":{"line":119,"column":8},"end":{"line":123,"column":10}},"20":{"start":{"line":127,"column":0},"end":{"line":127,"column":24}}},"fnMap":{"0":{"name":"(anonymous_0)","decl":{"start":{"line":33,"column":4},"end":{"line":33,"column":5}},"loc":{"start":{"line":33,"column":55},"end":{"line":42,"column":5}},"line":33},"1":{"name":"(anonymous_1)","decl":{"start":{"line":45,"column":4},"end":{"line":45,"column":5}},"loc":{"start":{"line":45,"column":42},"end":{"line":53,"column":5}},"line":45},"2":{"name":"(anonymous_2)","decl":{"start":{"line":61,"column":4},"end":{"line":61,"column":5}},"loc":{"start":{"line":61,"column":51},"end":{"line":124,"column":5}},"line":61}},"branchMap":{"0":{"loc":{"start":{"line":41,"column":15},"end":{"line":41,"column":30}},"type":"binary-expr","locations":[{"start":{"line":41,"column":15},"end":{"line":41,"column":22}},{"start":{"line":41,"column":26},"end":{"line":41,"column":30}}],"line":41},"1":{"loc":{"start":{"line":68,"column":8},"end":{"line":90,"column":9}},"type":"if","locations":[{"start":{"line":68,"column":8},"end":{"line":90,"column":9}},{"start":{},"end":{}}],"line":68},"2":{"loc":{"start":{"line":109,"column":8},"end":{"line":117,"column":9}},"type":"if","locations":[{"start":{"line":109,"column":8},"end":{"line":117,"column":9}},{"start":{},"end":{}}],"line":109},"3":{"loc":{"start":{"line":111,"column":12},"end":{"line":116,"column":13}},"type":"if","locations":[{"start":{"line":111,"column":12},"end":{"line":116,"column":13}},{"start":{},"end":{}}],"line":111}},"s":{"0":1,"1":0,"2":0,"3":0,"4":0,"5":0,"6":0,"7":0,"8":0,"9":0,"10":0,"11":0,"12":0,"13":0,"14":0,"15":0,"16":0,"17":0,"18":0,"19":0,"20":1},"f":{"0":0,"1":0,"2":0},"b":{"0":[0,0],"1":[0,0],"2":[0,0],"3":[0,0]},"inputSourceMap":null,"_coverageSchema":"1a1c01bbd47fc00a2c39e90264f33305004495a9","hash":"0acbea125f0189c2d5b1807265d013b4c29c774a"}
,"D:\\Pivot\\Projet-file-rouge\\src\\models\\Recipe.js": {"path":"D:\\Pivot\\Projet-file-rouge\\src\\models\\Recipe.js","statementMap":{"0":{"start":{"line":50,"column":17},"end":{"line":50,"column":50}},"1":{"start":{"line":53,"column":19},"end":{"line":53,"column":51}},"2":{"start":{"line":104,"column":8},"end":{"line":264,"column":9}},"3":{"start":{"line":111,"column":12},"end":{"line":113,"column":13}},"4":{"start":{"line":112,"column":16},"end":{"line":112,"column":53}},"5":{"start":{"line":116,"column":12},"end":{"line":118,"column":13}},"6":{"start":{"line":117,"column":16},"end":{"line":117,"column":56}},"7":{"start":{"line":122,"column":12},"end":{"line":124,"column":13}},"8":{"start":{"line":123,"column":16},"end":{"line":123,"column":68}},"9":{"start":{"line":136,"column":12},"end":{"line":149,"column":13}},"10":{"start":{"line":138,"column":16},"end":{"line":138,"column":47}},"11":{"start":{"line":139,"column":19},"end":{"line":149,"column":13}},"12":{"start":{"line":142,"column":16},"end":{"line":145,"column":47}},"13":{"start":{"line":144,"column":30},"end":{"line":144,"column":38}},"14":{"start":{"line":145,"column":33},"end":{"line":145,"column":45}},"15":{"start":{"line":148,"column":16},"end":{"line":148,"column":33}},"16":{"start":{"line":152,"column":12},"end":{"line":154,"column":13}},"17":{"start":{"line":153,"column":16},"end":{"line":153,"column":74}},"18":{"start":{"line":164,"column":12},"end":{"line":175,"column":13}},"19":{"start":{"line":166,"column":16},"end":{"line":166,"column":35}},"20":{"start":{"line":167,"column":19},"end":{"line":175,"column":13}},"21":{"start":{"line":169,"column":16},"end":{"line":172,"column":47}},"22":{"start":{"line":171,"column":30},"end":{"line":171,"column":38}},"23":{"start":{"line":172,"column":33},"end":{"line":172,"column":45}},"24":{"start":{"line":174,"column":16},"end":{"line":174,"column":27}},"25":{"start":{"line":178,"column":12},"end":{"line":180,"column":13}},"26":{"start":{"line":179,"column":16},"end":{"line":179,"column":68}},"27":{"start":{"line":190,"column":25},"end":{"line":190,"column":58}},"28":{"start":{"line":191,"column":12},"end":{"line":193,"column":13}},"29":{"start":{"line":192,"column":16},"end":{"line":192,"column":65}},"30":{"start":{"line":201,"column":29},"end":{"line":201,"column":57}},"31":{"start":{"line":202,"column":12},"end":{"line":204,"column":13}},"32":{"start":{"line":203,"column":16},"end":{"line":203,"column":73}},"33":{"start":{"line":212,"column":26},"end":{"line":221,"column":13}},"34":{"start":{"line":223,"column":29},"end":{"line":235,"column":14}},"35":{"start":{"line":238,"column":29},"end":{"line":238,"column":44}},"36":{"start":{"line":244,"column":12},"end":{"line":244,"column":43}},"37":{"start":{"line":248,"column":12},"end":{"line":248,"column":69}},"38":{"start":{"line":253,"column":12},"end":{"line":255,"column":13}},"39":{"start":{"line":254,"column":16},"end":{"line":254,"column":62}},"40":{"start":{"line":258,"column":12},"end":{"line":260,"column":13}},"41":{"start":{"line":259,"column":16},"end":{"line":259,"column":70}},"42":{"start":{"line":263,"column":12},"end":{"line":263,"column":24}},"43":{"start":{"line":301,"column":8},"end":{"line":403,"column":9}},"44":{"start":{"line":307,"column":26},"end":{"line":318,"column":13}},"45":{"start":{"line":321,"column":27},"end":{"line":321,"column":56}},"46":{"start":{"line":324,"column":12},"end":{"line":326,"column":13}},"47":{"start":{"line":325,"column":16},"end":{"line":325,"column":28}},"48":{"start":{"line":328,"column":24},"end":{"line":328,"column":31}},"49":{"start":{"line":338,"column":30},"end":{"line":338,"column":32}},"50":{"start":{"line":339,"column":24},"end":{"line":339,"column":26}},"51":{"start":{"line":341,"column":12},"end":{"line":347,"column":13}},"52":{"start":{"line":342,"column":16},"end":{"line":342,"column":81}},"53":{"start":{"line":343,"column":16},"end":{"line":343,"column":63}},"54":{"start":{"line":346,"column":16},"end":{"line":346,"column":99}},"55":{"start":{"line":355,"column":35},"end":{"line":355,"column":67}},"56":{"start":{"line":356,"column":34},"end":{"line":356,"column":64}},"57":{"start":{"line":362,"column":12},"end":{"line":398,"column":14}},"58":{"start":{"line":401,"column":12},"end":{"line":401,"column":76}},"59":{"start":{"line":402,"column":12},"end":{"line":402,"column":24}},"60":{"start":{"line":446,"column":8},"end":{"line":572,"column":9}},"61":{"start":{"line":454,"column":24},"end":{"line":458,"column":13}},"62":{"start":{"line":461,"column":27},"end":{"line":461,"column":29}},"63":{"start":{"line":468,"column":12},"end":{"line":471,"column":13}},"64":{"start":{"line":469,"column":16},"end":{"line":469,"column":50}},"65":{"start":{"line":470,"column":16},"end":{"line":470,"column":49}},"66":{"start":{"line":475,"column":12},"end":{"line":478,"column":13}},"67":{"start":{"line":476,"column":16},"end":{"line":476,"column":49}},"68":{"start":{"line":477,"column":16},"end":{"line":477,"column":51}},"69":{"start":{"line":484,"column":28},"end":{"line":486,"column":46}},"70":{"start":{"line":488,"column":12},"end":{"line":491,"column":13}},"71":{"start":{"line":489,"column":16},"end":{"line":489,"column":56}},"72":{"start":{"line":490,"column":16},"end":{"line":490,"column":37}},"73":{"start":{"line":494,"column":12},"end":{"line":497,"column":13}},"74":{"start":{"line":495,"column":16},"end":{"line":495,"column":54}},"75":{"start":{"line":496,"column":16},"end":{"line":496,"column":48}},"76":{"start":{"line":500,"column":12},"end":{"line":503,"column":13}},"77":{"start":{"line":501,"column":16},"end":{"line":501,"column":45}},"78":{"start":{"line":502,"column":16},"end":{"line":502,"column":44}},"79":{"start":{"line":510,"column":12},"end":{"line":510,"column":51}},"80":{"start":{"line":515,"column":26},"end":{"line":515,"column":59}},"81":{"start":{"line":516,"column":27},"end":{"line":516,"column":60}},"82":{"start":{"line":517,"column":12},"end":{"line":517,"column":41}},"83":{"start":{"line":518,"column":12},"end":{"line":518,"column":39}},"84":{"start":{"line":524,"column":27},"end":{"line":524,"column":58}},"85":{"start":{"line":531,"column":28},"end":{"line":565,"column":14}},"86":{"start":{"line":534,"column":34},"end":{"line":534,"column":36}},"87":{"start":{"line":535,"column":28},"end":{"line":535,"column":30}},"88":{"start":{"line":536,"column":16},"end":{"line":541,"column":17}},"89":{"start":{"line":537,"column":20},"end":{"line":537,"column":85}},"90":{"start":{"line":538,"column":20},"end":{"line":538,"column":67}},"91":{"start":{"line":540,"column":20},"end":{"line":540,"column":100}},"92":{"start":{"line":544,"column":39},"end":{"line":544,"column":71}},"93":{"start":{"line":545,"column":38},"end":{"line":545,"column":68}},"94":{"start":{"line":547,"column":16},"end":{"line":564,"column":18}},"95":{"start":{"line":567,"column":12},"end":{"line":567,"column":27}},"96":{"start":{"line":570,"column":12},"end":{"line":570,"column":81}},"97":{"start":{"line":571,"column":12},"end":{"line":571,"column":24}},"98":{"start":{"line":619,"column":8},"end":{"line":725,"column":9}},"99":{"start":{"line":625,"column":12},"end":{"line":632,"column":13}},"100":{"start":{"line":626,"column":29},"end":{"line":626,"column":62}},"101":{"start":{"line":629,"column":16},"end":{"line":631,"column":17}},"102":{"start":{"line":630,"column":20},"end":{"line":630,"column":69}},"103":{"start":{"line":634,"column":12},"end":{"line":639,"column":13}},"104":{"start":{"line":635,"column":33},"end":{"line":635,"column":61}},"105":{"start":{"line":636,"column":16},"end":{"line":638,"column":17}},"106":{"start":{"line":637,"column":20},"end":{"line":637,"column":77}},"107":{"start":{"line":648,"column":24},"end":{"line":648,"column":45}},"108":{"start":{"line":649,"column":27},"end":{"line":649,"column":29}},"109":{"start":{"line":650,"column":35},"end":{"line":650,"column":37}},"110":{"start":{"line":655,"column":12},"end":{"line":658,"column":13}},"111":{"start":{"line":656,"column":16},"end":{"line":656,"column":49}},"112":{"start":{"line":657,"column":16},"end":{"line":657,"column":47}},"113":{"start":{"line":660,"column":12},"end":{"line":663,"column":13}},"114":{"start":{"line":661,"column":16},"end":{"line":661,"column":52}},"115":{"start":{"line":662,"column":16},"end":{"line":662,"column":50}},"116":{"start":{"line":665,"column":12},"end":{"line":668,"column":13}},"117":{"start":{"line":666,"column":16},"end":{"line":666,"column":55}},"118":{"start":{"line":667,"column":16},"end":{"line":667,"column":62}},"119":{"start":{"line":670,"column":12},"end":{"line":673,"column":13}},"120":{"start":{"line":671,"column":16},"end":{"line":671,"column":49}},"121":{"start":{"line":672,"column":16},"end":{"line":672,"column":56}},"122":{"start":{"line":675,"column":12},"end":{"line":678,"column":13}},"123":{"start":{"line":676,"column":16},"end":{"line":676,"column":53}},"124":{"start":{"line":677,"column":16},"end":{"line":677,"column":58}},"125":{"start":{"line":680,"column":12},"end":{"line":683,"column":13}},"126":{"start":{"line":681,"column":16},"end":{"line":681,"column":60}},"127":{"start":{"line":682,"column":16},"end":{"line":682,"column":63}},"128":{"start":{"line":685,"column":12},"end":{"line":688,"column":13}},"129":{"start":{"line":686,"column":16},"end":{"line":686,"column":50}},"130":{"start":{"line":687,"column":16},"end":{"line":687,"column":41}},"131":{"start":{"line":692,"column":12},"end":{"line":694,"column":13}},"132":{"start":{"line":693,"column":16},"end":{"line":693,"column":41}},"133":{"start":{"line":698,"column":12},"end":{"line":698,"column":54}},"134":{"start":{"line":701,"column":12},"end":{"line":701,"column":47}},"135":{"start":{"line":705,"column":12},"end":{"line":705,"column":60}},"136":{"start":{"line":706,"column":12},"end":{"line":706,"column":28}},"137":{"start":{"line":712,"column":29},"end":{"line":712,"column":60}},"138":{"start":{"line":715,"column":12},"end":{"line":717,"column":13}},"139":{"start":{"line":716,"column":16},"end":{"line":716,"column":28}},"140":{"start":{"line":720,"column":12},"end":{"line":720,"column":37}},"141":{"start":{"line":723,"column":12},"end":{"line":723,"column":74}},"142":{"start":{"line":724,"column":12},"end":{"line":724,"column":24}},"143":{"start":{"line":761,"column":8},"end":{"line":782,"column":9}},"144":{"start":{"line":765,"column":26},"end":{"line":770,"column":13}},"145":{"start":{"line":773,"column":29},"end":{"line":773,"column":58}},"146":{"start":{"line":777,"column":12},"end":{"line":777,"column":43}},"147":{"start":{"line":780,"column":12},"end":{"line":780,"column":78}},"148":{"start":{"line":781,"column":12},"end":{"line":781,"column":24}},"149":{"start":{"line":787,"column":0},"end":{"line":787,"column":24}}},"fnMap":{"0":{"name":"(anonymous_0)","decl":{"start":{"line":103,"column":4},"end":{"line":103,"column":5}},"loc":{"start":{"line":103,"column":30},"end":{"line":265,"column":5}},"line":103},"1":{"name":"(anonymous_1)","decl":{"start":{"line":144,"column":25},"end":{"line":144,"column":26}},"loc":{"start":{"line":144,"column":30},"end":{"line":144,"column":38}},"line":144},"2":{"name":"(anonymous_2)","decl":{"start":{"line":145,"column":28},"end":{"line":145,"column":29}},"loc":{"start":{"line":145,"column":33},"end":{"line":145,"column":45}},"line":145},"3":{"name":"(anonymous_3)","decl":{"start":{"line":171,"column":25},"end":{"line":171,"column":26}},"loc":{"start":{"line":171,"column":30},"end":{"line":171,"column":38}},"line":171},"4":{"name":"(anonymous_4)","decl":{"start":{"line":172,"column":28},"end":{"line":172,"column":29}},"loc":{"start":{"line":172,"column":33},"end":{"line":172,"column":45}},"line":172},"5":{"name":"(anonymous_5)","decl":{"start":{"line":300,"column":4},"end":{"line":300,"column":5}},"loc":{"start":{"line":300,"column":30},"end":{"line":404,"column":5}},"line":300},"6":{"name":"(anonymous_6)","decl":{"start":{"line":445,"column":4},"end":{"line":445,"column":5}},"loc":{"start":{"line":445,"column":50},"end":{"line":573,"column":5}},"line":445},"7":{"name":"(anonymous_7)","decl":{"start":{"line":531,"column":37},"end":{"line":531,"column":38}},"loc":{"start":{"line":531,"column":46},"end":{"line":565,"column":13}},"line":531},"8":{"name":"(anonymous_8)","decl":{"start":{"line":618,"column":4},"end":{"line":618,"column":5}},"loc":{"start":{"line":618,"column":34},"end":{"line":726,"column":5}},"line":618},"9":{"name":"(anonymous_9)","decl":{"start":{"line":760,"column":4},"end":{"line":760,"column":5}},"loc":{"start":{"line":760,"column":32},"end":{"line":783,"column":5}},"line":760}},"branchMap":{"0":{"loc":{"start":{"line":111,"column":12},"end":{"line":113,"column":13}},"type":"if","locations":[{"start":{"line":111,"column":12},"end":{"line":113,"column":13}},{"start":{},"end":{}}],"line":111},"1":{"loc":{"start":{"line":111,"column":16},"end":{"line":111,"column":55}},"type":"binary-expr","locations":[{"start":{"line":111,"column":16},"end":{"line":111,"column":27}},{"start":{"line":111,"column":31},"end":{"line":111,"column":55}}],"line":111},"2":{"loc":{"start":{"line":116,"column":12},"end":{"line":118,"column":13}},"type":"if","locations":[{"start":{"line":116,"column":12},"end":{"line":118,"column":13}},{"start":{},"end":{}}],"line":116},"3":{"loc":{"start":{"line":116,"column":16},"end":{"line":116,"column":61}},"type":"binary-expr","locations":[{"start":{"line":116,"column":16},"end":{"line":116,"column":30}},{"start":{"line":116,"column":34},"end":{"line":116,"column":61}}],"line":116},"4":{"loc":{"start":{"line":122,"column":12},"end":{"line":124,"column":13}},"type":"if","locations":[{"start":{"line":122,"column":12},"end":{"line":124,"column":13}},{"start":{},"end":{}}],"line":122},"5":{"loc":{"start":{"line":122,"column":16},"end":{"line":122,"column":50}},"type":"binary-expr","locations":[{"start":{"line":122,"column":16},"end":{"line":122,"column":29}},{"start":{"line":122,"column":33},"end":{"line":122,"column":50}}],"line":122},"6":{"loc":{"start":{"line":136,"column":12},"end":{"line":149,"column":13}},"type":"if","locations":[{"start":{"line":136,"column":12},"end":{"line":149,"column":13}},{"start":{"line":139,"column":19},"end":{"line":149,"column":13}}],"line":136},"7":{"loc":{"start":{"line":139,"column":19},"end":{"line":149,"column":13}},"type":"if","locations":[{"start":{"line":139,"column":19},"end":{"line":149,"column":13}
[...]
:{"line":88,"column":8},"end":{"line":88,"column":39}},"13":{"start":{"line":93,"column":25},"end":{"line":101,"column":9}},"14":{"start":{"line":102,"column":8},"end":{"line":102,"column":39}},"15":{"start":{"line":107,"column":25},"end":{"line":110,"column":9}},"16":{"start":{"line":111,"column":8},"end":{"line":111,"column":39}},"17":{"start":{"line":116,"column":22},"end":{"line":118,"column":129}},"18":{"start":{"line":120,"column":23},"end":{"line":120,"column":48}},"19":{"start":{"line":121,"column":8},"end":{"line":121,"column":20}},"20":{"start":{"line":125,"column":0},"end":{"line":125,"column":22}}},"fnMap":{"0":{"name":"(anonymous_0)","decl":{"start":{"line":18,"column":4},"end":{"line":18,"column":5}},"loc":{"start":{"line":18,"column":48},"end":{"line":26,"column":5}},"line":18},"1":{"name":"(anonymous_1)","decl":{"start":{"line":32,"column":4},"end":{"line":32,"column":5}},"loc":{"start":{"line":32,"column":36},"end":{"line":40,"column":5}},"line":32},"2":{"name":"(anonymous_2)","decl":{"start":{"line":44,"column":4},"end":{"line":44,"column":5}},"loc":{"start":{"line":44,"column":30},"end":{"line":52,"column":5}},"line":44},"3":{"name":"(anonymous_3)","decl":{"start":{"line":57,"column":4},"end":{"line":57,"column":5}},"loc":{"start":{"line":57,"column":75},"end":{"line":66,"column":5}},"line":57},"4":{"name":"(anonymous_4)","decl":{"start":{"line":70,"column":4},"end":{"line":70,"column":5}},"loc":{"start":{"line":70,"column":42},"end":{"line":78,"column":5}},"line":70},"5":{"name":"(anonymous_5)","decl":{"start":{"line":81,"column":4},"end":{"line":81,"column":5}},"loc":{"start":{"line":81,"column":53},"end":{"line":89,"column":5}},"line":81},"6":{"name":"(anonymous_6)","decl":{"start":{"line":92,"column":4},"end":{"line":92,"column":5}},"loc":{"start":{"line":92,"column":39},"end":{"line":103,"column":5}},"line":92},"7":{"name":"(anonymous_7)","decl":{"start":{"line":106,"column":4},"end":{"line":106,"column":5}},"loc":{"start":{"line":106,"column":28},"end":{"line":112,"column":5}},"line":106},"8":{"name":"(anonymous_8)","decl":{"start":{"line":115,"column":4},"end":{"line":115,"column":5}},"loc":{"start":{"line":115,"column":58},"end":{"line":122,"column":5}},"line":115}},"branchMap":{"0":{"loc":{"start":{"line":25,"column":15},"end":{"line":25,"column":30}},"type":"binary-expr","locations":[{"start":{"line":25,"column":15},"end":{"line":25,"column":22}},{"start":{"line":25,"column":26},"end":{"line":25,"column":30}}],"line":25},"1":{"loc":{"start":{"line":39,"column":15},"end":{"line":39,"column":30}},"type":"binary-expr","locations":[{"start":{"line":39,"column":15},"end":{"line":39,"column":22}},{"start":{"line":39,"column":26},"end":{"line":39,"column":30}}],"line":39},"2":{"loc":{"start":{"line":51,"column":15},"end":{"line":51,"column":30}},"type":"binary-expr","locations":[{"start":{"line":51,"column":15},"end":{"line":51,"column":22}},{"start":{"line":51,"column":26},"end":{"line":51,"column":30}}],"line":51},"3":{"loc":{"start":{"line":57,"column":58},"end":{"line":57,"column":71}},"type":"default-arg","locations":[{"start":{"line":57,"column":65},"end":{"line":57,"column":71}}],"line":57},"4":{"loc":{"start":{"line":115,"column":25},"end":{"line":115,"column":56}},"type":"default-arg","locations":[{"start":{"line":115,"column":54},"end":{"line":115,"column":56}}],"line":115},"5":{"loc":{"start":{"line":115,"column":27},"end":{"line":115,"column":49}},"type":"default-arg","locations":[{"start":{"line":115,"column":44},"end":{"line":115,"column":49}}],"line":115},"6":{"loc":{"start":{"line":116,"column":22},"end":{"line":118,"column":129}},"type":"cond-expr","locations":[{"start":{"line":117,"column":14},"end":{"line":117,"column":116}},{"start":{"line":118,"column":14},"end":{"line":118,"column":129}}],"line":116}},"s":{"0":1,"1":3,"2":3,"3":8,"4":8,"5":7,"6":7,"7":7,"8":7,"9":0,"10":0,"11":0,"12":0,"13":0,"14":0,"15":0,"16":0,"17":0,"18":0,"19":0,"20":1},"f":{"0":3,"1":8,"2":7,"3":7,"4":0,"5":0,"6":0,"7":0,"8":0},"b":{"0":[3,1],"1":[8,7],"2":[7,0],"3":[7],"4":[0],"5":[0],"6":[0,0]},"inputSourceMap":null,"_coverageSchema":"1a1c01bbd47fc00a2c39e90264f33305004495a9","hash":"bfc7d4369d0a1f37d7720bd23487335f1bbadcd6"}
,"D:\\Pivot\\Projet-file-rouge\\src\\models\\comment.js": {"path":"D:\\Pivot\\Projet-file-rouge\\src\\models\\comment.js","statementMap":{"0":{"start":{"line":20,"column":17},"end":{"line":20,"column":50}},"1":{"start":{"line":34,"column":23},"end":{"line":41,"column":9}},"2":{"start":{"line":43,"column":8},"end":{"line":43,"column":20}},"3":{"start":{"line":74,"column":8},"end":{"line":76,"column":9}},"4":{"start":{"line":75,"column":12},"end":{"line":75,"column":54}},"5":{"start":{"line":79,"column":8},"end":{"line":81,"column":9}},"6":{"start":{"line":80,"column":12},"end":{"line":80,"column":69}},"7":{"start":{"line":83,"column":8},"end":{"line":121,"column":9}},"8":{"start":{"line":87,"column":29},"end":{"line":95,"column":13}},"9":{"start":{"line":100,"column":12},"end":{"line":106,"column":14}},"10":{"start":{"line":115,"column":12},"end":{"line":117,"column":13}},"11":{"start":{"line":116,"column":16},"end":{"line":116,"column":52}},"12":{"start":{"line":120,"column":12},"end":{"line":120,"column":24}},"13":{"start":{"line":135,"column":8},"end":{"line":140,"column":10}},"14":{"start":{"line":145,"column":0},"end":{"line":145,"column":25}}},"fnMap":{"0":{"name":"(anonymous_0)","decl":{"start":{"line":33,"column":4},"end":{"line":33,"column":5}},"loc":{"start":{"line":33,"column":42},"end":{"line":44,"column":5}},"line":33},"1":{"name":"(anonymous_1)","decl":{"start":{"line":67,"column":4},"end":{"line":67,"column":5}},"loc":{"start":{"line":67,"column":30},"end":{"line":122,"column":5}},"line":67},"2":{"name":"(anonymous_2)","decl":{"start":{"line":134,"column":4},"end":{"line":134,"column":5}},"loc":{"start":{"line":134,"column":32},"end":{"line":141,"column":5}},"line":134}},"branchMap":{"0":{"loc":{"start":{"line":74,"column":8},"end":{"line":76,"column":9}},"type":"if","locations":[{"start":{"line":74,"column":8},"end":{"line":76,"column":9}},{"start":{},"end":{}}],"line":74},"1":{"loc":{"start":{"line":74,"column":12},"end":{"line":74,"column":61}},"type":"binary-expr","locations":[{"start":{"line":74,"column":12},"end":{"line":74,"column":28}},{"start":{"line":74,"column":32},"end":{"line":74,"column":61}}],"line":74},"2":{"loc":{"start":{"line":79,"column":8},"end":{"line":81,"column":9}},"type":"if","locations":[{"start":{"line":79,"column":8},"end":{"line":81,"column":9}},{"start":{},"end":{}}],"line":79},"3":{"loc":{"start":{"line":79,"column":12},"end":{"line":79,"column":59}},"type":"binary-expr","locations":[{"start":{"line":79,"column":12},"end":{"line":79,"column":25}},{"start":{"line":79,"column":29},"end":{"line":79,"column":59}}],"line":79},"4":{"loc":{"start":{"line":115,"column":12},"end":{"line":117,"column":13}},"type":"if","locations":[{"start":{"line":115,"column":12},"end":{"line":117,"column":13}},{"start":{},"end":{}}],"line":115}},"s":{"0":2,"1":3,"2":3,"3":6,"4":1,"5":5,"6":1,"7":4,"8":4,"9":3,"10":1,"11":1,"12":0,"13":2,"14":2},"f":{"0":3,"1":6,"2":2},"b":{"0":[1,5],"1":[6,5],"2":[1,4],"3":[5,5],"4":[1,0]},"inputSourceMap":null,"_coverageSchema":"1a1c01bbd47fc00a2c39e90264f33305004495a9","hash":"c3b797fffae2bb85c80fd42f373dc6e0c93b6e31"}
,"D:\\Pivot\\Projet-file-rouge\\src\\models\\comment1.js": {"path":"D:\\Pivot\\Projet-file-rouge\\src\\models\\comment1.js","statementMap":{"0":{"start":{"line":13,"column":17},"end":{"line":13,"column":50}},"1":{"start":{"line":23,"column":23},"end":{"line":41,"column":9}},"2":{"start":{"line":42,"column":8},"end":{"line":42,"column":20}},"3":{"start":{"line":54,"column":25},"end":{"line":59,"column":9}},"4":{"start":{"line":62,"column":23},"end":{"line":75,"column":9}},"5":{"start":{"line":76,"column":8},"end":{"line":76,"column":23}},"6":{"start":{"line":82,"column":25},"end":{"line":88,"column":9}},"7":{"start":{"line":89,"column":8},"end":{"line":89,"column":39}},"8":{"start":{"line":94,"column":0},"end":{"line":94,"column":25}}},"fnMap":{"0":{"name":"(anonymous_0)","decl":{"start":{"line":22,"column":4},"end":{"line":22,"column":5}},"loc":{"start":{"line":22,"column":42},"end":{"line":44,"column":5}},"line":22},"1":{"name":"(anonymous_1)","decl":{"start":{"line":53,"column":4},"end":{"line":53,"column":5}},"loc":{"start":{"line":53,"column":83},"end":{"line":77,"column":5}},"line":53},"2":{"name":"(anonymous_2)","decl":{"start":{"line":81,"column":4},"end":{"line":81,"column":5}},"loc":{"start":{"line":81,"column":28},"end":{"line":91,"column":5}},"line":81}},"branchMap":{"0":{"loc":{"start":{"line":53,"column":37},"end":{"line":53,"column":51}},"type":"default-arg","locations":[{"start":{"line":53,"column":47},"end":{"line":53,"column":51}}],"line":53},"1":{"loc":{"start":{"line":53,"column":53},"end":{"line":53,"column":70}},"type":"default-arg","locations":[{"start":{"line":53,"column":66},"end":{"line":53,"column":70}}],"line":53}},"s":{"0":0,"1":0,"2":0,"3":0,"4":0,"5":0,"6":0,"7":0,"8":0},"f":{"0":0,"1":0,"2":0},"b":{"0":[0],"1":[0]},"inputSourceMap":null}
,"D:\\Pivot\\Projet-file-rouge\\src\\routes\\authRoutes.js": {"path":"D:\\Pivot\\Projet-file-rouge\\src\\routes\\authRoutes.js","statementMap":{"0":{"start":{"line":8,"column":19},"end":{"line":8,"column":37}},"1":{"start":{"line":9,"column":17},"end":{"line":9,"column":45}},"2":{"start":{"line":10,"column":23},"end":{"line":10,"column":63}},"3":{"start":{"line":11,"column":25},"end":{"line":11,"column":61}},"4":{"start":{"line":13,"column":15},"end":{"line":13,"column":23}},"5":{"start":{"line":17,"column":27},"end":{"line":34,"column":1}},"6":{"start":{"line":36,"column":24},"end":{"line":39,"column":1}},"7":{"start":{"line":42,"column":0},"end":{"line":42,"column":70}},"8":{"start":{"line":43,"column":0},"end":{"line":43,"column":61}},"9":{"start":{"line":44,"column":0},"end":{"line":44,"column":54}},"10":{"start":{"line":46,"column":0},"end":{"line":46,"column":24}}},"fnMap":{},"branchMap":{},"s":{"0":1,"1":1,"2":1,"3":1,"4":1,"5":1,"6":1,"7":1,"8":1,"9":1,"10":1},"f":{},"b":{},"inputSourceMap":null,"_coverageSchema":"1a1c01bbd47fc00a2c39e90264f33305004495a9","hash":"c0ac6f1d444422cfa0343677fe56b512d6b287b1"}
,"D:\\Pivot\\Projet-file-rouge\\src\\routes\\commentRoutes.js": {"path":"D:\\Pivot\\Projet-file-rouge\\src\\routes\\commentRoutes.js","statementMap":{"0":{"start":{"line":9,"column":16},"end":{"line":9,"column":34}},"1":{"start":{"line":10,"column":35},"end":{"line":10,"column":63}},"2":{"start":{"line":11,"column":15},"end":{"line":11,"column":52}},"3":{"start":{"line":13,"column":26},"end":{"line":13,"column":69}},"4":{"start":{"line":14,"column":25},"end":{"line":14,"column":58}},"5":{"start":{"line":20,"column":12},"end":{"line":20,"column":35}},"6":{"start":{"line":23,"column":19},"end":{"line":23,"column":44}},"7":{"start":{"line":24,"column":4},"end":{"line":32,"column":5}},"8":{"start":{"line":25,"column":8},"end":{"line":31,"column":9}},"9":{"start":{"line":26,"column":26},"end":{"line":26,"column":41}},"10":{"start":{"line":27,"column":12},"end":{"line":27,"column":65}},"11":{"start":{"line":30,"column":12},"end":{"line":30,"column":33}},"12":{"start":{"line":33,"column":4},"end":{"line":33,"column":11}},"13":{"start":{"line":40,"column":21},"end":{"line":53,"column":1}},"14":{"start":{"line":47,"column":28},"end":{"line":47,"column":37}},"15":{"start":{"line":56,"column":19},"end":{"line":56,"column":40}},"16":{"start":{"line":57,"column":4},"end":{"line":59,"column":5}},"17":{"start":{"line":58,"column":8},"end":{"line":58,"column":64}},"18":{"start":{"line":60,"column":4},"end":{"line":60,"column":11}},"19":{"start":{"line":64,"column":0},"end":{"line":64,"column":55}},"20":{"start":{"line":65,"column":0},"end":{"line":65,"column":86}},"21":{"start":{"line":66,"column":0},"end":{"line":66,"column":69}},"22":{"start":{"line":68,"column":0},"end":{"line":68,"column":24}}},"fnMap":{"0":{"name":"attachUser","decl":{"start":{"line":22,"column":9},"end":{"line":22,"column":19}},"loc":{"start":{"line":22,"column":37},"end":{"line":37,"column":1}},"line":22},"1":{"name":"(anonymous_1)","decl":{"start":{"line":47,"column":12},"end":{"line":47,"column":13}},"loc":{"start":{"line":47,"column":28},"end":{"line":47,"column":37}},"line":47},"2":{"name":"validate","decl":{"start":{"line":55,"column":9},"end":{"line":55,"column":17}},"loc":{"start":{"line":55,"column":34},"end":{"line":61,"column":1}},"line":55}},"branchMap":{"0":{"loc":{"start":{"line":24,"column":4},"end":{"line":32,"column":5}},"type":"if","locations":[{"start":{"line":24,"column":4},"end":{"line":32,"column":5}},{"start":{},"end":{}}],"line":24},"1":{"loc":{"start":{"line":24,"column":8},"end":{"line":24,"column":46}},"type":"binary-expr","locations":[{"start":{"line":24,"column":8},"end":{"line":24,"column":14}},{"start":{"line":24,"column":18},"end":{"line":24,"column":46}}],"line":24},"2":{"loc":{"start":{"line":57,"column":4},"end":{"line":59,"column":5}},"type":"if","locations":[{"start":{"line":57,"column":4},"end":{"line":59,"column":5}},{"start":{},"end":{}}],"line":57}},"s":{"0":1,"1":1,"2":1,"3":1,"4":1,"5":1,"6":0,"7":0,"8":0,"9":0,"10":0,"11":0,"12":0,"13":1,"14":0,"15":0,"16":0,"17":0,"18":0,"19":1,"20":1,"21":1,"22":1},"f":{"0":0,"1":0,"2":0},"b":{"0":[0,0],"1":[0,0],"2":[0,0]},"inputSourceMap":null,"_coverageSchema":"1a1c01bbd47fc00a2c39e90264f33305004495a9","hash":"37dcfffa60f19e8857d5f6e8735fe315b9084a1a"}
,"D:\\Pivot\\Projet-file-rouge\\src\\routes\\ratingRoutes.js": {"path":"D:\\Pivot\\Projet-file-rouge\\src\\routes\\ratingRoutes.js","statementMap":{"0":{"start":{"line":7,"column":16},"end":{"line":7,"column":34}},"1":{"start":{"line":8,"column":35},"end":{"line":8,"column":63}},"2":{"start":{"line":9,"column":15},"end":{"line":9,"column":52}},"3":{"start":{"line":11,"column":25},"end":{"line":11,"column":67}},"4":{"start":{"line":12,"column":25},"end":{"line":12,"column":58}},"5":{"start":{"line":14,"column":20},"end":{"line":18,"column":1}},"6":{"start":{"line":21,"column":19},"end":{"line":21,"column":40}},"7":{"start":{"line":22,"column":4},"end":{"line":24,"column":5}},"8":{"start":{"line":23,"column":8},"end":{"line":23,"column":64}},"9":{"start":{"line":25,"column":4},"end":{"line":25,"column":11}},"10":{"start":{"line":28,"column":0},"end":{"line":28,"column":83}},"11":{"start":{"line":30,"column":0},"end":{"line":30,"column":24}}},"fnMap":{"0":{"name":"validate","decl":{"start":{"line":20,"column":9},"end":{"line":20,"column":17}},"loc":{"start":{"line":20,"column":34},"end":{"line":26,"column":1}},"line":20}},"branchMap":{"0":{"loc":{"start":{"line":22,"column":4},"end":{"line":24,"column":5}},"type":"if","locations":[{"start":{"line":22,"column":4},"end":{"line":24,"column":5}},{"start":{},"end":{}}],"line":22}},"s":{"0":1,"1":1,"2":1,"3":1,"4":1,"5":1,"6":0,"7":0,"8":0,"9":0,"10":1,"11":1},"f":{"0":0},"b":{"0":[0,0]},"inputSourceMap":null,"_coverageSchema":"1a1c01bbd47fc00a2c39e90264f33305004495a9","hash":"860c645722db63d3b4efe9abeac6d47099e95acc"}
,"D:\\Pivot\\Projet-file-rouge\\src\\routes\\recipeRoutes.js": {"path":"D:\\Pivot\\Projet-file-rouge\\src\\routes\\recipeRoutes.js","statementMap":{"0":{"start":{"line":9,"column":16},"end":{"line":9,"column":34}},"1":{"start":{"line":10,"column":42},"end":{"line":10,"column":70}},"2":{"start":{"line":11,"column":25},"end":{"line":11,"column":58}},"3":{"start":{"line":12,"column":25},"end":{"line":12,"column":67}},"4":{"start":{"line":14,"column":15},"end":{"line":14,"column":31}},"5":{"start":{"line":20,"column":19},"end":{"line":20,"column":40}},"6":{"start":{"line":21,"column":4},"end":{"line":23,"column":5}},"7":{"start":{"line":22,"column":8},"end":{"line":22,"column":64}},"8":{"start":{"line":24,"column":4},"end":{"line":24,"column":11}},"9":{"start":{"line":28,"column":24},"end":{"line":63,"column":1}},"10":{"start":{"line":68,"column":0},"end":{"line":68,"column":48}},"11":{"start":{"line":69,"column":0},"end":{"line":69,"column":56}},"12":{"start":{"line":71,"column":0},"end":{"line":71,"column":51}},"13":{"start":{"line":74,"column":0},"end":{"line":80,"column":2}},"14":{"start":{"line":82,"column":0},"end":{"line":88,"column":2}},"15":{"start":{"line":90,"column":0},"end":{"line":95,"column":2}},"16":{"start":{"line":97,"column":0},"end":{"line":97,"column":24}}},"fnMap":{"0":{"name":"validate","decl":{"start":{"line":19,"column":9},"end":{"line":19,"column":17}},"loc":{"start":{"line":19,"column":34},"end":{"line":25,"column":1}},"line":19}},"branchMap":{"0":{"loc":{"start":{"line":21,"column":4},"end":{"line":23,"column":5}},"type":"if","locations":[{"start":{"line":21,"column":4},"end":{"line":23,"column":5}},{"start":{},"end":{}}],"line":21}},"s":{"0":1,"1":1,"2":1,"3":1,"4":1,"5":0,"6":0,"7":0,"8":0,"9":1,"10":1,"11":1,"12":1,"13":1,"14":1,"15":1,"16":1},"f":{"0":0},"b":{"0":[0,0]},"inputSourceMap":null,"_coverageSchema":"1a1c01bbd47fc00a2c39e90264f33305004495a9","hash":"c5780e74cf0d0aa0a5337c7cadba2588d0c2a0ec"}
,"D:\\Pivot\\Projet-file-rouge\\src\\utils\\apiResponse.js": {"path":"D:\\Pivot\\Projet-file-rouge\\src\\utils\\apiResponse.js","statementMap":{"0":{"start":{"line":13,"column":20},"end":{"line":19,"column":1}},"1":{"start":{"line":14,"column":4},"end":{"line":18,"column":7}},"2":{"start":{"line":24,"column":25},"end":{"line":35,"column":1}},"3":{"start":{"line":25,"column":18},"end":{"line":33,"column":5}},"4":{"start":{"line":34,"column":4},"end":{"line":34,"column":36}},"5":{"start":{"line":40,"column":18},"end":{"line":54,"column":1}},"6":{"start":{"line":41,"column":21},"end":{"line":47,"column":5}},"7":{"start":{"line":49,"column":4},"end":{"line":51,"column":5}},"8":{"start":{"line":50,"column":8},"end":{"line":50,"column":41}},"9":{"start":{"line":53,"column":4},"end":{"line":53,"column":49}},"10":{"start":{"line":56,"column":0},"end":{"line":56,"column":44}}},"fnMap":{"0":{"name":"(anonymous_0)","decl":{"start":{"line":13,"column":20},"end":{"line":13,"column":21}},"loc":{"start":{"line":13,"column":69},"end":{"line":19,"column":1}},"line":13},"1":{"name":"(anonymous_1)","decl":{"start":{"line":24,"column":25},"end":{"line":24,"column":26}},"loc":{"start":{"line":24,"column":37},"end":{"line":35,"column":1}},"line":24},"2":{"name":"(anonymous_2)","decl":{"start":{"line":40,"column":18},"end":{"line":40,"column":19}},"loc":{"start":{"line":40,"column":70},"end":{"line":54,"column":1}},"line":40}},"branchMap":{"0":{"loc":{"start":{"line":13,"column":32},"end":{"line":13,"column":46}},"type":"default-arg","locations":[{"start":{"line":13,"column":42},"end":{"line":13,"column":46}}],"line":13},"1":{"loc":{"start":{"line":13,"column":48},"end":{"line":13,"column":64}},"type":"default-arg","locations":[{"start":{"line":13,"column":61},"end":{"line":13,"column":64}}],"line":13},"2":{"loc":{"start":{"line":34,"column":11},"end":{"line":34,"column":35}},"type":"binary-expr","locations":[{"start":{"line":34,"column":11},"end":{"line":34,"column":24}},{"start":{"line":34,"column":28},"end":{"line":34,"column":35}}],"line":34},"3":{"loc":{"start":{"line":40,"column":33},"end":{"line":40,"column":49}},"type":"default-arg","locations":[{"start":{"line":40,"column":46},"end":{"line":40,"column":49}}],"line":40},"4":{"loc":{"start":{"line":40,"column":51},"end":{"line":40,"column":65}},"type":"default-arg","locations":[{"start":{"line":40,"column":61},"end":{"line":40,"column":65}}],"line":40},"5":{"loc":{"start":{"line":49,"column":4},"end":{"line":51,"column":5}},"type":"if","locations":[{"start":{"line":49,"column":4},"end":{"line":51,"column":5}},{"start":{},"end":{}}],"line":49}},"s":{"0":1,"1":8,"2":1,"3":7,"4":7,"5":1,"6":7,"7":7,"8":0,"9":7,"10":1},"f":{"0":8,"1":7,"2":7},"b":{"0":[0],"1":[1],"2":[7,0],"3":[0],"4":[7],"5":[0,7]},"inputSourceMap":null,"_coverageSchema":"1a1c01bbd47fc00a2c39e90264f33305004495a9","hash":"1585ae65366d2db86be883e21fc0785498da3eea"}
}
