{"C:\\Users\\vboxuser\\Desktop\\projet-file-rouge\\src\\constants\\filters.js": {"path":"C:\\Users\\vboxuser\\Desktop\\projet-file-rouge\\src\\constants\\filters.js","statementMap":{"0":{"start":{"line":24,"column":16},"end":{"line":30,"column":1}},"1":{"start":{"line":33,"column":13},"end":{"line":38,"column":1}},"2":{"start":{"line":40,"column":0},"end":{"line":40,"column":35}}},"fnMap":{},"branchMap":{},"s":{"0":6,"1":6,"2":6},"f":{},"b":{},"inputSourceMap":null,"_coverageSchema":"1a1c01bbd47fc00a2c39e90264f33305004495a9","hash":"fff030ee57bdbef3c4f94fa027a8ced0944b1848"}
,"C:\\Users\\vboxuser\\Desktop\\projet-file-rouge\\src\\controllers\\AdminController.js": {"path":"C:\\Users\\vboxuser\\Desktop\\projet-file-rouge\\src\\controllers\\AdminController.js","statementMap":{"0":{"start":{"line":12,"column":19},"end":{"line":12,"column":51}},"1":{"start":{"line":13,"column":17},"end":{"line":13,"column":50}},"2":{"start":{"line":23,"column":8},"end":{"line":107,"column":9}},"3":{"start":{"line":25,"column":34},"end":{"line":33,"column":14}},"4":{"start":{"line":36,"column":32},"end":{"line":43,"column":14}},"5":{"start":{"line":46,"column":31},"end":{"line":55,"column":14}},"6":{"start":{"line":58,"column":36},"end":{"line":68,"column":14}},"7":{"start":{"line":71,"column":34},"end":{"line":73,"column":14}},"8":{"start":{"line":75,"column":12},"end":{"line":75,"column":79}},"9":{"start":{"line":77,"column":12},"end":{"line":95,"column":15}},"10":{"start":{"line":98,"column":12},"end":{"line":101,"column":15}},"11":{"start":{"line":103,"column":12},"end":{"line":106,"column":15}},"12":{"start":{"line":114,"column":8},"end":{"line":173,"column":9}},"13":{"start":{"line":115,"column":64},"end":{"line":115,"column":73}},"14":{"start":{"line":117,"column":24},"end":{"line":132,"column":13}},"15":{"start":{"line":134,"column":27},"end":{"line":134,"column":29}},"16":{"start":{"line":136,"column":12},"end":{"line":139,"column":13}},"17":{"start":{"line":137,"column":16},"end":{"line":137,"column":45}},"18":{"start":{"line":138,"column":16},"end":{"line":138,"column":36}},"19":{"start":{"line":141,"column":32},"end":{"line":141,"column":80}},"20":{"start":{"line":142,"column":27},"end":{"line":142,"column":81}},"21":{"start":{"line":143,"column":12},"end":{"line":143,"column":50}},"22":{"start":{"line":145,"column":12},"end":{"line":145,"column":41}},"23":{"start":{"line":146,"column":12},"end":{"line":146,"column":59}},"24":{"start":{"line":148,"column":30},"end":{"line":148,"column":61}},"25":{"start":{"line":150,"column":12},"end":{"line":154,"column":15}},"26":{"start":{"line":156,"column":12},"end":{"line":160,"column":15}},"27":{"start":{"line":163,"column":12},"end":{"line":166,"column":15}},"28":{"start":{"line":168,"column":12},"end":{"line":172,"column":15}},"29":{"start":{"line":180,"column":8},"end":{"line":245,"column":9}},"30":{"start":{"line":181,"column":27},"end":{"line":181,"column":37}},"31":{"start":{"line":182,"column":49},"end":{"line":182,"column":57}},"32":{"start":{"line":184,"column":12},"end":{"line":189,"column":13}},"33":{"start":{"line":185,"column":16},"end":{"line":188,"column":19}},"34":{"start":{"line":191,"column":29},"end":{"line":194,"column":13}},"35":{"start":{"line":196,"column":12},"end":{"line":201,"column":13}},"36":{"start":{"line":197,"column":16},"end":{"line":200,"column":19}},"37":{"start":{"line":203,"column":35},"end":{"line":203,"column":51}},"38":{"start":{"line":205,"column":12},"end":{"line":208,"column":14}},"39":{"start":{"line":210,"column":37},"end":{"line":212,"column":35}},"40":{"start":{"line":214,"column":28},"end":{"line":216,"column":133}},"41":{"start":{"line":218,"column":12},"end":{"line":222,"column":14}},"42":{"start":{"line":224,"column":12},"end":{"line":228,"column":14}},"43":{"start":{"line":230,"column":12},"end":{"line":234,"column":15}},"44":{"start":{"line":237,"column":12},"end":{"line":239,"column":15}},"45":{"start":{"line":241,"column":12},"end":{"line":244,"column":15}},"46":{"start":{"line":252,"column":8},"end":{"line":301,"column":9}},"47":{"start":{"line":253,"column":27},"end":{"line":253,"column":37}},"48":{"start":{"line":254,"column":31},"end":{"line":254,"column":39}},"49":{"start":{"line":256,"column":29},"end":{"line":259,"column":13}},"50":{"start":{"line":261,"column":12},"end":{"line":266,"column":13}},"51":{"start":{"line":262,"column":16},"end":{"line":265,"column":19}},"52":{"start":{"line":268,"column":12},"end":{"line":271,"column":14}},"53":{"start":{"line":273,"column":28},"end":{"line":273,"column":119}},"54":{"start":{"line":275,"column":12},"end":{"line":279,"column":14}},"55":{"start":{"line":281,"column":12},"end":{"line":285,"column":14}},"56":{"start":{"line":287,"column":12},"end":{"line":290,"column":15}},"57":{"start":{"line":293,"column":12},"end":{"line":295,"column":15}},"58":{"start":{"line":297,"column":12},"end":{"line":300,"column":15}},"59":{"start":{"line":308,"column":8},"end":{"line":353,"column":9}},"60":{"start":{"line":309,"column":55},"end":{"line":309,"column":64}},"61":{"start":{"line":311,"column":24},"end":{"line":324,"column":13}},"62":{"start":{"line":326,"column":27},"end":{"line":326,"column":29}},"63":{"start":{"line":328,"column":12},"end":{"line":331,"column":13}},"64":{"start":{"line":329,"column":16},"end":{"line":329,"column":46}},"65":{"start":{"line":330,"column":16},"end":{"line":330,"column":36}},"66":{"start":{"line":333,"column":12},"end":{"line":333,"column":69}},"67":{"start":{"line":334,"column":12},"end":{"line":334,"column":59}},"68":{"start":{"line":336,"column":27},"end":{"line":336,"column":58}},"69":{"start":{"line":338,"column":12},"end":{"line":342,"column":15}},"70":{"start":{"line":345,"column":12},"end":{"line":347,"column":15}},"71":{"start":{"line":349,"column":12},"end":{"line":352,"column":15}},"72":{"start":{"line":359,"column":8},"end":{"line":390,"column":9}},"73":{"start":{"line":360,"column":37},"end":{"line":362,"column":13}},"74":{"start":{"line":364,"column":35},"end":{"line":366,"column":13}},"75":{"start":{"line":368,"column":39},"end":{"line":370,"column":13}},"76":{"start":{"line":372,"column":12},"end":{"line":379,"column":15}},"77":{"start":{"line":382,"column":12},"end":{"line":384,"column":15}},"78":{"start":{"line":386,"column":12},"end":{"line":389,"column":15}},"79":{"start":{"line":394,"column":8},"end":{"line":421,"column":9}},"80":{"start":{"line":395,"column":35},"end":{"line":395,"column":44}},"81":{"start":{"line":397,"column":30},"end":{"line":404,"column":13}},"82":{"start":{"line":406,"column":12},"end":{"line":410,"column":15}},"83":{"start":{"line":413,"column":12},"end":{"line":415,"column":15}},"84":{"start":{"line":417,"column":12},"end":{"line":420,"column":15}},"85":{"start":{"line":425,"column":8},"end":{"line":451,"column":9}},"86":{"start":{"line":426,"column":30},"end":{"line":430,"column":13}},"87":{"start":{"line":432,"column":22},"end":{"line":432,"column":52}},"88":{"start":{"line":434,"column":12},"end":{"line":436,"column":15}},"89":{"start":{"line":435,"column":16},"end":{"line":435,"column":76}},"90":{"start":{"line":438,"column":12},"end":{"line":438,"column":51}},"91":{"start":{"line":439,"column":12},"end":{"line":439,"column":42}},"92":{"start":{"line":440,"column":12},"end":{"line":440,"column":26}},"93":{"start":{"line":443,"column":12},"end":{"line":445,"column":15}},"94":{"start":{"line":447,"column":12},"end":{"line":450,"column":15}},"95":{"start":{"line":455,"column":0},"end":{"line":455,"column":33}}},"fnMap":{"0":{"name":"(anonymous_0)","decl":{"start":{"line":22,"column":4},"end":{"line":22,"column":5}},"loc":{"start":{"line":22,"column":40},"end":{"line":108,"column":5}},"line":22},"1":{"name":"(anonymous_1)","decl":{"start":{"line":113,"column":4},"end":{"line":113,"column":5}},"loc":{"start":{"line":113,"column":41},"end":{"line":174,"column":5}},"line":113},"2":{"name":"(anonymous_2)","decl":{"start":{"line":179,"column":4},"end":{"line":179,"column":5}},"loc":{"start":{"line":179,"column":46},"end":{"line":246,"column":5}},"line":179},"3":{"name":"(anonymous_3)","decl":{"start":{"line":251,"column":4},"end":{"line":251,"column":5}},"loc":{"start":{"line":251,"column":40},"end":{"line":302,"column":5}},"line":251},"4":{"name":"(anonymous_4)","decl":{"start":{"line":307,"column":4},"end":{"line":307,"column":5}},"loc":{"start":{"line":307,"column":35},"end":{"line":354,"column":5}},"line":307},"5":{"name":"(anonymous_5)","decl":{"start":{"line":358,"column":4},"end":{"line":358,"column":5}},"loc":{"start":{"line":358,"column":36},"end":{"line":391,"column":5}},"line":358},"6":{"name":"(anonymous_6)","decl":{"start":{"line":393,"column":4},"end":{"line":393,"column":5}},"loc":{"start":{"line":393,"column":41},"end":{"line":422,"column":5}},"line":393},"7":{"name":"(anonymous_7)","decl":{"start":{"line":424,"column":4},"end":{"line":424,"column":5}},"loc":{"start":{"line":424,"column":37},"end":{"line":452,"column":5}},"line":424},"8":{"name":"(anonymous_8)","decl":{"start":{"line":434,"column":28},"end":{"line":434,"column":29}},"loc":{"start":{"line":434,"column":33},"end":{"line":436,"column":13}},"line":434}},"branchMap":{"0":{"loc":{"start":{"line":115,"column":37},"end":{"line":115,"column":47}},"type":"default-arg","locations":[{"start":{"line":115,"column":45},"end":{"line":115,"column":47}}],"line":115},"1":{"loc":{"start":{"line":115,"column":49},"end":{"line":115,"column":59}},"type":"default-arg","locations":[{"start":{"line":115,"column":58},"end":{"line":115,"column":59}}],"line":115},"2":{"loc":{"start":{"line":136,"column":12},"end":{"line":139,"column":13}},"type":"if","locations":[{"start":{"line":136,"column":12},"end":{"line":139,"column":13}},{"start":{},"end":{}}],"line":136},"3":{"loc":{"start":{"line":136,"column":16},"end":{"line":136,"column":79}},"type":"binary-expr","locations":[{"start":{"line":136,"column":16},"end":{"line":136,"column":22}},{"start":{"line":136,"column":26},"end":{"line":136,"column":79}}],"line":136},"4":{"loc":{"start":{"line":142,"column":27},"end":{"line":142,"column":81}},"type":"cond-expr","locations":[{"start":{"line":142,"column":59},"end":{"line":142,"column":66}},{"start":{"line":142,"column":69},"end":{"line":142,"column":81}}],"line":142},"5":{"loc":{"start":{"line":152,"column":24},"end":{"line":152,"column":39}},"type":"binary-expr","locations":[{"start":{"line":152,"column":24},"end":{"line":152,"column":30}},{"start":{"line":152,"column":34},"end":{"line":152,"column":39}}],"line":152},"6":{"loc":{"start":{"line":184,"column":12},"end":{"line":189,"column":13}},"type":"if","locations":[{"start":{"line":184,"column":12},"end":{"line":189,"column":13}},{"start":{},"end":{}}],"line":184},"7":{"loc":{"start":{"line":196,"column":12},"end":{"line":201,"column":13}},"type":"if","locations":[{"start":{"line":196,"column":12},"end":{"line":201,"column":13}},{"start":{},"end":{}}],"line":196},"8":{"loc":{"start":{"line":210,"column":37},"end":{"line":212,"column":35}},"type":"cond-expr","locations":[{"start":{"line":211,"column":18},"end":{"line":211,"column":35}},{"start":{"line":212,"column":18},"end":{"line":212,"column":35}}],"line":210},"9":{"loc":{"start":{"line":214,"column":28},"end":{"line":216,"column":133}},"type":"cond-expr","locations":[{"start":{"line":215,"column":18},"end":{"line":215,"column":73}},{"start":{"line":216,"column":18},"end":{"line":216,"column":133}}],"line":214},"10":{"loc":{"start":{"line":216,"column":76},"end":{"line":216,"column":131}},"type":"cond-expr","locations":[{"start":{"line":216,"column":95},"end":{"line":216,"column":126}},{"start":{"line":216,"column":129},"end":{"line":216,"column":131}}],"line":216},"11":{"loc":{"start":{"line":261,"column":12},"end":{"line":266,"column":13}},"type":"if","locations":[{"start":{"line":261,"column":12},"end":{"line":266,"column":13}},{"start":{},"end":{}}],"line":261},"12":{"loc":{"start":{"line":273,"column":82},"end":{"line":273,"column":117}},"type":"cond-expr","locations":[{"start":{"line":273,"column":91},"end":{"line":273,"column":112}},{"start":{"line":273,"column":115},"end":{"line":273,"column":117}}],"line":273},"13":{"loc":{"start":{"line":309,"column":20},"end":{"line":309,"column":30}},"type":"default-arg","locations":[{"start":{"line":309,"column":28},"end":{"line":309,"column":30}}],"line":309},"14":{"loc":{"start":{"line":309,"column":32},"end":{"line":309,"column":42}},"type":"default-arg","locations":[{"start":{"line":309,"column":41},"end":{"line":309,"column":42}}],"line":309},"15":{"loc":{"start":{"line":328,"column":12},"end":{"line":331,"column":13}},"type":"if","locations":[{"start":{"line":328,"column":12},"end":{"line":331,"column":13}},{"start":{},"end":{}}],"line":328},"16":{"loc":{"start":{"line":395,"column":20},"end":{"line":395,"column":30}},"type":"default-arg","locations":[{"start":{"line":395,"column":28},"end":{"line":395,"column":30}}],"line":395}},"s":{"0":3,"1":3,"2":1,"3":1,"4":1,"5":1,"6":1,"7":1,"8":1,"9":1,"10":0,"11":0,"12":3,"13":3,"14":3,"15":3,"16":3,"17":1,"18":1,"19":3,"20":3,"21":3,"22":3,"23":3,"24":3,"25":3,"26":3,"27":0,"28":0,"29":3,"30":3,"31":3,"32":3,"33":0,"34":3,"35":3,"36":1,"37":2,"38":2,"39":2,"40":2,"41":2,"42":2,"43":2,"44":0,"45":0,"46":2,"47":2,"48":2,"49":2,"50":2,"51":1,"52":1,"53":1,"54":1,"55":1,"56":1,"57":0,"58":0,"59":2,"60":2,"61":2,"62":2,"63":2,"64":0,"65":0,"66":2,"67":2,"68":2,"69":2,"70":0,"71":0,"72":1,"73":1,"74":1,"75":1,"76":1,"77":0,"78":0,"79":1,"80":1,"81":1,"82":1,"83":0,"84":0,"85":1,"86":1,"87":1,"88":1,"89":0,"90":1,"91":1,"92":1,"93":0,"94":0,"95":3},"f":{"0":1,"1":3,"2":3,"3":2,"4":2,"5":1,"6":1,"7":1,"8":0},"b":{"0":[3],"1":[3],"2":[1,2],"3":[3,1],"4":[0,3],"5":[3,2],"6":[0,3],"7":[1,2],"8":[2,0],"9":[2,0],"10":[0,0],"11":[1,1],"12":[0,1],"13":[2],"14":[2],"15":[0,2],"16":[1]},"inputSourceMap":null,"_coverageSchema":"1a1c01bbd47fc00a2c39e90264f33305004495a9","hash":"9f8edf70785c8869b54b7ff597ee44d9a5bdc88f"}
,"C:\\Users\\vboxuser\\Desktop\\projet-file-rouge\\src\\controllers\\AdminController1.js": {"path":"C:\\Users\\vboxuser\\Desktop\\projet-file-rouge\\src\\controllers\\AdminController1.js","statementMap":{"0":{"start":{"line":12,"column":11},"end":{"line":12,"column":44}},"1":{"start":{"line":13,"column":19},"end":{"line":13,"column":51}},"2":{"start":{"line":15,"column":17},"end":{"line":15,"column":50}},"3":{"start":{"line":31,"column":8},"end":{"line":92,"column":9}},"4":{"start":{"line":32,"column":64},"end":{"line":32,"column":73}},"5":{"start":{"line":34,"column":24},"end":{"line":49,"column":7}},"6":{"start":{"line":51,"column":27},"end":{"line":51,"column":29}},"7":{"start":{"line":54,"column":12},"end":{"line":57,"column":13}},"8":{"start":{"line":55,"column":16},"end":{"line":55,"column":45}},"9":{"start":{"line":56,"column":16},"end":{"line":56,"column":36}},"10":{"start":{"line":60,"column":32},"end":{"line":60,"column":80}},"11":{"start":{"line":61,"column":27},"end":{"line":61,"column":81}},"12":{"start":{"line":62,"column":12},"end":{"line":62,"column":50}},"13":{"start":{"line":65,"column":12},"end":{"line":65,"column":41}},"14":{"start":{"line":66,"column":12},"end":{"line":66,"column":59}},"15":{"start":{"line":68,"column":30},"end":{"line":68,"column":61}},"16":{"start":{"line":70,"column":12},"end":{"line":74,"column":15}},"17":{"start":{"line":76,"column":12},"end":{"line":80,"column":15}},"18":{"start":{"line":82,"column":12},"end":{"line":82,"column":55}},"19":{"start":{"line":83,"column":12},"end":{"line":86,"column":15}},"20":{"start":{"line":87,"column":12},"end":{"line":91,"column":15}},"21":{"start":{"line":110,"column":8},"end":{"line":201,"column":9}},"22":{"start":{"line":111,"column":27},"end":{"line":111,"column":37}},"23":{"start":{"line":112,"column":49},"end":{"line":112,"column":57}},"24":{"start":{"line":115,"column":12},"end":{"line":120,"column":13}},"25":{"start":{"line":116,"column":16},"end":{"line":119,"column":19}},"26":{"start":{"line":123,"column":29},"end":{"line":126,"column":13}},"27":{"start":{"line":128,"column":12},"end":{"line":133,"column":13}},"28":{"start":{"line":129,"column":16},"end":{"line":132,"column":19}},"29":{"start":{"line":135,"column":35},"end":{"line":135,"column":51}},"30":{"start":{"line":138,"column":12},"end":{"line":141,"column":14}},"31":{"start":{"line":144,"column":37},"end":{"line":146,"column":35}},"32":{"start":{"line":148,"column":28},"end":{"line":150,"column":137}},"33":{"start":{"line":152,"column":12},"end":{"line":157,"column":14}},"34":{"start":{"line":160,"column":12},"end":{"line":171,"column":14}},"35":{"start":{"line":174,"column":12},"end":{"line":179,"column":15}},"36":{"start":{"line":181,"column":12},"end":{"line":189,"column":15}},"37":{"start":{"line":191,"column":12},"end":{"line":195,"column":15}},"38":{"start":{"line":196,"column":12},"end":{"line":200,"column":15}},"39":{"start":{"line":218,"column":8},"end":{"line":280,"column":9}},"40":{"start":{"line":219,"column":27},"end":{"line":219,"column":37}},"41":{"start":{"line":220,"column":31},"end":{"line":220,"column":39}},"42":{"start":{"line":223,"column":29},"end":{"line":226,"column":13}},"43":{"start":{"line":228,"column":12},"end":{"line":233,"column":13}},"44":{"start":{"line":229,"column":16},"end":{"line":232,"column":19}},"45":{"start":{"line":236,"column":12},"end":{"line":239,"column":14}},"46":{"start":{"line":242,"column":28},"end":{"line":242,"column":119}},"47":{"start":{"line":244,"column":12},"end":{"line":249,"column":14}},"48":{"start":{"line":252,"column":12},"end":{"line":257,"column":14}},"49":{"start":{"line":259,"column":12},"end":{"line":263,"column":15}},"50":{"start":{"line":265,"column":12},"end":{"line":268,"column":15}},"51":{"start":{"line":270,"column":12},"end":{"line":274,"column":15}},"52":{"start":{"line":275,"column":12},"end":{"line":279,"column":15}},"53":{"start":{"line":293,"column":8},"end":{"line":344,"column":9}},"54":{"start":{"line":294,"column":55},"end":{"line":294,"column":64}},"55":{"start":{"line":296,"column":24},"end":{"line":309,"column":7}},"56":{"start":{"line":311,"column":27},"end":{"line":311,"column":29}},"57":{"start":{"line":314,"column":12},"end":{"line":317,"column":13}},"58":{"start":{"line":315,"column":16},"end":{"line":315,"column":46}},"59":{"start":{"line":316,"column":16},"end":{"line":316,"column":36}},"60":{"start":{"line":319,"column":12},"end":{"line":319,"column":69}},"61":{"start":{"line":320,"column":12},"end":{"line":320,"column":59}},"62":{"start":{"line":322,"column":27},"end":{"line":322,"column":58}},"63":{"start":{"line":324,"column":12},"end":{"line":327,"column":15}},"64":{"start":{"line":329,"column":12},"end":{"line":333,"column":15}},"65":{"start":{"line":335,"column":12},"end":{"line":338,"column":15}},"66":{"start":{"line":339,"column":12},"end":{"line":343,"column":15}},"67":{"start":{"line":352,"column":8},"end":{"line":386,"column":9}},"68":{"start":{"line":354,"column":37},"end":{"line":356,"column":13}},"69":{"start":{"line":358,"column":35},"end":{"line":360,"column":13}},"70":{"start":{"line":362,"column":39},"end":{"line":364,"column":13}},"71":{"start":{"line":366,"column":12},"end":{"line":373,"column":15}},"72":{"start":{"line":376,"column":12},"end":{"line":379,"column":15}},"73":{"start":{"line":381,"column":12},"end":{"line":385,"column":15}},"74":{"start":{"line":390,"column":8},"end":{"line":415,"column":9}},"75":{"start":{"line":391,"column":35},"end":{"line":391,"column":44}},"76":{"start":{"line":393,"column":30},"end":{"line":400,"column":13}},"77":{"start":{"line":402,"column":12},"end":{"line":406,"column":15}},"78":{"start":{"line":408,"column":12},"end":{"line":410,"column":15}},"79":{"start":{"line":411,"column":12},"end":{"line":414,"column":15}},"80":{"start":{"line":422,"column":8},"end":{"line":447,"column":9}},"81":{"start":{"line":423,"column":30},"end":{"line":427,"column":13}},"82":{"start":{"line":429,"column":22},"end":{"line":429,"column":52}},"83":{"start":{"line":431,"column":12},"end":{"line":433,"column":15}},"84":{"start":{"line":432,"column":16},"end":{"line":432,"column":76}},"85":{"start":{"line":435,"column":12},"end":{"line":435,"column":51}},"86":{"start":{"line":436,"column":12},"end":{"line":436,"column":42}},"87":{"start":{"line":437,"column":12},"end":{"line":437,"column":26}},"88":{"start":{"line":440,"column":12},"end":{"line":442,"column":15}},"89":{"start":{"line":443,"column":12},"end":{"line":446,"column":15}},"90":{"start":{"line":453,"column":0},"end":{"line":453,"column":33}}},"fnMap":{"0":{"name":"(anonymous_0)","decl":{"start":{"line":30,"column":4},"end":{"line":30,"column":5}},"loc":{"start":{"line":30,"column":41},"end":{"line":93,"column":5}},"line":30},"1":{"name":"(anonymous_1)","decl":{"start":{"line":109,"column":4},"end":{"line":109,"column":5}},"loc":{"start":{"line":109,"column":46},"end":{"line":202,"column":5}},"line":109},"2":{"name":"(anonymous_2)","decl":{"start":{"line":217,"column":4},"end":{"line":217,"column":5}},"loc":{"start":{"line":217,"column":40},"end":{"line":281,"column":5}},"line":217},"3":{"name":"(anonymous_3)","decl":{"start":{"line":292,"column":4},"end":{"line":292,"column":5}},"loc":{"start":{"line":292,"column":35},"end":{"line":345,"column":5}},"line":292},"4":{"name":"(anonymous_4)","decl":{"start":{"line":351,"column":4},"end":{"line":351,"column":5}},"loc":{"start":{"line":351,"column":36},"end":{"line":387,"column":5}},"line":351},"5":{"name":"(anonymous_5)","decl":{"start":{"line":389,"column":4},"end":{"line":389,"column":5}},"loc":{"start":{"line":389,"column":41},"end":{"line":416,"column":5}},"line":389},"6":{"name":"(anonymous_6)","decl":{"start":{"line":421,"column":4},"end":{"line":421,"column":5}},"loc":{"start":{"line":421,"column":37},"end":{"line":448,"column":5}},"line":421},"7":{"name":"(anonymous_7)","decl":{"start":{"line":431,"column":28},"end":{"line":431,"column":29}},"loc":{"start":{"line":431,"column":33},"end":{"line":433,"column":13}},"line":431}},"branchMap":{"0":{"loc":{"start":{"line":32,"column":37},"end":{"line":32,"column":47}},"type":"default-arg","locations":[{"start":{"line":32,"column":45},"end":{"line":32,"column":47}}],"line":32},"1":{"loc":{"start":{"line":32,"column":49},"end":{"line":32,"column":59}},"type":"default-arg","locations":[{"start":{"line":32,"column":58},"end":{"line":32,"column":59}}],"line":32},"2":{"loc":{"start":{"line":54,"column":12},"end":{"line":57,"column":13}},"type":"if","locations":[{"start":{"line":54,"column":12},"end":{"line":57,"column":13}},{"start":{},"end":{}}],"line":54},"3":{"loc":{"start":{"line":54,"column":16},"end":{"line":54,"column":79}},"type":"binary-expr","locations":[{"start":{"line":54,"column":16},"end":{"line":54,"column":22}},{"start":{"line":54,"column":26},"end":{"line":54,"column":79}}],"line":54},"4":{"loc":{"start":{"line":61,"column":27},"end":{"line":61,"column":81}},"type":"cond-expr","locations":[{"start":{"line":61,"column":59},"end":{"line":61,"column":66}},{"start":{"line":61,"column":69},"end":{"line":61,"column":81}}],"line":61},"5":{"loc":{"start":{"line":72,"column":24},"end":{"line":72,"column":39}},"type":"binary-expr","locations":[{"start":{"line":72,"column":24},"end":{"line":72,"column":30}},{"start":{"line":72,"column":34},"end":{"line":72,"column":39}}],"line":72},"6":{"loc":{"start":{"line":115,"column":12},"end":{"line":120,"column":13}},"type":"if","locations":[{"start":{"line":115,"column":12},"end":{"line":120,"column":13}},{"start":{},"end":{}}],"line":115},"7":{"loc":{"start":{"line":128,"column":12},"end":{"line":133,"column":13}},"type":"if","locations":[{"start":{"line":128,"column":12},"end":{"line":133,"column":13}},{"start":{},"end":{}}],"line":128},"8":{"loc":{"start":{"line":128,"column":16},"end":{"line":128,"column":46}},"type":"binary-expr","locations":[{"start":{"line":128,"column":16},"end":{"line":128,"column":23}},{"start":{"line":128,"column":27},"end":{"line":128,"column":46}}],"line":128},"9":{"loc":{"start":{"line":144,"column":37},"end":{"line":146,"column":35}},"type":"cond-expr","locations":[{"start":{"line":145,"column":18},"end":{"line":145,"column":35}},{"start":{"line":146,"column":18},"end":{"line":146,"column":35}}],"line":144},"10":{"loc":{"start":{"line":148,"column":28},"end":{"line":150,"column":137}},"type":"cond-expr","locations":[{"start":{"line":149,"column":18},"end":{"line":149,"column":73}},{"start":{"line":150,"column":18},"end":{"line":150,"column":137}}],"line":148},"11":{"loc":{"start":{"line":150,"column":80},"end":{"line":150,"column":135}},"type":"cond-expr","locations":[{"start":{"line":150,"column":99},"end":{"line":150,"column":130}},{"start":{"line":150,"column":133},"end":{"line":150,"column":135}}],"line":150},"12":{"loc":{"start":{"line":228,"column":12},"end":{"line":233,"column":13}},"type":"if","locations":[{"start":{"line":228,"column":12},"end":{"line":233,"column":13}},{"start":{},"end":{}}],"line":228},"13":{"loc":{"start":{"line":228,"column":16},"end":{"line":228,"column":46}},"type":"binary-expr","locations":[{"start":{"line":228,"column":16},"end":{"line":228,"column":23}},{"start":{"line":228,"column":27},"end":{"line":228,"column":46}}],"line":228},"14":{"loc":{"start":{"line":242,"column":82},"end":{"line":242,"column":117}},"type":"cond-expr","locations":[{"start":{"line":242,"column":91},"end":{"line":242,"column":112}},{"start":{"line":242,"column":115},"end":{"line":242,"column":117}}],"line":242},"15":{"loc":{"start":{"line":262,"column":24},"end":{"line":262,"column":49}},"type":"binary-expr","locations":[{"start":{"line":262,"column":24},"end":{"line":262,"column":30}},{"start":{"line":262,"column":34},"end":{"line":262,"column":49}}],"line":262},"16":{"loc":{"start":{"line":294,"column":20},"end":{"line":294,"column":30}},"type":"default-arg","locations":[{"start":{"line":294,"column":28},"end":{"line":294,"column":30}}],"line":294},"17":{"loc":{"start":{"line":294,"column":32},"end":{"line":294,"column":42}},"type":"default-arg","locations":[{"start":{"line":294,"column":41},"end":{"line":294,"column":42}}],"line":294},"18":{"loc":{"start":{"line":314,"column":12},"end":{"line":317,"column":13}},"type":"if","locations":[{"start":{"line":314,"column":12},"end":{"line":317,"column":13}},{"start":{},"end":{}}],"line":314},"19":{"loc":{"start":{"line":391,"column":20},"end":{"line":391,"column":30}},"type":"default-arg","locations":[{"start":{"line":391,"column":28},"end":{"line":391,"column":30}}],"line":391}},"s":{"0":0,"1":0,"2":0,"3":0,"4":0,"5":0,"6":0,"7":0,"8":0,"9":0,"10":0,"11":0,"12":0,"13":0,"14":0,"15":0,"16":0,"17":0,"18":0,"19":0,"20":0,"21":0,"22":0,"23":0,"24":0,"25":0,"26":0,"27":0,"28":0,"29":0,"30":0,"31":0,"32":0,"33":0,"34":0,"35":0,"36":0,"37":0,"38":0,"39":0,"40":0,"41":0,"42":0,"43":0,"44":0,"45":0,"46":0,"47":0,"48":0,"49":0,"50":0,"51":0,"52":0,"53":0,"54":0,"55":0,"56":0,"57":0,"58":0,"59":0,"60":0,"61":0,"62":0,"63":0,"64":0,"65":0,"66":0,"67":0,"68":0,"69":0,"70":0,"71":0,"72":0,"73":0,"74":0,"75":0,"76":0,"77":0,"78":0,"79":0,"80":0,"81":0,"82":0,"83":0,"84":0,"85":0,"86":0,"87":0,"88":0,"89":0,"90":0},"f":{"0":0,"1":0,"2":0,"3":0,"4":0,"5":0,"6":0,"7":0},"b":{"0":[0],"1":[0],"2":[0,0],"3":[0,0],"4":[0,0],"5":[0,0],"6":[0,0],"7":[0,0],"8":[0,0],"9":[0,0],"10":[0,0],"11":[0,0],"12":[0,0],"13":[0,0],"14":[0,0],"15":[0,0],"16":[0],"17":[0],"18":[0,0],"19":[0]},"inputSourceMap":null}
,"C:\\Users\\vboxuser\\Desktop\\projet-file-rouge\\src\\controllers\\AuthController.js": {"path":"C:\\Users\\vboxuser\\Desktop\\projet-file-rouge\\src\\controllers\\AuthController.js","statementMap":{"0":{"start":{"line":5,"column":15},"end":{"line":5,"column":34}},"1":{"start":{"line":6,"column":12},"end":{"line":6,"column":35}},"2":{"start":{"line":7,"column":29},"end":{"line":7,"column":57}},"3":{"start":{"line":8,"column":13},"end":{"line":8,"column":38}},"4":{"start":{"line":9,"column":35},"end":{"line":9,"column":66}},"5":{"start":{"line":11,"column":22},"end":{"line":11,"column":24}},"6":{"start":{"line":17,"column":8},"end":{"line":55,"column":9}},"7":{"start":{"line":19,"column":27},"end":{"line":19,"column":48}},"8":{"start":{"line":20,"column":12},"end":{"line":23,"column":13}},"9":{"start":{"line":22,"column":16},"end":{"line":22,"column":64}},"10":{"start":{"line":25,"column":50},"end":{"line":25,"column":58}},"11":{"start":{"line":28,"column":33},"end":{"line":28,"column":62}},"12":{"start":{"line":29,"column":12},"end":{"line":31,"column":13}},"13":{"start":{"line":30,"column":16},"end":{"line":30,"column":67}},"14":{"start":{"line":34,"column":34},"end":{"line":34,"column":76}},"15":{"start":{"line":37,"column":28},"end":{"line":37,"column":81}},"16":{"start":{"line":40,"column":26},"end":{"line":48,"column":13}},"17":{"start":{"line":51,"column":12},"end":{"line":51,"column":86}},"18":{"start":{"line":54,"column":12},"end":{"line":54,"column":24}},"19":{"start":{"line":60,"column":8},"end":{"line":101,"column":9}},"20":{"start":{"line":62,"column":27},"end":{"line":62,"column":48}},"21":{"start":{"line":63,"column":12},"end":{"line":65,"column":13}},"22":{"start":{"line":64,"column":16},"end":{"line":64,"column":64}},"23":{"start":{"line":67,"column":40},"end":{"line":67,"column":48}},"24":{"start":{"line":70,"column":25},"end":{"line":70,"column":66}},"25":{"start":{"line":73,"column":12},"end":{"line":75,"column":13}},"26":{"start":{"line":74,"column":16},"end":{"line":74,"column":72}},"27":{"start":{"line":78,"column":34},"end":{"line":78,"column":84}},"28":{"start":{"line":79,"column":12},"end":{"line":81,"column":13}},"29":{"start":{"line":80,"column":16},"end":{"line":80,"column":72}},"30":{"start":{"line":84,"column":26},"end":{"line":92,"column":13}},"31":{"start":{"line":95,"column":51},"end":{"line":95,"column":55}},"32":{"start":{"line":97,"column":12},"end":{"line":97,"column":83}},"33":{"start":{"line":100,"column":12},"end":{"line":100,"column":24}},"34":{"start":{"line":106,"column":8},"end":{"line":120,"column":9}},"35":{"start":{"line":108,"column":25},"end":{"line":108,"column":57}},"36":{"start":{"line":111,"column":12},"end":{"line":113,"column":13}},"37":{"start":{"line":112,"column":16},"end":{"line":112,"column":61}},"38":{"start":{"line":116,"column":12},"end":{"line":116,"column":46}},"39":{"start":{"line":119,"column":12},"end":{"line":119,"column":24}},"40":{"start":{"line":124,"column":0},"end":{"line":124,"column":32}}},"fnMap":{"0":{"name":"(anonymous_0)","decl":{"start":{"line":16,"column":4},"end":{"line":16,"column":5}},"loc":{"start":{"line":16,"column":42},"end":{"line":56,"column":5}},"line":16},"1":{"name":"(anonymous_1)","decl":{"start":{"line":59,"column":4},"end":{"line":59,"column":5}},"loc":{"start":{"line":59,"column":39},"end":{"line":102,"column":5}},"line":59},"2":{"name":"(anonymous_2)","decl":{"start":{"line":105,"column":4},"end":{"line":105,"column":5}},"loc":{"start":{"line":105,"column":39},"end":{"line":121,"column":5}},"line":105}},"branchMap":{"0":{"loc":{"start":{"line":20,"column":12},"end":{"line":23,"column":13}},"type":"if","locations":[{"start":{"line":20,"column":12},"end":{"line":23,"column":13}},{"start":{},"end":{}}],"line":20},"1":{"loc":{"start":{"line":29,"column":12},"end":{"line":31,"column":13}},"type":"if","locations":[{"start":{"line":29,"column":12},"end":{"line":31,"column":13}},{"start":{},"end":{}}],"line":29},"2":{"loc":{"start":{"line":63,"column":12},"end":{"line":65,"column":13}},"type":"if","locations":[{"start":{"line":63,"column":12},"end":{"line":65,"column":13}},{"start":{},"end":{}}],"line":63},"3":{"loc":{"start":{"line":73,"column":12},"end":{"line":75,"column":13}},"type":"if","locations":[{"start":{"line":73,"column":12},"end":{"line":75,"column":13}},{"start":{},"end":{}}],"line":73},"4":{"loc":{"start":{"line":79,"column":12},"end":{"line":81,"column":13}},"type":"if","locations":[{"start":{"line":79,"column":12},"end":{"line":81,"column":13}},{"start":{},"end":{}}],"line":79},"5":{"loc":{"start":{"line":111,"column":12},"end":{"line":113,"column":13}},"type":"if","locations":[{"start":{"line":111,"column":12},"end":{"line":113,"column":13}},{"start":{},"end":{}}],"line":111}},"s":{"0":3,"1":3,"2":3,"3":3,"4":3,"5":3,"6":7,"7":7,"8":7,"9":3,"10":4,"11":4,"12":4,"13":1,"14":3,"15":3,"16":3,"17":3,"18":0,"19":4,"20":4,"21":4,"22":1,"23":3,"24":3,"25":3,"26":1,"27":2,"28":2,"29":1,"30":1,"31":1,"32":1,"33":0,"34":0,"35":0,"36":0,"37":0,"38":0,"39":0,"40":3},"f":{"0":7,"1":4,"2":0},"b":{"0":[3,4],"1":[1,3],"2":[1,3],"3":[1,2],"4":[1,1],"5":[0,0]},"inputSourceMap":null,"_coverageSchema":"1a1c01bbd47fc00a2c39e90264f33305004495a9","hash":"1b208b9c35fd874a3d6946ea60374d5d655946a5"}
,"C:\\Users\\vboxuser\\Desktop\\projet-file-rouge\\src\\controllers\\AuthController1.js": {"path":"C:\\Users\\vboxuser\\Desktop\\projet-file-rouge\\src\\controllers\\AuthController1.js","statementMap":{"0":{"start":{"line":13,"column":15},"end":{"line":13,"column":34}},"1":{"start":{"line":14,"column":12},"end":{"line":14,"column":35}},"2":{"start":{"line":15,"column":29},"end":{"line":15,"column":57}},"3":{"start":{"line":16,"column":13},"end":{"line":16,"column":38}},"4":{"start":{"line":21,"column":22},"end":{"line":21,"column":24}},"5":{"start":{"line":27,"column":8},"end":{"line":87,"column":9}},"6":{"start":{"line":30,"column":27},"end":{"line":30,"column":48}},"7":{"start":{"line":31,"column":12},"end":{"line":40,"column":13}},"8":{"start":{"line":32,"column":16},"end":{"line":39,"column":19}},"9":{"start":{"line":42,"column":50},"end":{"line":42,"column":58}},"10":{"start":{"line":46,"column":33},"end":{"line":46,"column":62}},"11":{"start":{"line":47,"column":12},"end":{"line":55,"column":13}},"12":{"start":{"line":48,"column":16},"end":{"line":54,"column":19}},"13":{"start":{"line":59,"column":34},"end":{"line":59,"column":76}},"14":{"start":{"line":62,"column":28},"end":{"line":62,"column":81}},"15":{"start":{"line":66,"column":26},"end":{"line":74,"column":13}},"16":{"start":{"line":76,"column":12},"end":{"line":82,"column":15}},"17":{"start":{"line":86,"column":12},"end":{"line":86,"column":24}},"18":{"start":{"line":92,"column":8},"end":{"line":162,"column":9}},"19":{"start":{"line":93,"column":27},"end":{"line":93,"column":48}},"20":{"start":{"line":94,"column":12},"end":{"line":103,"column":13}},"21":{"start":{"line":95,"column":16},"end":{"line":102,"column":19}},"22":{"start":{"line":105,"column":40},"end":{"line":105,"column":48}},"23":{"start":{"line":108,"column":25},"end":{"line":108,"column":66}},"24":{"start":{"line":114,"column":12},"end":{"line":122,"column":13}},"25":{"start":{"line":115,"column":16},"end":{"line":121,"column":19}},"26":{"start":{"line":126,"column":34},"end":{"line":126,"column":84}},"27":{"start":{"line":127,"column":12},"end":{"line":135,"column":13}},"28":{"start":{"line":128,"column":16},"end":{"line":134,"column":19}},"29":{"start":{"line":138,"column":26},"end":{"line":146,"column":13}},"30":{"start":{"line":150,"column":51},"end":{"line":150,"column":55}},"31":{"start":{"line":152,"column":12},"end":{"line":158,"column":15}},"32":{"start":{"line":161,"column":12},"end":{"line":161,"column":24}},"33":{"start":{"line":169,"column":8},"end":{"line":186,"column":9}},"34":{"start":{"line":171,"column":25},"end":{"line":171,"column":57}},"35":{"start":{"line":172,"column":12},"end":{"line":177,"column":13}},"36":{"start":{"line":173,"column":16},"end":{"line":176,"column":19}},"37":{"start":{"line":179,"column":12},"end":{"line":182,"column":15}},"38":{"start":{"line":185,"column":12},"end":{"line":185,"column":24}},"39":{"start":{"line":190,"column":0},"end":{"line":190,"column":32}}},"fnMap":{"0":{"name":"(anonymous_0)","decl":{"start":{"line":26,"column":4},"end":{"line":26,"column":5}},"loc":{"start":{"line":26,"column":42},"end":{"line":88,"column":5}},"line":26},"1":{"name":"(anonymous_1)","decl":{"start":{"line":91,"column":4},"end":{"line":91,"column":5}},"loc":{"start":{"line":91,"column":39},"end":{"line":163,"column":5}},"line":91},"2":{"name":"(anonymous_2)","decl":{"start":{"line":168,"column":4},"end":{"line":168,"column":5}},"loc":{"start":{"line":168,"column":39},"end":{"line":187,"column":5}},"line":168}},"branchMap":{"0":{"loc":{"start":{"line":31,"column":12},"end":{"line":40,"column":13}},"type":"if","locations":[{"start":{"line":31,"column":12},"end":{"line":40,"column":13}},{"start":{},"end":{}}],"line":31},"1":{"loc":{"start":{"line":47,"column":12},"end":{"line":55,"column":13}},"type":"if","locations":[{"start":{"line":47,"column":12},"end":{"line":55,"column":13}},{"start":{},"end":{}}],"line":47},"2":{"loc":{"start":{"line":94,"column":12},"end":{"line":103,"column":13}},"type":"if","locations":[{"start":{"line":94,"column":12},"end":{"line":103,"column":13}},{"start":{},"end":{}}],"line":94},"3":{"loc":{"start":{"line":114,"column":12},"end":{"line":122,"column":13}},"type":"if","locations":[{"start":{"line":114,"column":12},"end":{"line":122,"column":13}},{"start":{},"end":{}}],"line":114},"4":{"loc":{"start":{"line":127,"column":12},"end":{"line":135,"column":13}},"type":"if","locations":[{"start":{"line":127,"column":12},"end":{"line":135,"column":13}},{"start":{},"end":{}}],"line":127},"5":{"loc":{"start":{"line":172,"column":12},"end":{"line":177,"column":13}},"type":"if","locations":[{"start":{"line":172,"column":12},"end":{"line":177,"column":13}},{"start":{},"end":{}}],"line":172}},"s":{"0":0,"1":0,"2":0,"3":0,"4":0,"5":0,"6":0,"7":0,"8":0,"9":0,"10":0,"11":0,"12":0,"13":0,"14":0,"15":0,"16":0,"17":0,"18":0,"19":0,"20":0,"21":0,"22":0,"23":0,"24":0,"25":0,"26":0,"27":0,"28":0,"29":0,"30":0,"31":0,"32":0,"33":0,"34":0,"35":0,"36":0,"37":0,"38":0,"39":0},"f":{"0":0,"1":0,"2":0},"b":{"0":[0,0],"1":[0,0],"2":[0,0],"3":[0,0],"4":[0,0],"5":[0,0]},"inputSourceMap":null}
,"C:\\Users\\vboxuser\\Desktop\\projet-file-rouge\\src\\controllers\\CommentController.js": {"path":"C:\\Users\\vboxuser\\Desktop\\projet-file-rouge\\src\\controllers\\CommentController.js","statementMap":{"0":{"start":{"line":13,"column":16},"end":{"line":13,"column":44}},"1":{"start":{"line":14,"column":15},"end":{"line":14,"column":42}},"2":{"start":{"line":15,"column":35},"end":{"line":15,"column":66}},"3":{"start":{"line":19,"column":4},"end":{"line":33,"column":5}},"4":{"start":{"line":20,"column":25},"end":{"line":20,"column":52}},"5":{"start":{"line":22,"column":23},"end":{"line":22,"column":54}},"6":{"start":{"line":23,"column":8},"end":{"line":25,"column":9}},"7":{"start":{"line":24,"column":12},"end":{"line":24,"column":60}},"8":{"start":{"line":27,"column":25},"end":{"line":27,"column":63}},"9":{"start":{"line":29,"column":8},"end":{"line":29,"column":42}},"10":{"start":{"line":32,"column":8},"end":{"line":32,"column":18}},"11":{"start":{"line":38,"column":4},"end":{"line":62,"column":5}},"12":{"start":{"line":39,"column":25},"end":{"line":39,"column":52}},"13":{"start":{"line":41,"column":23},"end":{"line":41,"column":54}},"14":{"start":{"line":42,"column":8},"end":{"line":44,"column":9}},"15":{"start":{"line":43,"column":12},"end":{"line":43,"column":60}},"16":{"start":{"line":47,"column":23},"end":{"line":47,"column":43}},"17":{"start":{"line":48,"column":26},"end":{"line":48,"column":61}},"18":{"start":{"line":51,"column":24},"end":{"line":56,"column":10}},"19":{"start":{"line":58,"column":8},"end":{"line":58,"column":65}},"20":{"start":{"line":61,"column":8},"end":{"line":61,"column":18}},"21":{"start":{"line":67,"column":4},"end":{"line":93,"column":5}},"22":{"start":{"line":68,"column":26},"end":{"line":68,"column":47}},"23":{"start":{"line":69,"column":25},"end":{"line":69,"column":52}},"24":{"start":{"line":72,"column":25},"end":{"line":72,"column":63}},"25":{"start":{"line":73,"column":24},"end":{"line":73,"column":62}},"26":{"start":{"line":73,"column":43},"end":{"line":73,"column":61}},"27":{"start":{"line":75,"column":8},"end":{"line":77,"column":9}},"28":{"start":{"line":76,"column":12},"end":{"line":76,"column":61}},"29":{"start":{"line":79,"column":24},"end":{"line":79,"column":49}},"30":{"start":{"line":80,"column":25},"end":{"line":80,"column":56}},"31":{"start":{"line":83,"column":8},"end":{"line":85,"column":9}},"32":{"start":{"line":84,"column":12},"end":{"line":84,"column":53}},"33":{"start":{"line":87,"column":8},"end":{"line":87,"column":44}},"34":{"start":{"line":89,"column":8},"end":{"line":89,"column":57}},"35":{"start":{"line":92,"column":8},"end":{"line":92,"column":18}},"36":{"start":{"line":96,"column":0},"end":{"line":96,"column":71}}},"fnMap":{"0":{"name":"getCommentsByRecipe","decl":{"start":{"line":18,"column":15},"end":{"line":18,"column":34}},"loc":{"start":{"line":18,"column":51},"end":{"line":34,"column":1}},"line":18},"1":{"name":"createComment","decl":{"start":{"line":37,"column":15},"end":{"line":37,"column":28}},"loc":{"start":{"line":37,"column":45},"end":{"line":63,"column":1}},"line":37},"2":{"name":"deleteComment","decl":{"start":{"line":66,"column":15},"end":{"line":66,"column":28}},"loc":{"start":{"line":66,"column":45},"end":{"line":94,"column":1}},"line":66},"3":{"name":"(anonymous_3)","decl":{"start":{"line":73,"column":38},"end":{"line":73,"column":39}},"loc":{"start":{"line":73,"column":43},"end":{"line":73,"column":61}},"line":73}},"branchMap":{"0":{"loc":{"start":{"line":23,"column":8},"end":{"line":25,"column":9}},"type":"if","locations":[{"start":{"line":23,"column":8},"end":{"line":25,"column":9}},{"start":{},"end":{}}],"line":23},"1":{"loc":{"start":{"line":23,"column":12},"end":{"line":23,"column":52}},"type":"binary-expr","locations":[{"start":{"line":23,"column":12},"end":{"line":23,"column":19}},{"start":{"line":23,"column":23},"end":{"line":23,"column":52}}],"line":23},"2":{"loc":{"start":{"line":42,"column":8},"end":{"line":44,"column":9}},"type":"if","locations":[{"start":{"line":42,"column":8},"end":{"line":44,"column":9}},{"start":{},"end":{}}],"line":42},"3":{"loc":{"start":{"line":42,"column":12},"end":{"line":42,"column":52}},"type":"binary-expr","locations":[{"start":{"line":42,"column":12},"end":{"line":42,"column":19}},{"start":{"line":42,"column":23},"end":{"line":42,"column":52}}],"line":42},"4":{"loc":{"start":{"line":47,"column":23},"end":{"line":47,"column":43}},"type":"binary-expr","locations":[{"start":{"line":47,"column":23},"end":{"line":47,"column":35}},{"start":{"line":47,"column":39},"end":{"line":47,"column":43}}],"line":47},"5":{"loc":{"start":{"line":48,"column":26},"end":{"line":48,"column":61}},"type":"cond-expr","locations":[{"start":{"line":48,"column":35},"end":{"line":48,"column":39}},{"start":{"line":48,"column":42},"end":{"line":48,"column":61}}],"line":48},"6":{"loc":{"start":{"line":75,"column":8},"end":{"line":77,"column":9}},"type":"if","locations":[{"start":{"line":75,"column":8},"end":{"line":77,"column":9}},{"start":{},"end":{}}],"line":75},"7":{"loc":{"start":{"line":83,"column":8},"end":{"line":85,"column":9}},"type":"if","locations":[{"start":{"line":83,"column":8},"end":{"line":85,"column":9}},{"start":{},"end":{}}],"line":83},"8":{"loc":{"start":{"line":83,"column":12},"end":{"line":83,"column":33}},"type":"binary-expr","locations":[{"start":{"line":83,"column":12},"end":{"line":83,"column":20}},{"start":{"line":83,"column":24},"end":{"line":83,"column":33}}],"line":83}},"s":{"0":3,"1":3,"2":3,"3":0,"4":0,"5":0,"6":0,"7":0,"8":0,"9":0,"10":0,"11":0,"12":0,"13":0,"14":0,"15":0,"16":0,"17":0,"18":0,"19":0,"20":0,"21":0,"22":0,"23":0,"24":0,"25":0,"26":0,"27":0,"28":0,"29":0,"30":0,"31":0,"32":0,"33":0,"34":0,"35":0,"36":3},"f":{"0":0,"1":0,"2":0,"3":0},"b":{"0":[0,0],"1":[0,0],"2":[0,0],"3":[0,0],"4":[0,0],"5":[0,0],"6":[0,0],"7":[0,0],"8":[0,0]},"inputSourceMap":null,"_coverageSchema":"1a1c01bbd47fc00a2c39e90264f33305004495a9","hash":"6847f16db05814b47d7c5759321de62b6cc852ad"}
,"C:\\Users\\vboxuser\\Desktop\\projet-file-rouge\\src\\controllers\\CommentController1.js": {"path":"C:\\Users\\vboxuser\\Desktop\\projet-file-rouge\\src\\controllers\\CommentController1.js","statementMap":{"0":{"start":{"line":12,"column":16},"end":{"line":12,"column":44}},"1":{"start":{"line":13,"column":15},"end":{"line":13,"column":42}},"2":{"start":{"line":19,"column":4},"end":{"line":32,"column":5}},"3":{"start":{"line":20,"column":25},"end":{"line":20,"column":52}},"4":{"start":{"line":22,"column":23},"end":{"line":22,"column":54}},"5":{"start":{"line":23,"column":8},"end":{"line":25,"column":9}},"6":{"start":{"line":24,"column":12},"end":{"line":24,"column":74}},"7":{"start":{"line":27,"column":25},"end":{"line":27,"column":63}},"8":{"start":{"line":28,"column":8},"end":{"line":28,"column":56}},"9":{"start":{"line":31,"column":8},"end":{"line":31,"column":18}},"10":{"start":{"line":39,"column":4},"end":{"line":64,"column":5}},"11":{"start":{"line":40,"column":25},"end":{"line":40,"column":52}},"12":{"start":{"line":42,"column":23},"end":{"line":42,"column":54}},"13":{"start":{"line":43,"column":8},"end":{"line":45,"column":9}},"14":{"start":{"line":44,"column":12},"end":{"line":44,"column":74}},"15":{"start":{"line":48,"column":23},"end":{"line":48,"column":43}},"16":{"start":{"line":49,"column":26},"end":{"line":49,"column":61}},"17":{"start":{"line":53,"column":24},"end":{"line":58,"column":10}},"18":{"start":{"line":60,"column":8},"end":{"line":60,"column":55}},"19":{"start":{"line":63,"column":8},"end":{"line":63,"column":18}},"20":{"start":{"line":71,"column":4},"end":{"line":99,"column":5}},"21":{"start":{"line":72,"column":26},"end":{"line":72,"column":47}},"22":{"start":{"line":73,"column":25},"end":{"line":73,"column":52}},"23":{"start":{"line":79,"column":25},"end":{"line":79,"column":63}},"24":{"start":{"line":80,"column":24},"end":{"line":80,"column":62}},"25":{"start":{"line":80,"column":43},"end":{"line":80,"column":61}},"26":{"start":{"line":82,"column":8},"end":{"line":84,"column":9}},"27":{"start":{"line":83,"column":12},"end":{"line":83,"column":75}},"28":{"start":{"line":86,"column":24},"end":{"line":86,"column":49}},"29":{"start":{"line":87,"column":25},"end":{"line":87,"column":56}},"30":{"start":{"line":90,"column":8},"end":{"line":92,"column":9}},"31":{"start":{"line":91,"column":12},"end":{"line":91,"column":67}},"32":{"start":{"line":94,"column":8},"end":{"line":94,"column":40}},"33":{"start":{"line":95,"column":8},"end":{"line":95,"column":38}},"34":{"start":{"line":98,"column":8},"end":{"line":98,"column":18}},"35":{"start":{"line":102,"column":0},"end":{"line":102,"column":71}}},"fnMap":{"0":{"name":"getCommentsByRecipe","decl":{"start":{"line":18,"column":15},"end":{"line":18,"column":34}},"loc":{"start":{"line":18,"column":51},"end":{"line":33,"column":1}},"line":18},"1":{"name":"createComment","decl":{"start":{"line":38,"column":15},"end":{"line":38,"column":28}},"loc":{"start":{"line":38,"column":45},"end":{"line":65,"column":1}},"line":38},"2":{"name":"deleteComment","decl":{"start":{"line":70,"column":15},"end":{"line":70,"column":28}},"loc":{"start":{"line":70,"column":45},"end":{"line":100,"column":1}},"line":70},"3":{"name":"(anonymous_3)","decl":{"start":{"line":80,"column":38},"end":{"line":80,"column":39}},"loc":{"start":{"line":80,"column":43},"end":{"line":80,"column":61}},"line":80}},"branchMap":{"0":{"loc":{"start":{"line":23,"column":8},"end":{"line":25,"column":9}},"type":"if","locations":[{"start":{"line":23,"column":8},"end":{"line":25,"column":9}},{"start":{},"end":{}}],"line":23},"1":{"loc":{"start":{"line":23,"column":12},"end":{"line":23,"column":52}},"type":"binary-expr","locations":[{"start":{"line":23,"column":12},"end":{"line":23,"column":19}},{"start":{"line":23,"column":23},"end":{"line":23,"column":52}}],"line":23},"2":{"loc":{"start":{"line":43,"column":8},"end":{"line":45,"column":9}},"type":"if","locations":[{"start":{"line":43,"column":8},"end":{"line":45,"column":9}},{"start":{},"end":{}}],"line":43},"3":{"loc":{"start":{"line":43,"column":12},"end":{"line":43,"column":52}},"type":"binary-expr","locations":[{"start":{"line":43,"column":12},"end":{"line":43,"column":19}},{"start":{"line":43,"column":23},"end":{"line":43,"column":52}}],"line":43},"4":{"loc":{"start":{"line":48,"column":23},"end":{"line":48,"column":43}},"type":"binary-expr","locations":[{"start":{"line":48,"column":23},"end":{"line":48,"column":35}},{"start":{"line":48,"column":39},"end":{"line":48,"column":43}}],"line":48},"5":{"loc":{"start":{"line":49,"column":26},"end":{"line":49,"column":61}},"type":"cond-expr","locations":[{"start":{"line":49,"column":35},"end":{"line":49,"column":39}},{"start":{"line":49,"column":42},"end":{"line":49,"column":61}}],"line":49},"6":{"loc":{"start":{"line":82,"column":8},"end":{"line":84,"column":9}},"type":"if","locations":[{"start":{"line":82,"column":8},"end":{"line":84,"column":9}},{"start":{},"end":{}}],"line":82},"7":{"loc":{"start":{"line":90,"column":8},"end":{"line":92,"column":9}},"type":"if","locations":[{"start":{"line":90,"column":8},"end":{"line":92,"column":9}},{"start":{},"end":{}}],"line":90},"8":{"loc":{"start":{"line":90,"column":12},"end":{"line":90,"column":33}},"type":"binary-expr","locations":[{"start":{"line":90,"column":12},"end":{"line":90,"column":20}},{"start":{"line":90,"column":24},"end":{"line":90,"column":33}}],"line":90}},"s":{"0":0,"1":0,"2":0,"3":0,"4":0,"5":0,"6":0,"7":0,"8":0,"9":0,"10":0,"11":0,"12":0,"13":0,"14":0,"15":0,"16":0,"17":0,"18":0,"19":0,"20":0,"21":0,"22":0,"23":0,"24":0,"25":0,"26":0,"27":0,"28":0,"29":0,"30":0,"31":0,"32":0,"33":0,"34":0,"35":0},"f":{"0":0,"1":0,"2":0,"3":0},"b":{"0":[0,0],"1":[0,0],"2":[0,0],"3":[0,0],"4":[0,0],"5":[0,0],"6":[0,0],"7":[0,0],"8":[0,0]},"inputSourceMap":null}
,"C:\\Users\\vboxuser\\Desktop\\projet-file-rouge\\src\\controllers\\RatingController.js": {"path":"C:\\Users\\vboxuser\\Desktop\\projet-file-rouge\\src\\controllers\\RatingController.js","statementMap":{"0":{"start":{"line":10,"column":15},"end":{"line":10,"column":42}},"1":{"start":{"line":11,"column":15},"end":{"line":11,"column":42}},"2":{"start":{"line":12,"column":35},"end":{"line":12,"column":66}},"3":{"start":{"line":16,"column":4},"end":{"line":53,"column":5}},"4":{"start":{"line":17,"column":25},"end":{"line":17,"column":52}},"5":{"start":{"line":18,"column":23},"end":{"line":18,"column":34}},"6":{"start":{"line":19,"column":22},"end":{"line":19,"column":44}},"7":{"start":{"line":21,"column":23},"end":{"line":21,"column":54}},"8":{"start":{"line":24,"column":8},"end":{"line":26,"column":9}},"9":{"start":{"line":25,"column":12},"end":{"line":25,"column":60}},"10":{"start":{"line":29,"column":8},"end":{"line":31,"column":9}},"11":{"start":{"line":30,"column":12},"end":{"line":30,"column":75}},"12":{"start":{"line":34,"column":23},"end":{"line":34,"column":69}},"13":{"start":{"line":36,"column":8},"end":{"line":45,"column":10}},"14":{"start":{"line":49,"column":8},"end":{"line":51,"column":9}},"15":{"start":{"line":50,"column":12},"end":{"line":50,"column":73}},"16":{"start":{"line":52,"column":8},"end":{"line":52,"column":18}},"17":{"start":{"line":56,"column":0},"end":{"line":56,"column":32}}},"fnMap":{"0":{"name":"rateRecipe","decl":{"start":{"line":15,"column":15},"end":{"line":15,"column":25}},"loc":{"start":{"line":15,"column":42},"end":{"line":54,"column":1}},"line":15}},"branchMap":{"0":{"loc":{"start":{"line":24,"column":8},"end":{"line":26,"column":9}},"type":"if","locations":[{"start":{"line":24,"column":8},"end":{"line":26,"column":9}},{"start":{},"end":{}}],"line":24},"1":{"loc":{"start":{"line":24,"column":12},"end":{"line":24,"column":52}},"type":"binary-expr","locations":[{"start":{"line":24,"column":12},"end":{"line":24,"column":19}},{"start":{"line":24,"column":23},"end":{"line":24,"column":52}}],"line":24},"2":{"loc":{"start":{"line":29,"column":8},"end":{"line":31,"column":9}},"type":"if","locations":[{"start":{"line":29,"column":8},"end":{"line":31,"column":9}},{"start":{},"end":{}}],"line":29},"3":{"loc":{"start":{"line":43,"column":12},"end":{"line":43,"column":62}},"type":"cond-expr","locations":[{"start":{"line":43,"column":27},"end":{"line":43,"column":43}},{"start":{"line":43,"column":46},"end":{"line":43,"column":62}}],"line":43},"4":{"loc":{"start":{"line":44,"column":12},"end":{"line":44,"column":36}},"type":"cond-expr","locations":[{"start":{"line":44,"column":27},"end":{"line":44,"column":30}},{"start":{"line":44,"column":33},"end":{"line":44,"column":36}}],"line":44},"5":{"loc":{"start":{"line":49,"column":8},"end":{"line":51,"column":9}},"type":"if","locations":[{"start":{"line":49,"column":8},"end":{"line":51,"column":9}},{"start":{},"end":{}}],"line":49}},"s":{"0":3,"1":3,"2":3,"3":5,"4":5,"5":5,"6":5,"7":5,"8":5,"9":1,"10":4,"11":1,"12":3,"13":3,"14":0,"15":0,"16":0,"17":3},"f":{"0":5},"b":{"0":[1,4],"1":[5,4],"2":[1,3],"3":[2,1],"4":[2,1],"5":[0,0]},"inputSourceMap":null,"_coverageSchema":"1a1c01bbd47fc00a2c39e90264f33305004495a9","hash":"865ee256a9c5ff904282703814caf4327c534df4"}
,"C:\\Users\\vboxuser\\Desktop\\projet-file-rouge\\src\\controllers\\RatingController1.js": {"path":"C:\\Users\\vboxuser\\Desktop\\projet-file-rouge\\src\\controllers\\RatingController1.js","statementMap":{"0":{"start":{"line":1,"column":0},"end":{"line":1,"column":7}},"1":{"start":{"line":7,"column":0},"end":{"line":7,"column":13}},"2":{"start":{"line":9,"column":15},"end":{"line":9,"column":42}},"3":{"start":{"line":10,"column":15},"end":{"line":10,"column":42}},"4":{"start":{"line":15,"column":4},"end":{"line":47,"column":5}},"5":{"start":{"line":16,"column":25},"end":{"line":16,"column":52}},"6":{"start":{"line":17,"column":23},"end":{"line":17,"column":34}},"7":{"start":{"line":18,"column":22},"end":{"line":18,"column":44}},"8":{"start":{"line":20,"column":23},"end":{"line":20,"column":54}},"9":{"start":{"line":21,"column":8},"end":{"line":23,"column":9}},"10":{"start":{"line":22,"column":12},"end":{"line":22,"column":74}},"11":{"start":{"line":26,"column":8},"end":{"line":28,"column":9}},"12":{"start":{"line":27,"column":12},"end":{"line":27,"column":89}},"13":{"start":{"line":30,"column":23},"end":{"line":30,"column":69}},"14":{"start":{"line":32,"column":8},"end":{"line":36,"column":11}},"15":{"start":{"line":43,"column":8},"end":{"line":45,"column":9}},"16":{"start":{"line":44,"column":12},"end":{"line":44,"column":87}},"17":{"start":{"line":46,"column":8},"end":{"line":46,"column":18}},"18":{"start":{"line":50,"column":0},"end":{"line":50,"column":32}}},"fnMap":{"0":{"name":"rateRecipe","decl":{"start":{"line":14,"column":15},"end":{"line":14,"column":25}},"loc":{"start":{"line":14,"column":42},"end":{"line":48,"column":1}},"line":14}},"branchMap":{"0":{"loc":{"start":{"line":21,"column":8},"end":{"line":23,"column":9}},"type":"if","locations":[{"start":{"line":21,"column":8},"end":{"line":23,"column":9}},{"start":{},"end":{}}],"line":21},"1":{"loc":{"start":{"line":21,"column":12},"end":{"line":21,"column":52}},"type":"binary-expr","locations":[{"start":{"line":21,"column":12},"end":{"line":21,"column":19}},{"start":{"line":21,"column":23},"end":{"line":21,"column":52}}],"line":21},"2":{"loc":{"start":{"line":26,"column":8},"end":{"line":28,"column":9}},"type":"if","locations":[{"start":{"line":26,"column":8},"end":{"line":28,"column":9}},{"start":{},"end":{}}],"line":26},"3":{"loc":{"start":{"line":32,"column":26},"end":{"line":32,"column":50}},"type":"cond-expr","locations":[{"start":{"line":32,"column":41},"end":{"line":32,"column":44}},{"start":{"line":32,"column":47},"end":{"line":32,"column":50}}],"line":32},"4":{"loc":{"start":{"line":43,"column":8},"end":{"line":45,"column":9}},"type":"if","locations":[{"start":{"line":43,"column":8},"end":{"line":45,"column":9}},{"start":{},"end":{}}],"line":43}},"s":{"0":0,"1":0,"2":0,"3":0,"4":0,"5":0,"6":0,"7":0,"8":0,"9":0,"10":0,"11":0,"12":0,"13":0,"14":0,"15":0,"16":0,"17":0,"18":0},"f":{"0":0},"b":{"0":[0,0],"1":[0,0],"2":[0,0],"3":[0,0],"4":[0,0]},"inputSourceMap":null}
,"C:\\Users\\vboxuser\\Desktop\\projet-file-rouge\\src\\controllers\\RecipeController.js": {"path":"C:\\Users\\vboxuser\\Desktop\\projet-file-rouge\\src\\controllers\\RecipeController.js","statementMap":{"0":{"start":{"line":14,"column":15},"end":{"line":14,"column":42}},"1":{"start":{"line":15,"column":35},"end":{"line":15,"column":66}},"2":{"start":{"line":17,"column":17},"end":{"line":17,"column":50}},"3":{"start":{"line":18,"column":19},"end":{"line":18,"column":51}},"4":{"start":{"line":23,"column":4},"end":{"line":51,"column":5}},"5":{"start":{"line":24,"column":24},"end":{"line":24,"column":50}},"6":{"start":{"line":29,"column":24},"end":{"line":37,"column":9}},"7":{"start":{"line":41,"column":29},"end":{"line":43,"column":9}},"8":{"start":{"line":42,"column":54},"end":{"line":42,"column":64}},"9":{"start":{"line":45,"column":24},"end":{"line":45,"column":69}},"10":{"start":{"line":47,"column":8},"end":{"line":47,"column":41}},"11":{"start":{"line":50,"column":8},"end":{"line":50,"column":18}},"12":{"start":{"line":56,"column":4},"end":{"line":67,"column":5}},"13":{"start":{"line":57,"column":23},"end":{"line":57,"column":48}},"14":{"start":{"line":59,"column":8},"end":{"line":61,"column":9}},"15":{"start":{"line":60,"column":12},"end":{"line":60,"column":69}},"16":{"start":{"line":63,"column":8},"end":{"line":63,"column":40}},"17":{"start":{"line":66,"column":8},"end":{"line":66,"column":18}},"18":{"start":{"line":72,"column":4},"end":{"line":98,"column":5}},"19":{"start":{"line":73,"column":23},"end":{"line":73,"column":59}},"20":{"start":{"line":75,"column":8},"end":{"line":77,"column":9}},"21":{"start":{"line":76,"column":12},"end":{"line":76,"column":60}},"22":{"start":{"line":79,"column":24},"end":{"line":79,"column":50}},"23":{"start":{"line":82,"column":8},"end":{"line":84,"column":9}},"24":{"start":{"line":83,"column":12},"end":{"line":83,"column":60}},"25":{"start":{"line":86,"column":19},"end":{"line":86,"column":32}},"26":{"start":{"line":87,"column":8},"end":{"line":92,"column":10}},"27":{"start":{"line":91,"column":12},"end":{"line":91,"column":85}},"28":{"start":{"line":94,"column":8},"end":{"line":94,"column":40}},"29":{"start":{"line":97,"column":8},"end":{"line":97,"column":18}},"30":{"start":{"line":103,"column":4},"end":{"line":130,"column":5}},"31":{"start":{"line":112,"column":12},"end":{"line":112,"column":20}},"32":{"start":{"line":115,"column":23},"end":{"line":124,"column":10}},"33":{"start":{"line":126,"column":8},"end":{"line":126,"column":77}},"34":{"start":{"line":129,"column":8},"end":{"line":129,"column":18}},"35":{"start":{"line":135,"column":4},"end":{"line":174,"column":5}},"36":{"start":{"line":136,"column":23},"end":{"line":136,"column":59}},"37":{"start":{"line":138,"column":8},"end":{"line":140,"column":9}},"38":{"start":{"line":139,"column":12},"end":{"line":139,"column":60}},"39":{"start":{"line":142,"column":24},"end":{"line":142,"column":49}},"40":{"start":{"line":143,"column":25},"end":{"line":143,"column":55}},"41":{"start":{"line":146,"column":8},"end":{"line":148,"column":9}},"42":{"start":{"line":147,"column":12},"end":{"line":147,"column":53}},"43":{"start":{"line":158,"column":12},"end":{"line":158,"column":20}},"44":{"start":{"line":160,"column":24},"end":{"line":168,"column":10}},"45":{"start":{"line":170,"column":8},"end":{"line":170,"column":41}},"46":{"start":{"line":173,"column":8},"end":{"line":173,"column":18}},"47":{"start":{"line":179,"column":4},"end":{"line":200,"column":5}},"48":{"start":{"line":180,"column":23},"end":{"line":180,"column":59}},"49":{"start":{"line":182,"column":8},"end":{"line":184,"column":9}},"50":{"start":{"line":183,"column":12},"end":{"line":183,"column":60}},"51":{"start":{"line":186,"column":24},"end":{"line":186,"column":49}},"52":{"start":{"line":187,"column":25},"end":{"line":187,"column":55}},"53":{"start":{"line":190,"column":8},"end":{"line":192,"column":9}},"54":{"start":{"line":191,"column":12},"end":{"line":191,"column":53}},"55":{"start":{"line":194,"column":8},"end":{"line":194,"column":47}},"56":{"start":{"line":196,"column":8},"end":{"line":196,"column":62}},"57":{"start":{"line":199,"column":8},"end":{"line":199,"column":18}},"58":{"start":{"line":203,"column":0},"end":{"line":210,"column":2}}},"fnMap":{"0":{"name":"getAllRecipes","decl":{"start":{"line":22,"column":15},"end":{"line":22,"column":28}},"loc":{"start":{"line":22,"column":45},"end":{"line":52,"column":1}},"line":22},"1":{"name":"(anonymous_1)","decl":{"start":{"line":42,"column":43},"end":{"line":42,"column":44}},"loc":{"start":{"line":42,"column":54},"end":{"line":42,"column":64}},"line":42},"2":{"name":"getRandomRecipe","decl":{"start":{"line":55,"column":15},"end":{"line":55,"column":30}},"loc":{"start":{"line":55,"column":47},"end":{"line":68,"column":1}},"line":55},"3":{"name":"getRecipeById","decl":{"start":{"line":71,"column":15},"end":{"line":71,"column":28}},"loc":{"start":{"line":71,"column":45},"end":{"line":99,"column":1}},"line":71},"4":{"name":"(anonymous_4)","decl":{"start":{"line":90,"column":16},"end":{"line":90,"column":17}},"loc":{"start":{"line":91,"column":12},"end":{"line":91,"column":85}},"line":91},"5":{"name":"createRecipe","decl":{"start":{"line":102,"column":15},"end":{"line":102,"column":27}},"loc":{"start":{"line":102,"column":44},"end":{"line":131,"column":1}},"line":102},"6":{"name":"updateRecipe","decl":{"start":{"line":134,"column":15},"end":{"line":134,"column":27}},"loc":{"start":{"line":134,"column":44},"end":{"line":175,"column":1}},"line":134},"7":{"name":"deleteRecipe","decl":{"start":{"line":178,"column":15},"end":{"line":178,"column":27}},"loc":{"start":{"line":178,"column":44},"end":{"line":201,"column":1}},"line":178}},"branchMap":{"0":{"loc":{"start":{"line":30,"column":20},"end":{"line":30,"column":60}},"type":"cond-expr","locations":[{"start":{"line":30,"column":30},"end":{"line":30,"column":46}},{"start":{"line":30,"column":49},"end":{"line":30,"column":60}}],"line":30},"1":{"loc":{"start":{"line":31,"column":25},"end":{"line":31,"column":85}},"type":"cond-expr","locations":[{"start":{"line":31,"column":49},"end":{"line":31,"column":78}},{"start":{"line":31,"column":81},"end":{"line":31,"column":85}}],"line":31},"2":{"loc":{"start":{"line":32,"column":27},"end":{"line":32,"column":91}},"type":"cond-expr","locations":[{"start":{"line":32,"column":53},"end":{"line":32,"column":84}},{"start":{"line":32,"column":87},"end":{"line":32,"column":91}}],"line":32},"3":{"loc":{"start":{"line":33,"column":22},"end":{"line":33,"column":76}},"type":"cond-expr","locations":[{"start":{"line":33,"column":43},"end":{"line":33,"column":69}},{"start":{"line":33,"column":72},"end":{"line":33,"column":76}}],"line":33},"4":{"loc":{"start":{"line":34,"column":24},"end":{"line":34,"column":82}},"type":"cond-expr","locations":[{"start":{"line":34,"column":47},"end":{"line":34,"column":75}},{"start":{"line":34,"column":78},"end":{"line":34,"column":82}}],"line":34},"5":{"loc":{"start":{"line":35,"column":19},"end":{"line":35,"column":67}},"type":"cond-expr","locations":[{"start":{"line":35,"column":37},"end":{"line":35,"column":60}},{"start":{"line":35,"column":63},"end":{"line":35,"column":67}}],"line":35},"6":{"loc":{"start":{"line":36,"column":20},"end":{"line":36,"column":70}},"type":"cond-expr","locations":[{"start":{"line":36,"column":39},"end":{"line":36,"column":63}},{"start":{"line":36,"column":66},"end":{"line":36,"column":70}}],"line":36},"7":{"loc":{"start":{"line":59,"column":8},"end":{"line":61,"column":9}},"type":"if","locations":[{"start":{"line":59,"column":8},"end":{"line":61,"column":9}},{"start":{},"end":{}}],"line":59},"8":{"loc":{"start":{"line":75,"column":8},"end":{"line":77,"column":9}},"type":"if","locations":[{"start":{"line":75,"column":8},"end":{"line":77,"column":9}},{"start":{},"end":{}}],"line":75},"9":{"loc":{"start":{"line":82,"column":8},"end":{"line":84,"column":9}},"type":"if","locations":[{"start":{"line":82,"column":8},"end":{"line":84,"column":9}},{"start":{},"end":{}}],"line":82},"10":{"loc":{"start":{"line":82,"column":12},"end":{"line":82,"column":53}},"type":"binary-expr","locations":[{"start":{"line":82,"column":12},"end":{"line":82,"column":20}},{"start":{"line":82,"column":24},"end":{"line":82,"column":53}}],"line":82},"11":{"loc":{"start":{"line":138,"column":8},"end":{"line":140,"column":9}},"type":"if","locations":[{"start":{"line":138,"column":8},"end":{"line":140,"column":9}},{"start":{},"end":{}}],"line":138},"12":{"loc":{"start":{"line":146,"column":8},"end":{"line":148,"column":9}},"type":"if","locations":[{"start":{"line":146,"column":8},"end":{"line":148,"column":9}},{"start":{},"end":{}}],"line":146},"13":{"loc":{"start":{"line":146,"column":12},"end":{"line":146,"column":33}},"type":"binary-expr","locations":[{"start":{"line":146,"column":12},"end":{"line":146,"column":20}},{"start":{"line":146,"column":24},"end":{"line":146,"column":33}}],"line":146},"14":{"loc":{"start":{"line":182,"column":8},"end":{"line":184,"column":9}},"type":"if","locations":[{"start":{"line":182,"column":8},"end":{"line":184,"column":9}},{"start":{},"end":{}}],"line":182},"15":{"loc":{"start":{"line":190,"column":8},"end":{"line":192,"column":9}},"type":"if","locations":[{"start":{"line":190,"column":8},"end":{"line":192,"column":9}},{"start":{},"end":{}}],"line":190},"16":{"loc":{"start":{"line":190,"column":12},"end":{"line":190,"column":33}},"type":"binary-expr","locations":[{"start":{"line":190,"column":12},"end":{"line":190,"column":20}},{"start":{"line":190,"column":24},"end":{"line":190,"column":33}}],"line":190}},"s":{"0":3,"1":3,"2":3,"3":3,"4":0,"5":0,"6":0,"7":0,"8":0,"9":0,"10":0,"11":0,"12":0,"13":0,"14":0,"15":0,"16":0,"17":0,"18":1,"19":1,"20":1,"21":1,"22":0,"23":0,"24":0,"25":0,"26":0,"27":0,"28":0,"29":0,"30":0,"31":0,"32":0,"33":0,"34":0,"35":0,"36":0,"37":0,"38":0,"39":0,"40":0,"41":0,"42":0,"43":0,"44":0,"45":0,"46":0,"47":0,"48":0,"49":0,"50":0,"51":0,"52":0,"53":0,"54":0,"55":0,"56":0,"57":0,"58":3},"f":{"0":0,"1":0,"2":0,"3":1,"4":0,"5":0,"6":0,"7":0},"b":{"0":[0,0],"1":[0,0],"2":[0,0],"3":[0,0],"4":[0,0],"5":[0,0],"6":[0,0],"7":[0,0],"8":[1,0],"9":[0,0],"10":[0,0],"11":[0,0],"12":[0,0],"13":[0,0],"14":[0,0],"15":[0,0],"16":[0,0]},"inputSourceMap":null,"_coverageSchema":"1a1c01bbd47fc00a2c39e90264f33305004495a9","hash":"504e4b7023ac2344eb06ae6d5c73d9e1241e8d31"}
,"C:\\Users\\vboxuser\\Desktop\\projet-file-rouge\\src\\controllers\\RecipeController1.js": {"path":"C:\\Users\\vboxuser\\Desktop\\projet-file-rouge\\src\\controllers\\RecipeController1.js","statementMap":{"0":{"start":{"line":12,"column":15},"end":{"line":12,"column":42}},"1":{"start":{"line":18,"column":4},"end":{"line":44,"column":5}},"2":{"start":{"line":19,"column":24},"end":{"line":19,"column":50}},"3":{"start":{"line":21,"column":24},"end":{"line":30,"column":9}},"4":{"start":{"line":34,"column":29},"end":{"line":36,"column":9}},"5":{"start":{"line":35,"column":54},"end":{"line":35,"column":64}},"6":{"start":{"line":38,"column":24},"end":{"line":38,"column":69}},"7":{"start":{"line":39,"column":8},"end":{"line":39,"column":36}},"8":{"start":{"line":41,"column":8},"end":{"line":41,"column":18}},"9":{"start":{"line":50,"column":4},"end":{"line":58,"column":5}},"10":{"start":{"line":51,"column":23},"end":{"line":51,"column":48}},"11":{"start":{"line":52,"column":8},"end":{"line":54,"column":9}},"12":{"start":{"line":53,"column":12},"end":{"line":53,"column":83}},"13":{"start":{"line":55,"column":8},"end":{"line":55,"column":35}},"14":{"start":{"line":57,"column":8},"end":{"line":57,"column":18}},"15":{"start":{"line":65,"column":4},"end":{"line":81,"column":5}},"16":{"start":{"line":66,"column":23},"end":{"line":66,"column":59}},"17":{"start":{"line":67,"column":8},"end":{"line":69,"column":9}},"18":{"start":{"line":68,"column":12},"end":{"line":68,"column":74}},"19":{"start":{"line":72,"column":24},"end":{"line":72,"column":50}},"20":{"start":{"line":73,"column":8},"end":{"line":76,"column":9}},"21":{"start":{"line":74,"column":12},"end":{"line":74,"column":74}},"22":{"start":{"line":78,"column":8},"end":{"line":78,"column":35}},"23":{"start":{"line":80,"column":8},"end":{"line":80,"column":18}},"24":{"start":{"line":88,"column":4},"end":{"line":107,"column":5}},"25":{"start":{"line":89,"column":98},"end":{"line":89,"column":106}},"26":{"start":{"line":91,"column":23},"end":{"line":102,"column":10}},"27":{"start":{"line":104,"column":8},"end":{"line":104,"column":47}},"28":{"start":{"line":106,"column":8},"end":{"line":106,"column":18}},"29":{"start":{"line":114,"column":4},"end":{"line":145,"column":5}},"30":{"start":{"line":115,"column":23},"end":{"line":115,"column":59}},"31":{"start":{"line":117,"column":8},"end":{"line":119,"column":9}},"32":{"start":{"line":118,"column":12},"end":{"line":118,"column":74}},"33":{"start":{"line":122,"column":24},"end":{"line":122,"column":49}},"34":{"start":{"line":123,"column":25},"end":{"line":123,"column":55}},"35":{"start":{"line":125,"column":8},"end":{"line":128,"column":9}},"36":{"start":{"line":126,"column":12},"end":{"line":126,"column":67}},"37":{"start":{"line":130,"column":98},"end":{"line":130,"column":106}},"38":{"start":{"line":132,"column":24},"end":{"line":140,"column":10}},"39":{"start":{"line":142,"column":8},"end":{"line":142,"column":36}},"40":{"start":{"line":144,"column":8},"end":{"line":144,"column":18}},"41":{"start":{"line":151,"column":4},"end":{"line":170,"column":5}},"42":{"start":{"line":152,"column":23},"end":{"line":152,"column":59}},"43":{"start":{"line":154,"column":8},"end":{"line":156,"column":9}},"44":{"start":{"line":155,"column":12},"end":{"line":155,"column":74}},"45":{"start":{"line":158,"column":24},"end":{"line":158,"column":49}},"46":{"start":{"line":159,"column":25},"end":{"line":159,"column":55}},"47":{"start":{"line":161,"column":8},"end":{"line":163,"column":9}},"48":{"start":{"line":162,"column":12},"end":{"line":162,"column":67}},"49":{"start":{"line":165,"column":8},"end":{"line":165,"column":43}},"50":{"start":{"line":166,"column":8},"end":{"line":166,"column":31}},"51":{"start":{"line":169,"column":8},"end":{"line":169,"column":18}},"52":{"start":{"line":173,"column":0},"end":{"line":173,"column":109}}},"fnMap":{"0":{"name":"getAllRecipes","decl":{"start":{"line":17,"column":15},"end":{"line":17,"column":28}},"loc":{"start":{"line":17,"column":45},"end":{"line":45,"column":1}},"line":17},"1":{"name":"(anonymous_1)","decl":{"start":{"line":35,"column":43},"end":{"line":35,"column":44}},"loc":{"start":{"line":35,"column":54},"end":{"line":35,"column":64}},"line":35},"2":{"name":"getRandomRecipe","decl":{"start":{"line":49,"column":15},"end":{"line":49,"column":30}},"loc":{"start":{"line":49,"column":47},"end":{"line":59,"column":1}},"line":49},"3":{"name":"getRecipeById","decl":{"start":{"line":64,"column":15},"end":{"line":64,"column":28}},"loc":{"start":{"line":64,"column":45},"end":{"line":82,"column":1}},"line":64},"4":{"name":"createRecipe","decl":{"start":{"line":87,"column":15},"end":{"line":87,"column":27}},"loc":{"start":{"line":87,"column":44},"end":{"line":108,"column":1}},"line":87},"5":{"name":"updateRecipe","decl":{"start":{"line":113,"column":15},"end":{"line":113,"column":27}},"loc":{"start":{"line":113,"column":44},"end":{"line":146,"column":1}},"line":113},"6":{"name":"deleteRecipe","decl":{"start":{"line":150,"column":15},"end":{"line":150,"column":27}},"loc":{"start":{"line":150,"column":44},"end":{"line":171,"column":1}},"line":150}},"branchMap":{"0":{"loc":{"start":{"line":24,"column":20},"end":{"line":24,"column":60}},"type":"cond-expr","locations":[{"start":{"line":24,"column":30},"end":{"line":24,"column":46}},{"start":{"line":24,"column":49},"end":{"line":24,"column":60}}],"line":24},"1":{"loc":{"start":{"line":26,"column":25},"end":{"line":26,"column":54}},"type":"binary-expr","locations":[{"start":{"line":26,"column":25},"end":{"line":26,"column":46}},{"start":{"line":26,"column":50},"end":{"line":26,"column":54}}],"line":26},"2":{"loc":{"start":{"line":27,"column":27},"end":{"line":27,"column":91}},"type":"cond-expr","locations":[{"start":{"line":27,"column":53},"end":{"line":27,"column":84}},{"start":{"line":27,"column":87},"end":{"line":27,"column":91}}],"line":27},"3":{"loc":{"start":{"line":28,"column":22},"end":{"line":28,"column":76}},"type":"cond-expr","locations":[{"start":{"line":28,"column":43},"end":{"line":28,"column":69}},{"start":{"line":28,"column":72},"end":{"line":28,"column":76}}],"line":28},"4":{"loc":{"start":{"line":29,"column":20},"end":{"line":29,"column":44}},"type":"binary-expr","locations":[{"start":{"line":29,"column":20},"end":{"line":29,"column":36}},{"start":{"line":29,"column":40},"end":{"line":29,"column":44}}],"line":29},"5":{"loc":{"start":{"line":52,"column":8},"end":{"line":54,"column":9}},"type":"if","locations":[{"start":{"line":52,"column":8},"end":{"line":54,"column":9}},{"start":{},"end":{}}],"line":52},"6":{"loc":{"start":{"line":67,"column":8},"end":{"line":69,"column":9}},"type":"if","locations":[{"start":{"line":67,"column":8},"end":{"line":69,"column":9}},{"start":{},"end":{}}],"line":67},"7":{"loc":{"start":{"line":73,"column":8},"end":{"line":76,"column":9}},"type":"if","locations":[{"start":{"line":73,"column":8},"end":{"line":76,"column":9}},{"start":{},"end":{}}],"line":73},"8":{"loc":{"start":{"line":73,"column":12},"end":{"line":73,"column":53}},"type":"binary-expr","locations":[{"start":{"line":73,"column":12},"end":{"line":73,"column":20}},{"start":{"line":73,"column":24},"end":{"line":73,"column":53}}],"line":73},"9":{"loc":{"start":{"line":117,"column":8},"end":{"line":119,"column":9}},"type":"if","locations":[{"start":{"line":117,"column":8},"end":{"line":119,"column":9}},{"start":{},"end":{}}],"line":117},"10":{"loc":{"start":{"line":125,"column":8},"end":{"line":128,"column":9}},"type":"if","locations":[{"start":{"line":125,"column":8},"end":{"line":128,"column":9}},{"start":{},"end":{}}],"line":125},"11":{"loc":{"start":{"line":125,"column":12},"end":{"line":125,"column":33}},"type":"binary-expr","locations":[{"start":{"line":125,"column":12},"end":{"line":125,"column":20}},{"start":{"line":125,"column":24},"end":{"line":125,"column":33}}],"line":125},"12":{"loc":{"start":{"line":154,"column":8},"end":{"line":156,"column":9}},"type":"if","locations":[{"start":{"line":154,"column":8},"end":{"line":156,"column":9}},{"start":{},"end":{}}],"line":154},"13":{"loc":{"start":{"line":161,"column":8},"end":{"line":163,"column":9}},"type":"if","locations":[{"start":{"line":161,"column":8},"end":{"line":163,"column":9}},{"start":{},"end":{}}],"line":161},"14":{"loc":{"start":{"line":161,"column":12},"end":{"line":161,"column":33}},"type":"binary-expr","locations":[{"start":{"line":161,"column":12},"end":{"line":161,"column":20}},{"start":{"line":161,"column":24},"end":{"line":161,"column":33}}],"line":161}},"s":{"0":0,"1":0,"2":0,"3":0,"4":0,"5":0,"6":0,"7":0,"8":0,"9":0,"10":0,"11":0,"12":0,"13":0,"14":0,"15":0,"16":0,"17":0,"18":0,"19":0,"20":0,"21":0,"22":0,"23":0,"24":0,"25":0,"26":0,"27":0,"28":0,"29":0,"30":0,"31":0,"32":0,"33":0,"34":0,"35":0,"36":0,"37":0,"38":0,"39":0,"40":0,"41":0,"42":0,"43":0,"44":0,"45":0,"46":0,"47":0,"48":0,"49":0,"50":0,"51":0,"52":0},"f":{"0":0,"1":0,"2":0,"3":0,"4":0,"5":0,"6":0},"b":{"0":[0,0],"1":[0,0],"2":[0,0],"3":[0,0],"4":[0,0],"5":[0,0],"6":[0,0],"7":[0,0],"8":[0,0],"9":[0,0],"10":[0,0],"11":[0,0],"12":[0,0],"13":[0,0],"14":[0,0]},"inputSourceMap":null}
,"C:\\Users\\vboxuser\\Desktop\\projet-file-rouge\\src\\middlewares\\errorHandler.js": {"path":"C:\\Users\\vboxuser\\Desktop\\projet-file-rouge\\src\\middlewares\\errorHandler.js","statementMap":{"0":{"start":{"line":16,"column":19},"end":{"line":16,"column":38}},"1":{"start":{"line":17,"column":22},"end":{"line":17,"column":53}},"2":{"start":{"line":25,"column":23},"end":{"line":25,"column":58}},"3":{"start":{"line":28,"column":4},"end":{"line":32,"column":7}},"4":{"start":{"line":37,"column":8},"end":{"line":39,"column":25}},"5":{"start":{"line":42,"column":21},"end":{"line":42,"column":56}},"6":{"start":{"line":45,"column":4},"end":{"line":47,"column":5}},"7":{"start":{"line":46,"column":8},"end":{"line":46,"column":35}},"8":{"start":{"line":49,"column":4},"end":{"line":49,"column":20}},"9":{"start":{"line":52,"column":0},"end":{"line":52,"column":34}}},"fnMap":{"0":{"name":"errorHandler","decl":{"start":{"line":22,"column":9},"end":{"line":22,"column":21}},"loc":{"start":{"line":22,"column":43},"end":{"line":50,"column":1}},"line":22}},"branchMap":{"0":{"loc":{"start":{"line":25,"column":23},"end":{"line":25,"column":58}},"type":"binary-expr","locations":[{"start":{"line":25,"column":23},"end":{"line":25,"column":37}},{"start":{"line":25,"column":41},"end":{"line":25,"column":51}},{"start":{"line":25,"column":55},"end":{"line":25,"column":58}}],"line":25},"1":{"loc":{"start":{"line":37,"column":8},"end":{"line":39,"column":25}},"type":"cond-expr","locations":[{"start":{"line":38,"column":14},"end":{"line":38,"column":49}},{"start":{"line":39,"column":14},"end":{"line":39,"column":25}}],"line":37},"2":{"loc":{"start":{"line":45,"column":4},"end":{"line":47,"column":5}},"type":"if","locations":[{"start":{"line":45,"column":4},"end":{"line":47,"column":5}},{"start":{},"end":{}}],"line":45},"3":{"loc":{"start":{"line":45,"column":8},"end":{"line":45,"column":59}},"type":"binary-expr","locations":[{"start":{"line":45,"column":8},"end":{"line":45,"column":46}},{"start":{"line":45,"column":50},"end":{"line":45,"column":59}}],"line":45}},"s":{"0":3,"1":3,"2":0,"3":0,"4":0,"5":0,"6":0,"7":0,"8":0,"9":3},"f":{"0":0},"b":{"0":[0,0,0],"1":[0,0],"2":[0,0],"3":[0,0]},"inputSourceMap":null,"_coverageSchema":"1a1c01bbd47fc00a2c39e90264f33305004495a9","hash":"4fdc72221b2a9854e58a99a7118271a67506089d"}
,"C:\\Users\\vboxuser\\Desktop\\projet-file-rouge\\src\\middlewares\\errorHandler1.js": {"path":"C:\\Users\\vboxuser\\Desktop\\projet-file-rouge\\src\\middlewares\\errorHandler1.js","statementMap":{"0":{"start":{"line":12,"column":19},"end":{"line":12,"column":38}},"1":{"start":{"line":17,"column":23},"end":{"line":17,"column":58}},"2":{"start":{"line":20,"column":4},"end":{"line":24,"column":7}},"3":{"start":{"line":27,"column":21},"end":{"line":35,"column":5}},"4":{"start":{"line":38,"column":4},"end":{"line":40,"column":5}},"5":{"start":{"line":39,"column":8},"end":{"line":39,"column":41}},"6":{"start":{"line":42,"column":4},"end":{"line":42,"column":42}},"7":{"start":{"line":45,"column":0},"end":{"line":45,"column":34}}},"fnMap":{"0":{"name":"errorHandler","decl":{"start":{"line":15,"column":9},"end":{"line":15,"column":21}},"loc":{"start":{"line":15,"column":43},"end":{"line":43,"column":1}},"line":15}},"branchMap":{"0":{"loc":{"start":{"line":17,"column":23},"end":{"line":17,"column":58}},"type":"binary-expr","locations":[{"start":{"line":17,"column":23},"end":{"line":17,"column":37}},{"start":{"line":17,"column":41},"end":{"line":17,"column":51}},{"start":{"line":17,"column":55},"end":{"line":17,"column":58}}],"line":17},"1":{"loc":{"start":{"line":30,"column":21},"end":{"line":32,"column":29}},"type":"cond-expr","locations":[{"start":{"line":31,"column":18},"end":{"line":31,"column":53}},{"start":{"line":32,"column":18},"end":{"line":32,"column":29}}],"line":30},"2":{"loc":{"start":{"line":33,"column":18},"end":{"line":33,"column":46}},"type":"binary-expr","locations":[{"start":{"line":33,"column":18},"end":{"line":33,"column":26}},{"start":{"line":33,"column":30},"end":{"line":33,"column":46}}],"line":33},"3":{"loc":{"start":{"line":38,"column":4},"end":{"line":40,"column":5}},"type":"if","locations":[{"start":{"line":38,"column":4},"end":{"line":40,"column":5}},{"start":{},"end":{}}],"line":38},"4":{"loc":{"start":{"line":38,"column":8},"end":{"line":38,"column":59}},"type":"binary-expr","locations":[{"start":{"line":38,"column":8},"end":{"li
[...]
,"C:\\Users\\vboxuser\\Desktop\\projet-file-rouge\\src\\models\\comment.js": {"path":"C:\\Users\\vboxuser\\Desktop\\projet-file-rouge\\src\\models\\comment.js","statementMap":{"0":{"start":{"line":20,"column":17},"end":{"line":20,"column":50}},"1":{"start":{"line":34,"column":23},"end":{"line":41,"column":9}},"2":{"start":{"line":43,"column":8},"end":{"line":43,"column":20}},"3":{"start":{"line":74,"column":8},"end":{"line":76,"column":9}},"4":{"start":{"line":75,"column":12},"end":{"line":75,"column":54}},"5":{"start":{"line":79,"column":8},"end":{"line":81,"column":9}},"6":{"start":{"line":80,"column":12},"end":{"line":80,"column":69}},"7":{"start":{"line":83,"column":8},"end":{"line":121,"column":9}},"8":{"start":{"line":87,"column":29},"end":{"line":95,"column":13}},"9":{"start":{"line":100,"column":12},"end":{"line":106,"column":14}},"10":{"start":{"line":115,"column":12},"end":{"line":117,"column":13}},"11":{"start":{"line":116,"column":16},"end":{"line":116,"column":52}},"12":{"start":{"line":120,"column":12},"end":{"line":120,"column":24}},"13":{"start":{"line":135,"column":8},"end":{"line":140,"column":10}},"14":{"start":{"line":145,"column":0},"end":{"line":145,"column":25}}},"fnMap":{"0":{"name":"(anonymous_0)","decl":{"start":{"line":33,"column":4},"end":{"line":33,"column":5}},"loc":{"start":{"line":33,"column":42},"end":{"line":44,"column":5}},"line":33},"1":{"name":"(anonymous_1)","decl":{"start":{"line":67,"column":4},"end":{"line":67,"column":5}},"loc":{"start":{"line":67,"column":30},"end":{"line":122,"column":5}},"line":67},"2":{"name":"(anonymous_2)","decl":{"start":{"line":134,"column":4},"end":{"line":134,"column":5}},"loc":{"start":{"line":134,"column":32},"end":{"line":141,"column":5}},"line":134}},"branchMap":{"0":{"loc":{"start":{"line":74,"column":8},"end":{"line":76,"column":9}},"type":"if","locations":[{"start":{"line":74,"column":8},"end":{"line":76,"column":9}},{"start":{},"end":{}}],"line":74},"1":{"loc":{"start":{"line":74,"column":12},"end":{"line":74,"column":61}},"type":"binary-expr","locations":[{"start":{"line":74,"column":12},"end":{"line":74,"column":28}},{"start":{"line":74,"column":32},"end":{"line":74,"column":61}}],"line":74},"2":{"loc":{"start":{"line":79,"column":8},"end":{"line":81,"column":9}},"type":"if","locations":[{"start":{"line":79,"column":8},"end":{"line":81,"column":9}},{"start":{},"end":{}}],"line":79},"3":{"loc":{"start":{"line":79,"column":12},"end":{"line":79,"column":59}},"type":"binary-expr","locations":[{"start":{"line":79,"column":12},"end":{"line":79,"column":25}},{"start":{"line":79,"column":29},"end":{"line":79,"column":59}}],"line":79},"4":{"loc":{"start":{"line":115,"column":12},"end":{"line":117,"column":13}},"type":"if","locations":[{"start":{"line":115,"column":12},"end":{"line":117,"column":13}},{"start":{},"end":{}}],"line":115}},"s":{"0":4,"1":3,"2":3,"3":6,"4":1,"5":5,"6":1,"7":4,"8":4,"9":3,"10":1,"11":1,"12":0,"13":2,"14":4},"f":{"0":3,"1":6,"2":2},"b":{"0":[1,5],"1":[6,5],"2":[1,4],"3":[5,5],"4":[1,0]},"inputSourceMap":null,"_coverageSchema":"1a1c01bbd47fc00a2c39e90264f33305004495a9","hash":"fe980b556a4f1c0a18cbdc8b8dc83755aeca3610"}
,"C:\\Users\\vboxuser\\Desktop\\projet-file-rouge\\src\\models\\comment1.js": {"path":"C:\\Users\\vboxuser\\Desktop\\projet-file-rouge\\src\\models\\comment1.js","statementMap":{"0":{"start":{"line":13,"column":17},"end":{"line":13,"column":50}},"1":{"start":{"line":23,"column":23},"end":{"line":41,"column":9}},"2":{"start":{"line":42,"column":8},"end":{"line":42,"column":20}},"3":{"start":{"line":54,"column":25},"end":{"line":59,"column":9}},"4":{"start":{"line":62,"column":23},"end":{"line":75,"column":9}},"5":{"start":{"line":76,"column":8},"end":{"line":76,"column":23}},"6":{"start":{"line":82,"column":25},"end":{"line":88,"column":9}},"7":{"start":{"line":89,"column":8},"end":{"line":89,"column":39}},"8":{"start":{"line":94,"column":0},"end":{"line":94,"column":25}}},"fnMap":{"0":{"name":"(anonymous_0)","decl":{"start":{"line":22,"column":4},"end":{"line":22,"column":5}},"loc":{"start":{"line":22,"column":42},"end":{"line":44,"column":5}},"line":22},"1":{"name":"(anonymous_1)","decl":{"start":{"line":53,"column":4},"end":{"line":53,"column":5}},"loc":{"start":{"line":53,"column":83},"end":{"line":77,"column":5}},"line":53},"2":{"name":"(anonymous_2)","decl":{"start":{"line":81,"column":4},"end":{"line":81,"column":5}},"loc":{"start":{"line":81,"column":28},"end":{"line":91,"column":5}},"line":81}},"branchMap":{"0":{"loc":{"start":{"line":53,"column":37},"end":{"line":53,"column":51}},"type":"default-arg","locations":[{"start":{"line":53,"column":47},"end":{"line":53,"column":51}}],"line":53},"1":{"loc":{"start":{"line":53,"column":53},"end":{"line":53,"column":70}},"type":"default-arg","locations":[{"start":{"line":53,"column":66},"end":{"line":53,"column":70}}],"line":53}},"s":{"0":0,"1":0,"2":0,"3":0,"4":0,"5":0,"6":0,"7":0,"8":0},"f":{"0":0,"1":0,"2":0},"b":{"0":[0],"1":[0]},"inputSourceMap":null}
,"C:\\Users\\vboxuser\\Desktop\\projet-file-rouge\\src\\routes\\adminRoutes.js": {"path":"C:\\Users\\vboxuser\\Desktop\\projet-file-rouge\\src\\routes\\adminRoutes.js","statementMap":{"0":{"start":{"line":11,"column":16},"end":{"line":11,"column":34}},"1":{"start":{"line":12,"column":49},"end":{"line":12,"column":77}},"2":{"start":{"line":13,"column":24},"end":{"line":13,"column":65}},"3":{"start":{"line":14,"column":25},"end":{"line":14,"column":58}},"4":{"start":{"line":15,"column":21},"end":{"line":15,"column":59}},"5":{"start":{"line":17,"column":15},"end":{"line":17,"column":31}},"6":{"start":{"line":22,"column":31},"end":{"line":31,"column":1}},"7":{"start":{"line":23,"column":19},"end":{"line":23,"column":40}},"8":{"start":{"line":24,"column":4},"end":{"line":29,"column":5}},"9":{"start":{"line":25,"column":8},"end":{"line":28,"column":11}},"10":{"start":{"line":30,"column":4},"end":{"line":30,"column":11}},"11":{"start":{"line":36,"column":0},"end":{"line":36,"column":25}},"12":{"start":{"line":37,"column":0},"end":{"line":37,"column":25}},"13":{"start":{"line":43,"column":0},"end":{"line":43,"column":67}},"14":{"start":{"line":44,"column":0},"end":{"line":66,"column":2}},"15":{"start":{"line":72,"column":0},"end":{"line":72,"column":77}},"16":{"start":{"line":73,"column":0},"end":{"line":91,"column":2}},"17":{"start":{"line":97,"column":0},"end":{"line":97,"column":65}},"18":{"start":{"line":98,"column":0},"end":{"line":113,"column":2}},"19":{"start":{"line":119,"column":0},"end":{"line":119,"column":55}},"20":{"start":{"line":120,"column":0},"end":{"line":138,"column":2}},"21":{"start":{"line":144,"column":0},"end":{"line":144,"column":57}},"22":{"start":{"line":145,"column":0},"end":{"line":148,"column":2}},"23":{"start":{"line":154,"column":0},"end":{"line":154,"column":67}},"24":{"start":{"line":155,"column":0},"end":{"line":165,"column":2}},"25":{"start":{"line":171,"column":0},"end":{"line":171,"column":59}},"26":{"start":{"line":172,"column":0},"end":{"line":175,"column":2}},"27":{"start":{"line":179,"column":0},"end":{"line":179,"column":55}},"28":{"start":{"line":183,"column":0},"end":{"line":183,"column":24}}},"fnMap":{"0":{"name":"(anonymous_0)","decl":{"start":{"line":22,"column":31},"end":{"line":22,"column":32}},"loc":{"start":{"line":22,"column":51},"end":{"line":31,"column":1}},"line":22}},"branchMap":{"0":{"loc":{"start":{"line":24,"column":4},"end":{"line":29,"column":5}},"type":"if","locations":[{"start":{"line":24,"column":4},"end":{"line":29,"column":5}},{"start":{},"end":{}}],"line":24}},"s":{"0":3,"1":3,"2":3,"3":3,"4":3,"5":3,"6":3,"7":12,"8":12,"9":1,"10":11,"11":3,"12":3,"13":3,"14":3,"15":3,"16":3,"17":3,"18":3,"19":3,"20":3,"21":3,"22":3,"23":3,"24":3,"25":3,"26":3,"27":3,"28":3},"f":{"0":12},"b":{"0":[1,11]},"inputSourceMap":null,"_coverageSchema":"1a1c01bbd47fc00a2c39e90264f33305004495a9","hash":"06dd350cd219cb9656625741f2be9b241ee78ace"}
,"C:\\Users\\vboxuser\\Desktop\\projet-file-rouge\\src\\routes\\authRoutes.js": {"path":"C:\\Users\\vboxuser\\Desktop\\projet-file-rouge\\src\\routes\\authRoutes.js","statementMap":{"0":{"start":{"line":8,"column":19},"end":{"line":8,"column":37}},"1":{"start":{"line":9,"column":17},"end":{"line":9,"column":45}},"2":{"start":{"line":10,"column":23},"end":{"line":10,"column":63}},"3":{"start":{"line":11,"column":25},"end":{"line":11,"column":61}},"4":{"start":{"line":13,"column":15},"end":{"line":13,"column":23}},"5":{"start":{"line":17,"column":27},"end":{"line":34,"column":1}},"6":{"start":{"line":36,"column":24},"end":{"line":39,"column":1}},"7":{"start":{"line":42,"column":0},"end":{"line":42,"column":70}},"8":{"start":{"line":43,"column":0},"end":{"line":43,"column":61}},"9":{"start":{"line":44,"column":0},"end":{"line":44,"column":54}},"10":{"start":{"line":46,"column":0},"end":{"line":46,"column":24}}},"fnMap":{},"branchMap":{},"s":{"0":3,"1":3,"2":3,"3":3,"4":3,"5":3,"6":3,"7":3,"8":3,"9":3,"10":3},"f":{},"b":{},"inputSourceMap":null,"_coverageSchema":"1a1c01bbd47fc00a2c39e90264f33305004495a9","hash":"091aa6162a5ed1dfd2c70e95fd54246a09f41b2a"}
,"C:\\Users\\vboxuser\\Desktop\\projet-file-rouge\\src\\routes\\commentRoutes.js": {"path":"C:\\Users\\vboxuser\\Desktop\\projet-file-rouge\\src\\routes\\commentRoutes.js","statementMap":{"0":{"start":{"line":9,"column":16},"end":{"line":9,"column":34}},"1":{"start":{"line":10,"column":35},"end":{"line":10,"column":63}},"2":{"start":{"line":11,"column":15},"end":{"line":11,"column":52}},"3":{"start":{"line":13,"column":26},"end":{"line":13,"column":69}},"4":{"start":{"line":14,"column":25},"end":{"line":14,"column":58}},"5":{"start":{"line":20,"column":12},"end":{"line":20,"column":35}},"6":{"start":{"line":23,"column":19},"end":{"line":23,"column":44}},"7":{"start":{"line":24,"column":4},"end":{"line":32,"column":5}},"8":{"start":{"line":25,"column":8},"end":{"line":31,"column":9}},"9":{"start":{"line":26,"column":26},"end":{"line":26,"column":41}},"10":{"start":{"line":27,"column":12},"end":{"line":27,"column":65}},"11":{"start":{"line":30,"column":12},"end":{"line":30,"column":33}},"12":{"start":{"line":33,"column":4},"end":{"line":33,"column":11}},"13":{"start":{"line":40,"column":21},"end":{"line":53,"column":1}},"14":{"start":{"line":47,"column":28},"end":{"line":47,"column":37}},"15":{"start":{"line":56,"column":19},"end":{"line":56,"column":40}},"16":{"start":{"line":57,"column":4},"end":{"line":59,"column":5}},"17":{"start":{"line":58,"column":8},"end":{"line":58,"column":64}},"18":{"start":{"line":60,"column":4},"end":{"line":60,"column":11}},"19":{"start":{"line":64,"column":0},"end":{"line":64,"column":55}},"20":{"start":{"line":65,"column":0},"end":{"line":65,"column":86}},"21":{"start":{"line":66,"column":0},"end":{"line":66,"column":69}},"22":{"start":{"line":68,"column":0},"end":{"line":68,"column":24}}},"fnMap":{"0":{"name":"attachUser","decl":{"start":{"line":22,"column":9},"end":{"line":22,"column":19}},"loc":{"start":{"line":22,"column":37},"end":{"line":37,"column":1}},"line":22},"1":{"name":"(anonymous_1)","decl":{"start":{"line":47,"column":12},"end":{"line":47,"column":13}},"loc":{"start":{"line":47,"column":28},"end":{"line":47,"column":37}},"line":47},"2":{"name":"validate","decl":{"start":{"line":55,"column":9},"end":{"line":55,"column":17}},"loc":{"start":{"line":55,"column":34},"end":{"line":61,"column":1}},"line":55}},"branchMap":{"0":{"loc":{"start":{"line":24,"column":4},"end":{"line":32,"column":5}},"type":"if","locations":[{"start":{"line":24,"column":4},"end":{"line":32,"column":5}},{"start":{},"end":{}}],"line":24},"1":{"loc":{"start":{"line":24,"column":8},"end":{"line":24,"column":46}},"type":"binary-expr","locations":[{"start":{"line":24,"column":8},"end":{"line":24,"column":14}},{"start":{"line":24,"column":18},"end":{"line":24,"column":46}}],"line":24},"2":{"loc":{"start":{"line":57,"column":4},"end":{"line":59,"column":5}},"type":"if","locations":[{"start":{"line":57,"column":4},"end":{"line":59,"column":5}},{"start":{},"end":{}}],"line":57}},"s":{"0":3,"1":3,"2":3,"3":3,"4":3,"5":3,"6":0,"7":0,"8":0,"9":0,"10":0,"11":0,"12":0,"13":3,"14":0,"15":0,"16":0,"17":0,"18":0,"19":3,"20":3,"21":3,"22":3},"f":{"0":0,"1":0,"2":0},"b":{"0":[0,0],"1":[0,0],"2":[0,0]},"inputSourceMap":null,"_coverageSchema":"1a1c01bbd47fc00a2c39e90264f33305004495a9","hash":"7cdc8bfd9778335b0ab5c896490ab74370bce1bc"}
,"C:\\Users\\vboxuser\\Desktop\\projet-file-rouge\\src\\routes\\ratingRoutes.js": {"path":"C:\\Users\\vboxuser\\Desktop\\projet-file-rouge\\src\\routes\\ratingRoutes.js","statementMap":{"0":{"start":{"line":7,"column":16},"end":{"line":7,"column":34}},"1":{"start":{"line":8,"column":35},"end":{"line":8,"column":63}},"2":{"start":{"line":9,"column":15},"end":{"line":9,"column":52}},"3":{"start":{"line":11,"column":25},"end":{"line":11,"column":67}},"4":{"start":{"line":12,"column":25},"end":{"line":12,"column":58}},"5":{"start":{"line":14,"column":20},"end":{"line":18,"column":1}},"6":{"start":{"line":21,"column":19},"end":{"line":21,"column":40}},"7":{"start":{"line":22,"column":4},"end":{"line":24,"column":5}},"8":{"start":{"line":23,"column":8},"end":{"line":23,"column":64}},"9":{"start":{"line":25,"column":4},"end":{"line":25,"column":11}},"10":{"start":{"line":28,"column":0},"end":{"line":28,"column":83}},"11":{"start":{"line":30,"column":0},"end":{"line":30,"column":24}}},"fnMap":{"0":{"name":"validate","decl":{"start":{"line":20,"column":9},"end":{"line":20,"column":17}},"loc":{"start":{"line":20,"column":34},"end":{"line":26,"column":1}},"line":20}},"branchMap":{"0":{"loc":{"start":{"line":22,"column":4},"end":{"line":24,"column":5}},"type":"if","locations":[{"start":{"line":22,"column":4},"end":{"line":24,"column":5}},{"start":{},"end":{}}],"line":22}},"s":{"0":3,"1":3,"2":3,"3":3,"4":3,"5":3,"6":8,"7":8,"8":3,"9":5,"10":3,"11":3},"f":{"0":8},"b":{"0":[3,5]},"inputSourceMap":null,"_coverageSchema":"1a1c01bbd47fc00a2c39e90264f33305004495a9","hash":"e523331e9f3f6025f01336e4f0007cded466dbce"}
,"C:\\Users\\vboxuser\\Desktop\\projet-file-rouge\\src\\routes\\recipeRoutes.js": {"path":"C:\\Users\\vboxuser\\Desktop\\projet-file-rouge\\src\\routes\\recipeRoutes.js","statementMap":{"0":{"start":{"line":9,"column":16},"end":{"line":9,"column":34}},"1":{"start":{"line":10,"column":42},"end":{"line":10,"column":70}},"2":{"start":{"line":11,"column":25},"end":{"line":11,"column":58}},"3":{"start":{"line":12,"column":25},"end":{"line":12,"column":67}},"4":{"start":{"line":14,"column":15},"end":{"line":14,"column":31}},"5":{"start":{"line":20,"column":19},"end":{"line":20,"column":40}},"6":{"start":{"line":21,"column":4},"end":{"line":23,"column":5}},"7":{"start":{"line":22,"column":8},"end":{"line":22,"column":64}},"8":{"start":{"line":24,"column":4},"end":{"line":24,"column":11}},"9":{"start":{"line":28,"column":24},"end":{"line":63,"column":1}},"10":{"start":{"line":68,"column":0},"end":{"line":68,"column":48}},"11":{"start":{"line":69,"column":0},"end":{"line":69,"column":56}},"12":{"start":{"line":71,"column":0},"end":{"line":71,"column":51}},"13":{"start":{"line":74,"column":0},"end":{"line":80,"column":2}},"14":{"start":{"line":82,"column":0},"end":{"line":88,"column":2}},"15":{"start":{"line":90,"column":0},"end":{"line":95,"column":2}},"16":{"start":{"line":97,"column":0},"end":{"line":97,"column":24}}},"fnMap":{"0":{"name":"validate","decl":{"start":{"line":19,"column":9},"end":{"line":19,"column":17}},"loc":{"start":{"line":19,"column":34},"end":{"line":25,"column":1}},"line":19}},"branchMap":{"0":{"loc":{"start":{"line":21,"column":4},"end":{"line":23,"column":5}},"type":"if","locations":[{"start":{"line":21,"column":4},"end":{"line":23,"column":5}},{"start":{},"end":{}}],"line":21}},"s":{"0":3,"1":3,"2":3,"3":3,"4":3,"5":0,"6":0,"7":0,"8":0,"9":3,"10":3,"11":3,"12":3,"13":3,"14":3,"15":3,"16":3},"f":{"0":0},"b":{"0":[0,0]},"inputSourceMap":null,"_coverageSchema":"1a1c01bbd47fc00a2c39e90264f33305004495a9","hash":"dc6d0be1899cb61ecf84881a78d3c9ffcaa7165e"}
,"C:\\Users\\vboxuser\\Desktop\\projet-file-rouge\\src\\utils\\apiResponse.js": {"path":"C:\\Users\\vboxuser\\Desktop\\projet-file-rouge\\src\\utils\\apiResponse.js","statementMap":{"0":{"start":{"line":13,"column":20},"end":{"line":19,"column":1}},"1":{"start":{"line":14,"column":4},"end":{"line":18,"column":7}},"2":{"start":{"line":24,"column":25},"end":{"line":35,"column":1}},"3":{"start":{"line":25,"column":18},"end":{"line":33,"column":5}},"4":{"start":{"line":34,"column":4},"end":{"line":34,"column":36}},"5":{"start":{"line":40,"column":18},"end":{"line":54,"column":1}},"6":{"start":{"line":41,"column":21},"end":{"line":47,"column":5}},"7":{"start":{"line":49,"column":4},"end":{"line":51,"column":5}},"8":{"start":{"line":50,"column":8},"end":{"line":50,"column":41}},"9":{"start":{"line":53,"column":4},"end":{"line":53,"column":49}},"10":{"start":{"line":56,"column":0},"end":{"line":56,"column":44}}},"fnMap":{"0":{"name":"(anonymous_0)","decl":{"start":{"line":13,"column":20},"end":{"line":13,"column":21}},"loc":{"start":{"line":13,"column":69},"end":{"line":19,"column":1}},"line":13},"1":{"name":"(anonymous_1)","decl":{"start":{"line":24,"column":25},"end":{"line":24,"column":26}},"loc":{"start":{"line":24,"column":37},"end":{"line":35,"column":1}},"line":24},"2":{"name":"(anonymous_2)","decl":{"start":{"line":40,"column":18},"end":{"line":40,"column":19}},"loc":{"start":{"line":40,"column":70},"end":{"line":54,"column":1}},"line":40}},"branchMap":{"0":{"loc":{"start":{"line":13,"column":32},"end":{"line":13,"column":46}},"type":"default-arg","locations":[{"start":{"line":13,"column":42},"end":{"line":13,"column":46}}],"line":13},"1":{"loc":{"start":{"line":13,"column":48},"end":{"line":13,"column":64}},"type":"default-arg","locations":[{"start":{"line":13,"column":61},"end":{"line":13,"column":64}}],"line":13},"2":{"loc":{"start":{"line":34,"column":11},"end":{"line":34,"column":35}},"type":"binary-expr","locations":[{"start":{"line":34,"column":11},"end":{"line":34,"column":24}},{"start":{"line":34,"column":28},"end":{"line":34,"column":35}}],"line":34},"3":{"loc":{"start":{"line":40,"column":33},"end":{"line":40,"column":49}},"type":"default-arg","locations":[{"start":{"line":40,"column":46},"end":{"line":40,"column":49}}],"line":40},"4":{"loc":{"start":{"line":40,"column":51},"end":{"line":40,"column":65}},"type":"default-arg","locations":[{"start":{"line":40,"column":61},"end":{"line":40,"column":65}}],"line":40},"5":{"loc":{"start":{"line":49,"column":4},"end":{"line":51,"column":5}},"type":"if","locations":[{"start":{"line":49,"column":4},"end":{"line":51,"column":5}},{"start":{},"end":{}}],"line":49}},"s":{"0":3,"1":7,"2":3,"3":10,"4":10,"5":3,"6":10,"7":10,"8":0,"9":10,"10":3},"f":{"0":7,"1":10,"2":10},"b":{"0":[0],"1":[1],"2":[10,0],"3":[0],"4":[10],"5":[0,10]},"inputSourceMap":null,"_coverageSchema":"1a1c01bbd47fc00a2c39e90264f33305004495a9","hash":"525c965f04247c38ab286a07b87acf0c7455e3b5"}
}
