TN:
SF:src\controllers\AuthController.js
FN:16,(anonymous_0)
FN:59,(anonymous_1)
FN:105,(anonymous_2)
FNF:3
FNH:2
FNDA:11,(anonymous_0)
FNDA:4,(anonymous_1)
FNDA:0,(anonymous_2)
DA:5,1
DA:6,1
DA:7,1
DA:8,1
DA:9,1
DA:11,1
DA:17,11
DA:19,11
DA:20,11
DA:22,3
DA:25,8
DA:28,8
DA:29,8
DA:30,1
DA:34,7
DA:37,7
DA:40,7
DA:51,7
DA:54,0
DA:60,4
DA:62,4
DA:63,4
DA:64,1
DA:67,3
DA:70,3
DA:73,3
DA:74,1
DA:78,2
DA:79,2
DA:80,1
DA:84,1
DA:95,1
DA:97,1
DA:100,0
DA:106,0
DA:108,0
DA:111,0
DA:112,0
DA:116,0
DA:119,0
DA:124,1
LF:41
LH:33
BRDA:20,0,0,3
BRDA:20,0,1,8
BRDA:29,1,0,1
BRDA:29,1,1,7
BRDA:63,2,0,1
BRDA:63,2,1,3
BRDA:73,3,0,1
BRDA:73,3,1,2
BRDA:79,4,0,1
BRDA:79,4,1,1
BRDA:111,5,0,0
BRDA:111,5,1,0
BRF:12
BRH:10
end_of_record
TN:
SF:src\controllers\AuthController1.js
FN:26,(anonymous_0)
FN:91,(anonymous_1)
FN:168,(anonymous_2)
FNF:3
FNH:0
FNDA:0,(anonymous_0)
FNDA:0,(anonymous_1)
FNDA:0,(anonymous_2)
DA:13,0
DA:14,0
DA:15,0
DA:16,0
DA:21,0
DA:27,0
DA:30,0
DA:31,0
DA:32,0
DA:42,0
DA:46,0
DA:47,0
DA:48,0
DA:59,0
DA:62,0
DA:66,0
DA:76,0
DA:86,0
DA:92,0
DA:93,0
DA:94,0
DA:95,0
DA:105,0
DA:108,0
DA:114,0
DA:115,0
DA:126,0
DA:127,0
DA:128,0
DA:138,0
DA:150,0
DA:152,0
DA:161,0
DA:169,0
DA:171,0
DA:172,0
DA:173,0
DA:179,0
DA:185,0
DA:190,0
LF:40
LH:0
BRDA:31,0,0,0
BRDA:31,0,1,0
BRDA:47,1,0,0
BRDA:47,1,1,0
BRDA:94,2,0,0
BRDA:94,2,1,0
BRDA:114,3,0,0
BRDA:114,3,1,0
BRDA:127,4,0,0
BRDA:127,4,1,0
BRDA:172,5,0,0
BRDA:172,5,1,0
BRF:12
BRH:0
end_of_record
TN:
SF:src\controllers\CommentController.js
FN:18,getCommentsByRecipe
FN:37,createComment
FN:66,deleteComment
FN:73,(anonymous_3)
FNF:4
FNH:0
FNDA:0,getCommentsByRecipe
FNDA:0,createComment
FNDA:0,deleteComment
FNDA:0,(anonymous_3)
DA:13,1
DA:14,1
DA:15,1
DA:19,0
DA:20,0
DA:22,0
DA:23,0
DA:24,0
DA:27,0
DA:29,0
DA:32,0
DA:38,0
DA:39,0
DA:41,0
DA:42,0
DA:43,0
DA:47,0
DA:48,0
DA:51,0
DA:58,0
DA:61,0
DA:67,0
DA:68,0
DA:69,0
DA:72,0
DA:73,0
DA:75,0
DA:76,0
DA:79,0
DA:80,0
DA:83,0
DA:84,0
DA:87,0
DA:89,0
DA:92,0
DA:96,1
LF:36
LH:4
BRDA:23,0,0,0
BRDA:23,0,1,0
BRDA:23,1,0,0
BRDA:23,1,1,0
BRDA:42,2,0,0
BRDA:42,2,1,0
BRDA:42,3,0,0
BRDA:42,3,1,0
BRDA:47,4,0,0
BRDA:47,4,1,0
BRDA:48,5,0,0
BRDA:48,5,1,0
BRDA:75,6,0,0
BRDA:75,6,1,0
BRDA:83,7,0,0
BRDA:83,7,1,0
BRDA:83,8,0,0
BRDA:83,8,1,0
BRF:18
BRH:0
end_of_record
TN:
SF:src\controllers\CommentController1.js
FN:18,getCommentsByRecipe
FN:38,createComment
FN:70,deleteComment
FN:80,(anonymous_3)
FNF:4
FNH:0
FNDA:0,getCommentsByRecipe
FNDA:0,createComment
FNDA:0,deleteComment
FNDA:0,(anonymous_3)
DA:12,0
DA:13,0
DA:19,0
DA:20,0
DA:22,0
DA:23,0
DA:24,0
DA:27,0
DA:28,0
DA:31,0
DA:39,0
DA:40,0
DA:42,0
DA:43,0
DA:44,0
DA:48,0
DA:49,0
DA:53,0
DA:60,0
DA:63,0
DA:71,0
DA:72,0
DA:73,0
DA:79,0
DA:80,0
DA:82,0
DA:83,0
DA:86,0
DA:87,0
DA:90,0
DA:91,0
DA:94,0
DA:95,0
DA:98,0
DA:102,0
LF:35
LH:0
BRDA:23,0,0,0
BRDA:23,0,1,0
BRDA:23,1,0,0
BRDA:23,1,1,0
BRDA:43,2,0,0
BRDA:43,2,1,0
BRDA:43,3,0,0
BRDA:43,3,1,0
BRDA:48,4,0,0
BRDA:48,4,1,0
BRDA:49,5,0,0
BRDA:49,5,1,0
BRDA:82,6,0,0
BRDA:82,6,1,0
BRDA:90,7,0,0
BRDA:90,7,1,0
BRDA:90,8,0,0
BRDA:90,8,1,0
BRF:18
BRH:0
end_of_record
TN:
SF:src\controllers\RatingController.js
FN:15,rateRecipe
FNF:1
FNH:0
FNDA:0,rateRecipe
DA:10,1
DA:11,1
DA:12,1
DA:16,0
DA:17,0
DA:18,0
DA:19,0
DA:21,0
DA:24,0
DA:25,0
DA:29,0
DA:30,0
DA:34,0
DA:36,0
DA:49,0
DA:50,0
DA:52,0
DA:56,1
LF:18
LH:4
BRDA:24,0,0,0
BRDA:24,0,1,0
BRDA:24,1,0,0
BRDA:24,1,1,0
BRDA:29,2,0,0
BRDA:29,2,1,0
BRDA:43,3,0,0
BRDA:43,3,1,0
BRDA:44,4,0,0
BRDA:44,4,1,0
BRDA:49,5,0,0
BRDA:49,5,1,0
BRF:12
BRH:0
end_of_record
TN:
SF:src\controllers\RatingController1.js
FN:14,rateRecipe
FNF:1
FNH:0
FNDA:0,rateRecipe
DA:1,0
DA:7,0
DA:9,0
DA:10,0
DA:15,0
DA:16,0
DA:17,0
DA:18,0
DA:20,0
DA:21,0
DA:22,0
DA:26,0
DA:27,0
DA:30,0
DA:32,0
DA:43,0
DA:44,0
DA:46,0
DA:50,0
LF:19
LH:0
BRDA:21,0,0,0
BRDA:21,0,1,0
BRDA:21,1,0,0
BRDA:21,1,1,0
BRDA:26,2,0,0
BRDA:26,2,1,0
BRDA:32,3,0,0
BRDA:32,3,1,0
BRDA:43,4,0,0
BRDA:43,4,1,0
BRF:10
BRH:0
end_of_record
TN:
SF:src\controllers\RecipeController.js
FN:18,getAllRecipes
FN:33,(anonymous_1)
FN:46,getRandomRecipe
FN:62,getRecipeById
FN:85,createRecipe
FN:117,updateRecipe
FN:161,deleteRecipe
FNF:7
FNH:0
FNDA:0,getAllRecipes
FNDA:0,(anonymous_1)
FNDA:0,getRandomRecipe
FNDA:0,getRecipeById
FNDA:0,createRecipe
FNDA:0,updateRecipe
FNDA:0,deleteRecipe
DA:14,1
DA:15,1
DA:19,0
DA:20,0
DA:23,0
DA:32,0
DA:33,0
DA:36,0
DA:38,0
DA:41,0
DA:47,0
DA:48,0
DA:50,0
DA:51,0
DA:54,0
DA:57,0
DA:63,0
DA:64,0
DA:66,0
DA:67,0
DA:70,0
DA:73,0
DA:74,0
DA:77,0
DA:80,0
DA:86,0
DA:95,0
DA:98,0
DA:109,0
DA:112,0
DA:118,0
DA:119,0
DA:121,0
DA:122,0
DA:125,0
DA:126,0
DA:129,0
DA:130,0
DA:141,0
DA:143,0
DA:153,0
DA:156,0
DA:162,0
DA:163,0
DA:165,0
DA:166,0
DA:169,0
DA:170,0
DA:173,0
DA:174,0
DA:177,0
DA:179,0
DA:182,0
DA:186,1
LF:54
LH:3
BRDA:24,0,0,0
BRDA:24,0,1,0
BRDA:25,1,0,0
BRDA:25,1,1,0
BRDA:26,2,0,0
BRDA:26,2,1,0
BRDA:27,3,0,0
BRDA:27,3,1,0
BRDA:28,4,0,0
BRDA:28,4,1,0
BRDA:50,5,0,0
BRDA:50,5,1,0
BRDA:66,6,0,0
BRDA:66,6,1,0
BRDA:73,7,0,0
BRDA:73,7,1,0
BRDA:73,8,0,0
BRDA:73,8,1,0
BRDA:121,9,0,0
BRDA:121,9,1,0
BRDA:129,10,0,0
BRDA:129,10,1,0
BRDA:129,11,0,0
BRDA:129,11,1,0
BRDA:165,12,0,0
BRDA:165,12,1,0
BRDA:173,13,0,0
BRDA:173,13,1,0
BRDA:173,14,0,0
BRDA:173,14,1,0
BRF:30
BRH:0
end_of_record
TN:
SF:src\controllers\RecipeController1.js
FN:17,getAllRecipes
FN:35,(anonymous_1)
FN:49,getRandomRecipe
FN:64,getRecipeById
FN:87,createRecipe
FN:113,updateRecipe
FN:150,deleteRecipe
FNF:7
FNH:0
FNDA:0,getAllRecipes
FNDA:0,(anonymous_1)
FNDA:0,getRandomRecipe
FNDA:0,getRecipeById
FNDA:0,createRecipe
FNDA:0,updateRecipe
FNDA:0,deleteRecipe
DA:12,0
DA:18,0
DA:19,0
DA:21,0
DA:34,0
DA:35,0
DA:38,0
DA:39,0
DA:41,0
DA:50,0
DA:51,0
DA:52,0
DA:53,0
DA:55,0
DA:57,0
DA:65,0
DA:66,0
DA:67,0
DA:68,0
DA:72,0
DA:73,0
DA:74,0
DA:78,0
DA:80,0
DA:88,0
DA:89,0
DA:91,0
DA:104,0
DA:106,0
DA:114,0
DA:115,0
DA:117,0
DA:118,0
DA:122,0
DA:123,0
DA:125,0
DA:126,0
DA:130,0
DA:132,0
DA:142,0
DA:144,0
DA:151,0
DA:152,0
DA:154,0
DA:155,0
DA:158,0
DA:159,0
DA:161,0
DA:162,0
DA:165,0
DA:166,0
DA:169,0
DA:173,0
LF:53
LH:0
BRDA:24,0,0,0
BRDA:24,0,1,0
BRDA:26,1,0,0
BRDA:26,1,1,0
BRDA:27,2,0,0
BRDA:27,2,1,0
BRDA:28,3,0,0
BRDA:28,3,1,0
BRDA:29,4,0,0
BRDA:29,4,1,0
BRDA:52,5,0,0
BRDA:52,5,1,0
BRDA:67,6,0,0
BRDA:67,6,1,0
BRDA:73,7,0,0
BRDA:73,7,1,0
BRDA:73,8,0,0
BRDA:73,8,1,0
BRDA:117,9,0,0
BRDA:117,9,1,0
BRDA:125,10,0,0
BRDA:125,10,1,0
BRDA:125,11,0,0
BRDA:125,11,1,0
BRDA:154,12,0,0
BRDA:154,12,1,0
BRDA:161,13,0,0
BRDA:161,13,1,0
BRDA:161,14,0,0
BRDA:161,14,1,0
BRF:30
BRH:0
end_of_record
TN:
SF:src\middlewares\errorHandler.js
FN:22,errorHandler
FNF:1
FNH:0
FNDA:0,errorHandler
DA:16,1
DA:17,1
DA:25,0
DA:28,0
DA:37,0
DA:42,0
DA:45,0
DA:46,0
DA:49,0
DA:52,1
LF:10
LH:3
BRDA:25,0,0,0
BRDA:25,0,1,0
BRDA:25,0,2,0
BRDA:37,1,0,0
BRDA:37,1,1,0
BRDA:45,2,0,0
BRDA:45,2,1,0
BRDA:45,3,0,0
BRDA:45,3,1,0
BRF:9
BRH:0
end_of_record
TN:
SF:src\middlewares\errorHandler1.js
FN:15,errorHandler
FNF:1
FNH:0
FNDA:0,errorHandler
DA:12,0
DA:17,0
DA:20,0
DA:27,0
DA:38,0
DA:39,0
DA:42,0
DA:45,0
LF:8
LH:0
BRDA:17,0,0,0
BRDA:17,0,1,0
BRDA:17,0,2,0
BRDA:30,1,0,0
BRDA:30,1,1,0
BRDA:33,2,0,0
BRDA:33,2,1,0
BRDA:38,3,0,0
BRDA:38,3,1,0
BRDA:38,4,0,0
BRDA:38,4,1,0
BRF:11
BRH:0
end_of_record
TN:
SF:src\middlewares\jwtAuth.js
FN:15,(anonymous_0)
FN:52,(anonymous_1)
FNF:2
FNH:0
FNDA:0,(anonymous_0)
FNDA:0,(anonymous_1)
DA:9,1
DA:15,1
DA:16,0
DA:18,0
DA:19,0
DA:29,0
DA:31,0
DA:33,0
DA:36,0
DA:37,0
DA:40,0
DA:52,1
DA:53,0
DA:54,0
DA:62,0
DA:65,1
LF:16
LH:4
BRDA:18,0,0,0
BRDA:18,0,1,0
BRDA:18,1,0,0
BRDA:18,1,1,0
BRDA:53,2,0,0
BRDA:53,2,1,0
BRF:6
BRH:0
end_of_record
TN:
SF:src\middlewares\logger.js
FN:21,(anonymous_0)
FN:66,httpLogger
FN:71,(anonymous_2)
FNF:3
FNH:3
FNDA:30,(anonymous_0)
FNDA:15,httpLogger
FNDA:15,(anonymous_2)
DA:14,1
DA:15,1
DA:18,1
DA:23,30
DA:24,30
DA:28,1
DA:53,1
DA:54,1
DA:67,15
DA:71,15
DA:72,15
DA:73,15
DA:80,15
DA:83,1
LF:14
LH:14
BRDA:23,0,0,30
BRDA:23,0,1,0
BRDA:24,1,0,30
BRDA:24,1,1,30
BRDA:30,2,0,0
BRDA:30,2,1,1
BRDA:53,3,0,1
BRDA:53,3,1,0
BRF:8
BRH:5
end_of_record
TN:
SF:src\middlewares\security.js
FN:38,(anonymous_0)
FN:60,(anonymous_1)
FNF:2
FNH:2
FNDA:15,(anonymous_0)
FNDA:30,(anonymous_1)
DA:13,1
DA:14,1
DA:15,1
DA:24,1
DA:33,1
DA:37,1
DA:40,15
DA:41,15
DA:43,0
DA:50,1
DA:60,30
DA:62,1
DA:82,1
DA:100,1
LF:14
LH:13
BRDA:33,0,0,1
BRDA:33,0,1,0
BRDA:40,1,0,15
BRDA:40,1,1,0
BRDA:40,2,0,15
BRDA:40,2,1,0
BRDA:62,3,0,1
BRDA:62,3,1,0
BRDA:82,4,0,1
BRDA:82,4,1,0
BRF:10
BRH:5
end_of_record
TN:
SF:src\models\Category.js
FN:15,(anonymous_0)
FN:27,(anonymous_1)
FN:42,(anonymous_2)
FN:61,(anonymous_3)
FN:82,(anonymous_4)
FNF:5
FNH:0
FNDA:0,(anonymous_0)
FNDA:0,(anonymous_1)
FNDA:0,(anonymous_2)
FNDA:0,(anonymous_3)
FNDA:0,(anonymous_4)
DA:10,0
DA:16,0
DA:19,0
DA:28,0
DA:34,0
DA:43,0
DA:50,0
DA:55,0
DA:62,0
DA:69,0
DA:75,0
DA:83,0
DA:88,0
DA:93,0
LF:14
LH:0
BRDA:34,0,0,0
BRDA:34,0,1,0
BRF:2
BRH:0
end_of_record
TN:
SF:src\models\Rating.js
FN:33,(anonymous_0)
FN:45,(anonymous_1)
FN:61,(anonymous_2)
FNF:3
FNH:0
FNDA:0,(anonymous_0)
FNDA:0,(anonymous_1)
FNDA:0,(anonymous_2)
DA:19,1
DA:34,0
DA:41,0
DA:46,0
DA:52,0
DA:63,0
DA:64,0
DA:66,0
DA:68,0
DA:76,0
DA:84,0
DA:93,0
DA:104,0
DA:108,0
DA:109,0
DA:110,0
DA:111,0
DA:112,0
DA:115,0
DA:119,0
DA:127,1
LF:21
LH:2
BRDA:41,0,0,0
BRDA:41,0,1,0
BRDA:68,1,0,0
BRDA:68,1,1,0
BRDA:109,2,0,0
BRDA:109,2,1,0
BRDA:111,3,0,0
BRDA:111,3,1,0
BRF:8
BRH:0
end_of_record
TN:
SF:src\models\Recipe.js
FN:20,(anonymous_0)
FN:40,(anonymous_1)
FN:76,(anonymous_2)
FN:149,(anonymous_3)
FN:181,(anonymous_4)
FN:205,(anonymous_5)
FN:235,(anonymous_6)
FN:249,(anonymous_7)
FN:269,(anonymous_8)
FNF:9
FNH:0
FNDA:0,(anonymous_0)
FNDA:0,(anonymous_1)
FNDA:0,(anonymous_2)
FNDA:0,(anonymous_3)
FNDA:0,(anonymous_4)
FNDA:0,(anonymous_5)
FNDA:0,(anonymous_6)
FNDA:0,(anonymous_7)
FNDA:0,(anonymous_8)
DA:11,1
DA:21,0
DA:22,0
DA:41,0
DA:69,0
DA:77,0
DA:78,0
DA:82,0
DA:83,0
DA:84,0
DA:89,0
DA:90,0
DA:91,0
DA:94,0
DA:95,0
DA:96,0
DA:100,0
DA:101,0
DA:102,0
DA:106,0
DA:107,0
DA:108,0
DA:114,0
DA:116,0
DA:142,0
DA:150,0
DA:172,0
DA:182,0
DA:199,0
DA:206,0
DA:230,0
DA:236,0
DA:243,0
DA:250,0
DA:264,0
DA:270,0
DA:277,0
DA:281,1
LF:38
LH:2
BRDA:21,0,0,0
BRDA:21,0,1,0
BRDA:24,1,0,0
BRDA:24,1,1,0
BRDA:27,2,0,0
BRDA:27,2,1,0
BRDA:69,3,0,0
BRDA:69,3,1,0
BRDA:76,4,0,0
BRDA:82,5,0,0
BRDA:82,5,1,0
BRDA:89,6,0,0
BRDA:89,6,1,0
BRDA:94,7,0,0
BRDA:94,7,1,0
BRDA:100,8,0,0
BRDA:100,8,1,0
BRDA:106,9,0,0
BRDA:106,9,1,0
BRDA:172,10,0,0
BRDA:172,10,1,0
BRF:21
BRH:0
end_of_record
TN:
SF:src\models\User.js
FN:18,(anonymous_0)
FN:32,(anonymous_1)
FN:44,(anonymous_2)
FN:57,(anonymous_3)
FN:70,(anonymous_4)
FN:81,(anonymous_5)
FN:92,(anonymous_6)
FN:106,(anonymous_7)
FN:115,(anonymous_8)
FNF:9
FNH:4
FNDA:3,(anonymous_0)
FNDA:8,(anonymous_1)
FNDA:7,(anonymous_2)
FNDA:7,(anonymous_3)
FNDA:0,(anonymous_4)
FNDA:0,(anonymous_5)
FNDA:0,(anonymous_6)
FNDA:0,(anonymous_7)
FNDA:0,(anonymous_8)
DA:11,1
DA:19,3
DA:25,3
DA:33,8
DA:39,8
DA:45,7
DA:51,7
DA:58,7
DA:65,7
DA:71,0
DA:77,0
DA:82,0
DA:88,0
DA:93,0
DA:102,0
DA:107,0
DA:111,0
DA:116,0
DA:120,0
DA:121,0
DA:125,1
LF:21
LH:10
BRDA:25,0,0,3
BRDA:25,0,1,1
BRDA:39,1,0,8
BRDA:39,1,1,7
BRDA:51,2,0,7
BRDA:51,2,1,0
BRDA:57,3,0,7
BRDA:115,4,0,0
BRDA:115,5,0,0
BRDA:116,6,0,0
BRDA:116,6,1,0
BRF:11
BRH:6
end_of_record
TN:
SF:src\models\comment.js
FN:22,(anonymous_0)
FN:53,(anonymous_1)
FN:81,(anonymous_2)
FNF:3
FNH:0
FNDA:0,(anonymous_0)
FNDA:0,(anonymous_1)
FNDA:0,(anonymous_2)
DA:13,1
DA:23,0
DA:42,0
DA:54,0
DA:62,0
DA:76,0
DA:82,0
DA:89,0
DA:94,1
LF:9
LH:2
BRDA:53,0,0,0
BRDA:53,1,0,0
BRF:2
BRH:0
end_of_record
TN:
SF:src\routes\authRoutes.js
FNF:0
FNH:0
DA:8,1
DA:9,1
DA:10,1
DA:11,1
DA:13,1
DA:17,1
DA:36,1
DA:42,1
DA:43,1
DA:44,1
DA:46,1
LF:11
LH:11
BRF:0
BRH:0
end_of_record
TN:
SF:src\routes\commentRoutes.js
FN:22,attachUser
FN:47,(anonymous_1)
FN:55,validate
FNF:3
FNH:0
FNDA:0,attachUser
FNDA:0,(anonymous_1)
FNDA:0,validate
DA:9,1
DA:10,1
DA:11,1
DA:13,1
DA:14,1
DA:20,1
DA:23,0
DA:24,0
DA:25,0
DA:26,0
DA:27,0
DA:30,0
DA:33,0
DA:40,1
DA:47,0
DA:56,0
DA:57,0
DA:58,0
DA:60,0
DA:64,1
DA:65,1
DA:66,1
DA:68,1
LF:23
LH:11
BRDA:24,0,0,0
BRDA:24,0,1,0
BRDA:24,1,0,0
BRDA:24,1,1,0
BRDA:57,2,0,0
BRDA:57,2,1,0
BRF:6
BRH:0
end_of_record
TN:
SF:src\routes\ratingRoutes.js
FN:20,validate
FNF:1
FNH:0
FNDA:0,validate
DA:7,1
DA:8,1
DA:9,1
DA:11,1
DA:12,1
DA:14,1
DA:21,0
DA:22,0
DA:23,0
DA:25,0
DA:28,1
DA:30,1
LF:12
LH:8
BRDA:22,0,0,0
BRDA:22,0,1,0
BRF:2
BRH:0
end_of_record
TN:
SF:src\routes\recipeRoutes.js
FN:19,validate
FNF:1
FNH:0
FNDA:0,validate
DA:9,1
DA:10,1
DA:11,1
DA:12,1
DA:14,1
DA:20,0
DA:21,0
DA:22,0
DA:24,0
DA:28,1
DA:68,1
DA:69,1
DA:71,1
DA:74,1
DA:82,1
DA:90,1
DA:97,1
LF:17
LH:13
BRDA:21,0,0,0
BRDA:21,0,1,0
BRF:2
BRH:0
end_of_record
TN:
SF:src\utils\apiResponse.js
FN:13,(anonymous_0)
FN:24,(anonymous_1)
FN:40,(anonymous_2)
FNF:3
FNH:3
FNDA:8,(anonymous_0)
FNDA:7,(anonymous_1)
FNDA:7,(anonymous_2)
DA:13,1
DA:14,8
DA:24,1
DA:25,7
DA:34,7
DA:40,1
DA:41,7
DA:49,7
DA:50,0
DA:53,7
DA:56,1
LF:11
LH:10
BRDA:13,0,0,0
BRDA:13,1,0,1
BRDA:34,2,0,7
BRDA:34,2,1,0
BRDA:40,3,0,0
BRDA:40,4,0,7
BRDA:49,5,0,0
BRDA:49,5,1,7
BRF:8
BRH:4
end_of_record
